<?xml version="1.0" encoding="UTF-8"?>
<coverage generated="1619029010011" clover="3.2.0">
  <project timestamp="1619029010011" name="All files">
    <metrics statements="681" coveredstatements="278" conditionals="264" coveredconditionals="68" methods="156" coveredmethods="53" elements="1101" coveredelements="399" complexity="0" loc="681" ncloc="681" packages="17" files="46" classes="46"/>
    <package name="Catwalk">
      <metrics statements="1" coveredstatements="1" conditionals="0" coveredconditionals="0" methods="0" coveredmethods="0"/>
      <file name="enzyme.setup.js" path="/home/jessb/hackreactor/FEC/Catwalk/enzyme.setup.js">
        <metrics statements="1" coveredstatements="1" conditionals="0" coveredconditionals="0" methods="0" coveredmethods="0"/>
        <line num="7" count="10" type="stmt"/>
      </file>
    </package>
    <package name="Catwalk.client.src.components">
      <metrics statements="4" coveredstatements="4" conditionals="0" coveredconditionals="0" methods="2" coveredmethods="1"/>
      <file name="App.jsx" path="/home/jessb/hackreactor/FEC/Catwalk/client/src/components/App.jsx">
        <metrics statements="4" coveredstatements="4" conditionals="0" coveredconditionals="0" methods="2" coveredmethods="1"/>
        <line num="13" count="1" type="stmt"/>
        <line num="20" count="1" type="stmt"/>
        <line num="22" count="1" type="stmt"/>
        <line num="27" count="1" type="stmt"/>
      </file>
    </package>
    <package name="Catwalk.client.src.components.Header">
      <metrics statements="7" coveredstatements="1" conditionals="0" coveredconditionals="0" methods="3" coveredmethods="0"/>
      <file name="index.jsx" path="/home/jessb/hackreactor/FEC/Catwalk/client/src/components/Header/index.jsx">
        <metrics statements="7" coveredstatements="1" conditionals="0" coveredconditionals="0" methods="3" coveredmethods="0"/>
        <line num="4" count="1" type="stmt"/>
        <line num="6" count="0" type="stmt"/>
        <line num="10" count="0" type="stmt"/>
        <line num="14" count="0" type="stmt"/>
        <line num="15" count="0" type="stmt"/>
        <line num="16" count="0" type="stmt"/>
        <line num="18" count="0" type="stmt"/>
      </file>
    </package>
    <package name="Catwalk.client.src.components.ImageGallery">
      <metrics statements="5" coveredstatements="1" conditionals="2" coveredconditionals="0" methods="2" coveredmethods="0"/>
      <file name="index.jsx" path="/home/jessb/hackreactor/FEC/Catwalk/client/src/components/ImageGallery/index.jsx">
        <metrics statements="5" coveredstatements="1" conditionals="2" coveredconditionals="0" methods="2" coveredmethods="0"/>
        <line num="4" count="1" type="stmt"/>
        <line num="6" count="0" type="stmt"/>
        <line num="33" count="0" type="stmt"/>
        <line num="35" count="0" type="stmt"/>
        <line num="42" count="0" type="cond" truecount="0" falsecount="2"/>
      </file>
    </package>
    <package name="Catwalk.client.src.components.OverView">
      <metrics statements="2" coveredstatements="1" conditionals="0" coveredconditionals="0" methods="1" coveredmethods="0"/>
      <file name="index.jsx" path="/home/jessb/hackreactor/FEC/Catwalk/client/src/components/OverView/index.jsx">
        <metrics statements="2" coveredstatements="1" conditionals="0" coveredconditionals="0" methods="1" coveredmethods="0"/>
        <line num="8" count="1" type="stmt"/>
        <line num="9" count="0" type="stmt"/>
      </file>
    </package>
    <package name="Catwalk.client.src.components.ProductForm">
      <metrics statements="7" coveredstatements="1" conditionals="0" coveredconditionals="0" methods="3" coveredmethods="0"/>
      <file name="index.jsx" path="/home/jessb/hackreactor/FEC/Catwalk/client/src/components/ProductForm/index.jsx">
        <metrics statements="7" coveredstatements="1" conditionals="0" coveredconditionals="0" methods="3" coveredmethods="0"/>
        <line num="7" count="1" type="stmt"/>
        <line num="8" count="0" type="stmt"/>
        <line num="9" count="0" type="stmt"/>
        <line num="13" count="0" type="stmt"/>
        <line num="14" count="0" type="stmt"/>
        <line num="16" count="0" type="stmt"/>
        <line num="26" count="0" type="stmt"/>
      </file>
    </package>
    <package name="Catwalk.client.src.components.QA">
      <metrics statements="194" coveredstatements="8" conditionals="114" coveredconditionals="0" methods="40" coveredmethods="0"/>
      <file name="Answer.jsx" path="/home/jessb/hackreactor/FEC/Catwalk/client/src/components/QA/Answer.jsx">
        <metrics statements="7" coveredstatements="1" conditionals="4" coveredconditionals="0" methods="4" coveredmethods="0"/>
        <line num="4" count="1" type="stmt"/>
        <line num="5" count="0" type="stmt"/>
        <line num="6" count="0" type="stmt"/>
        <line num="8" count="0" type="stmt"/>
        <line num="28" count="0" type="stmt"/>
        <line num="41" count="0" type="stmt"/>
        <line num="50" count="0" type="stmt"/>
      </file>
      <file name="AnswerList.jsx" path="/home/jessb/hackreactor/FEC/Catwalk/client/src/components/QA/AnswerList.jsx">
        <metrics statements="25" coveredstatements="1" conditionals="10" coveredconditionals="0" methods="7" coveredmethods="0"/>
        <line num="9" count="1" type="stmt"/>
        <line num="10" count="0" type="stmt"/>
        <line num="11" count="0" type="stmt"/>
        <line num="13" count="0" type="stmt"/>
        <line num="14" count="0" type="stmt"/>
        <line num="16" count="0" type="stmt"/>
        <line num="17" count="0" type="stmt"/>
        <line num="18" count="0" type="stmt"/>
        <line num="21" count="0" type="stmt"/>
        <line num="23" count="0" type="stmt"/>
        <line num="24" count="0" type="stmt"/>
        <line num="26" count="0" type="stmt"/>
        <line num="28" count="0" type="cond" truecount="0" falsecount="2"/>
        <line num="29" count="0" type="stmt"/>
        <line num="31" count="0" type="stmt"/>
        <line num="34" count="0" type="stmt"/>
        <line num="35" count="0" type="cond" truecount="0" falsecount="2"/>
        <line num="36" count="0" type="stmt"/>
        <line num="40" count="0" type="stmt"/>
        <line num="41" count="0" type="cond" truecount="0" falsecount="2"/>
        <line num="42" count="0" type="stmt"/>
        <line num="46" count="0" type="stmt"/>
        <line num="50" count="0" type="stmt"/>
        <line num="55" count="0" type="stmt"/>
        <line num="56" count="0" type="stmt"/>
      </file>
      <file name="AnswerModal.jsx" path="/home/jessb/hackreactor/FEC/Catwalk/client/src/components/QA/AnswerModal.jsx">
        <metrics statements="62" coveredstatements="1" conditionals="45" coveredconditionals="0" methods="8" coveredmethods="0"/>
        <line num="11" count="1" type="stmt"/>
        <line num="12" count="0" type="stmt"/>
        <line num="14" count="0" type="stmt"/>
        <line num="15" count="0" type="stmt"/>
        <line num="16" count="0" type="stmt"/>
        <line num="17" count="0" type="stmt"/>
        <line num="18" count="0" type="stmt"/>
        <line num="20" count="0" type="stmt"/>
        <line num="21" count="0" type="stmt"/>
        <line num="22" count="0" type="stmt"/>
        <line num="24" count="0" type="stmt"/>
        <line num="25" count="0" type="stmt"/>
        <line num="26" count="0" type="cond" truecount="0" falsecount="4"/>
        <line num="27" count="0" type="stmt"/>
        <line num="28" count="0" type="stmt"/>
        <line num="29" count="0" type="cond" truecount="0" falsecount="2"/>
        <line num="30" count="0" type="stmt"/>
        <line num="34" count="0" type="stmt"/>
        <line num="35" count="0" type="stmt"/>
        <line num="36" count="0" type="stmt"/>
        <line num="37" count="0" type="stmt"/>
        <line num="38" count="0" type="stmt"/>
        <line num="39" count="0" type="stmt"/>
        <line num="43" count="0" type="stmt"/>
        <line num="44" count="0" type="cond" truecount="0" falsecount="2"/>
        <line num="45" count="0" type="stmt"/>
        <line num="46" count="0" type="cond" truecount="0" falsecount="4"/>
        <line num="47" count="0" type="stmt"/>
        <line num="48" count="0" type="stmt"/>
        <line num="52" count="0" type="stmt"/>
        <line num="56" count="0" type="stmt"/>
        <line num="57" count="0" type="cond" truecount="0" falsecount="5"/>
        <line num="58" count="0" type="stmt"/>
        <line num="59" count="0" type="stmt"/>
        <line num="60" count="0" type="stmt"/>
        <line num="62" count="0" type="stmt"/>
        <line num="63" count="0" type="stmt"/>
        <line num="67" count="0" type="stmt"/>
        <line num="68" count="0" type="cond" truecount="0" falsecount="2"/>
        <line num="69" count="0" type="stmt"/>
        <line num="70" count="0" type="stmt"/>
        <line num="71" count="0" type="cond" truecount="0" falsecount="2"/>
        <line num="72" count="0" type="stmt"/>
        <line num="73" count="0" type="stmt"/>
        <line num="76" count="0" type="cond" truecount="0" falsecount="2"/>
        <line num="77" count="0" type="stmt"/>
        <line num="78" count="0" type="stmt"/>
        <line num="79" count="0" type="cond" truecount="0" falsecount="2"/>
        <line num="80" count="0" type="stmt"/>
        <line num="81" count="0" type="stmt"/>
        <line num="84" count="0" type="cond" truecount="0" falsecount="4"/>
        <line num="85" count="0" type="stmt"/>
        <line num="86" count="0" type="stmt"/>
        <line num="87" count="0" type="cond" truecount="0" falsecount="4"/>
        <line num="88" count="0" type="stmt"/>
        <line num="89" count="0" type="stmt"/>
        <line num="92" count="0" type="stmt"/>
        <line num="99" count="0" type="stmt"/>
        <line num="102" count="0" type="stmt"/>
        <line num="152" count="0" type="stmt"/>
        <line num="165" count="0" type="stmt"/>
        <line num="177" count="0" type="stmt"/>
      </file>
      <file name="QAEntry.jsx" path="/home/jessb/hackreactor/FEC/Catwalk/client/src/components/QA/QAEntry.jsx">
        <metrics statements="8" coveredstatements="1" conditionals="4" coveredconditionals="0" methods="4" coveredmethods="0"/>
        <line num="6" count="1" type="stmt"/>
        <line num="7" count="0" type="stmt"/>
        <line num="8" count="0" type="stmt"/>
        <line num="9" count="0" type="stmt"/>
        <line num="12" count="0" type="stmt"/>
        <line num="25" count="0" type="stmt"/>
        <line num="38" count="0" type="stmt"/>
        <line num="43" count="0" type="stmt"/>
      </file>
      <file name="QAList.jsx" path="/home/jessb/hackreactor/FEC/Catwalk/client/src/components/QA/QAList.jsx">
        <metrics statements="10" coveredstatements="1" conditionals="4" coveredconditionals="0" methods="4" coveredmethods="0"/>
        <line num="8" count="1" type="stmt"/>
        <line num="9" count="0" type="stmt"/>
        <line num="11" count="0" type="stmt"/>
        <line num="12" count="0" type="cond" truecount="0" falsecount="2"/>
        <line num="13" count="0" type="stmt"/>
        <line num="17" count="0" type="stmt"/>
        <line num="18" count="0" type="cond" truecount="0" falsecount="2"/>
        <line num="19" count="0" type="stmt"/>
        <line num="23" count="0" type="stmt"/>
        <line num="26" count="0" type="stmt"/>
      </file>
      <file name="QuestionModal.jsx" path="/home/jessb/hackreactor/FEC/Catwalk/client/src/components/QA/QuestionModal.jsx">
        <metrics statements="39" coveredstatements="1" conditionals="29" coveredconditionals="0" methods="4" coveredmethods="0"/>
        <line num="8" count="1" type="stmt"/>
        <line num="9" count="0" type="stmt"/>
        <line num="11" count="0" type="stmt"/>
        <line num="12" count="0" type="stmt"/>
        <line num="13" count="0" type="stmt"/>
        <line num="14" count="0" type="stmt"/>
        <line num="16" count="0" type="stmt"/>
        <line num="17" count="0" type="stmt"/>
        <line num="18" count="0" type="stmt"/>
        <line num="20" count="0" type="stmt"/>
        <line num="21" count="0" type="cond" truecount="0" falsecount="5"/>
        <line num="22" count="0" type="stmt"/>
        <line num="23" count="0" type="stmt"/>
        <line num="24" count="0" type="stmt"/>
        <line num="26" count="0" type="stmt"/>
        <line num="27" count="0" type="stmt"/>
        <line num="31" count="0" type="stmt"/>
        <line num="32" count="0" type="cond" truecount="0" falsecount="2"/>
        <line num="33" count="0" type="stmt"/>
        <line num="34" count="0" type="stmt"/>
        <line num="35" count="0" type="cond" truecount="0" falsecount="2"/>
        <line num="36" count="0" type="stmt"/>
        <line num="37" count="0" type="stmt"/>
        <line num="40" count="0" type="cond" truecount="0" falsecount="2"/>
        <line num="41" count="0" type="stmt"/>
        <line num="42" count="0" type="stmt"/>
        <line num="43" count="0" type="cond" truecount="0" falsecount="2"/>
        <line num="44" count="0" type="stmt"/>
        <line num="45" count="0" type="stmt"/>
        <line num="48" count="0" type="cond" truecount="0" falsecount="4"/>
        <line num="49" count="0" type="stmt"/>
        <line num="50" count="0" type="stmt"/>
        <line num="51" count="0" type="cond" truecount="0" falsecount="4"/>
        <line num="52" count="0" type="stmt"/>
        <line num="53" count="0" type="stmt"/>
        <line num="56" count="0" type="stmt"/>
        <line num="63" count="0" type="stmt"/>
        <line num="66" count="0" type="stmt"/>
        <line num="118" count="0" type="stmt"/>
      </file>
      <file name="index.jsx" path="/home/jessb/hackreactor/FEC/Catwalk/client/src/components/QA/index.jsx">
        <metrics statements="42" coveredstatements="1" conditionals="18" coveredconditionals="0" methods="9" coveredmethods="0"/>
        <line num="13" count="1" type="stmt"/>
        <line num="14" count="0" type="stmt"/>
        <line num="15" count="0" type="stmt"/>
        <line num="16" count="0" type="stmt"/>
        <line num="19" count="0" type="stmt"/>
        <line num="20" count="0" type="stmt"/>
        <line num="21" count="0" type="stmt"/>
        <line num="22" count="0" type="stmt"/>
        <line num="25" count="0" type="stmt"/>
        <line num="26" count="0" type="stmt"/>
        <line num="27" count="0" type="stmt"/>
        <line num="30" count="0" type="stmt"/>
        <line num="31" count="0" type="stmt"/>
        <line num="33" count="0" type="stmt"/>
        <line num="34" count="0" type="cond" truecount="0" falsecount="2"/>
        <line num="35" count="0" type="stmt"/>
        <line num="36" count="0" type="stmt"/>
        <line num="37" count="0" type="stmt"/>
        <line num="38" count="0" type="cond" truecount="0" falsecount="2"/>
        <line num="39" count="0" type="stmt"/>
        <line num="42" count="0" type="stmt"/>
        <line num="43" count="0" type="cond" truecount="0" falsecount="2"/>
        <line num="44" count="0" type="stmt"/>
        <line num="46" count="0" type="stmt"/>
        <line num="49" count="0" type="stmt"/>
        <line num="50" count="0" type="stmt"/>
        <line num="54" count="0" type="stmt"/>
        <line num="56" count="0" type="cond" truecount="0" falsecount="2"/>
        <line num="57" count="0" type="stmt"/>
        <line num="58" count="0" type="stmt"/>
        <line num="59" count="0" type="cond" truecount="0" falsecount="2"/>
        <line num="60" count="0" type="stmt"/>
        <line num="62" count="0" type="stmt"/>
        <line num="65" count="0" type="cond" truecount="0" falsecount="2"/>
        <line num="66" count="0" type="stmt"/>
        <line num="68" count="0" type="stmt"/>
        <line num="73" count="0" type="stmt"/>
        <line num="79" count="0" type="stmt"/>
        <line num="89" count="0" type="stmt"/>
        <line num="90" count="0" type="stmt"/>
        <line num="92" count="0" type="stmt"/>
        <line num="97" count="0" type="stmt"/>
      </file>
      <file name="qaSampleData.js" path="/home/jessb/hackreactor/FEC/Catwalk/client/src/components/QA/qaSampleData.js">
        <metrics statements="1" coveredstatements="1" conditionals="0" coveredconditionals="0" methods="0" coveredmethods="0"/>
        <line num="1" count="1" type="stmt"/>
      </file>
    </package>
    <package name="Catwalk.client.src.components.RatingsAndReviews">
      <metrics statements="6" coveredstatements="6" conditionals="5" coveredconditionals="4" methods="2" coveredmethods="2"/>
      <file name="RatingsAndReviews.jsx" path="/home/jessb/hackreactor/FEC/Catwalk/client/src/components/RatingsAndReviews/RatingsAndReviews.jsx">
        <metrics statements="6" coveredstatements="6" conditionals="5" coveredconditionals="4" methods="2" coveredmethods="2"/>
        <line num="9" count="2" type="stmt"/>
        <line num="12" count="9" type="stmt"/>
        <line num="13" count="9" type="stmt"/>
        <line num="15" count="9" type="stmt"/>
        <line num="16" count="4" type="stmt"/>
        <line num="19" count="9" type="stmt"/>
      </file>
    </package>
    <package name="Catwalk.client.src.components.RatingsAndReviews.createReview">
      <metrics statements="31" coveredstatements="17" conditionals="30" coveredconditionals="17" methods="10" coveredmethods="6"/>
      <file name="CreateReview.jsx" path="/home/jessb/hackreactor/FEC/Catwalk/client/src/components/RatingsAndReviews/createReview/CreateReview.jsx">
        <metrics statements="31" coveredstatements="17" conditionals="30" coveredconditionals="17" methods="10" coveredmethods="6"/>
        <line num="8" count="3" type="stmt"/>
        <line num="16" count="13" type="stmt"/>
        <line num="17" count="13" type="stmt"/>
        <line num="18" count="13" type="stmt"/>
        <line num="20" count="13" type="stmt"/>
        <line num="21" count="13" type="stmt"/>
        <line num="23" count="13" type="cond" truecount="2" falsecount="0"/>
        <line num="24" count="13" type="stmt"/>
        <line num="26" count="13" type="stmt"/>
        <line num="27" count="6" type="stmt"/>
        <line num="30" count="13" type="stmt"/>
        <line num="31" count="6" type="stmt"/>
        <line num="37" count="13" type="stmt"/>
        <line num="38" count="0" type="stmt"/>
        <line num="39" count="0" type="stmt"/>
        <line num="40" count="0" type="cond" truecount="0" falsecount="2"/>
        <line num="41" count="0" type="stmt"/>
        <line num="42" count="0" type="stmt"/>
        <line num="43" count="0" type="stmt"/>
        <line num="44" count="0" type="stmt"/>
        <line num="45" count="0" type="stmt"/>
        <line num="46" count="0" type="stmt"/>
        <line num="48" count="0" type="stmt"/>
        <line num="60" count="0" type="stmt"/>
        <line num="61" count="0" type="stmt"/>
        <line num="66" count="13" type="stmt"/>
        <line num="158" count="65" type="stmt"/>
        <line num="161" count="0" type="stmt"/>
        <line num="194" count="117" type="stmt"/>
        <line num="195" count="39" type="stmt"/>
        <line num="282" count="0" type="stmt"/>
      </file>
    </package>
    <package name="Catwalk.client.src.components.RatingsAndReviews.ratings">
      <metrics statements="24" coveredstatements="24" conditionals="2" coveredconditionals="2" methods="10" coveredmethods="10"/>
      <file name="RatingSummary.jsx" path="/home/jessb/hackreactor/FEC/Catwalk/client/src/components/RatingsAndReviews/ratings/RatingSummary.jsx">
        <metrics statements="7" coveredstatements="7" conditionals="0" coveredconditionals="0" methods="2" coveredmethods="2"/>
        <line num="6" count="4" type="stmt"/>
        <line num="7" count="11" type="stmt"/>
        <line num="8" count="11" type="stmt"/>
        <line num="9" count="11" type="stmt"/>
        <line num="10" count="11" type="stmt"/>
        <line num="12" count="11" type="stmt"/>
        <line num="17" count="55" type="stmt"/>
      </file>
      <file name="Ratings.jsx" path="/home/jessb/hackreactor/FEC/Catwalk/client/src/components/RatingsAndReviews/ratings/Ratings.jsx">
        <metrics statements="5" coveredstatements="5" conditionals="0" coveredconditionals="0" methods="2" coveredmethods="2"/>
        <line num="10" count="3" type="stmt"/>
        <line num="11" count="11" type="stmt"/>
        <line num="13" count="11" type="stmt"/>
        <line num="14" count="6" type="stmt"/>
        <line num="17" count="11" type="stmt"/>
      </file>
      <file name="RatingsBreakdown.jsx" path="/home/jessb/hackreactor/FEC/Catwalk/client/src/components/RatingsAndReviews/ratings/RatingsBreakdown.jsx">
        <metrics statements="7" coveredstatements="7" conditionals="2" coveredconditionals="2" methods="4" coveredmethods="4"/>
        <line num="6" count="4" type="stmt"/>
        <line num="9" count="16" type="stmt"/>
        <line num="10" count="16" type="stmt"/>
        <line num="12" count="16" type="stmt"/>
        <line num="21" count="1" type="stmt"/>
        <line num="37" count="48" type="stmt"/>
        <line num="38" count="1" type="stmt"/>
      </file>
      <file name="RatingsFactors.jsx" path="/home/jessb/hackreactor/FEC/Catwalk/client/src/components/RatingsAndReviews/ratings/RatingsFactors.jsx">
        <metrics statements="5" coveredstatements="5" conditionals="0" coveredconditionals="0" methods="2" coveredmethods="2"/>
        <line num="6" count="4" type="stmt"/>
        <line num="7" count="11" type="stmt"/>
        <line num="8" count="11" type="stmt"/>
        <line num="10" count="11" type="stmt"/>
        <line num="13" count="33" type="stmt"/>
      </file>
    </package>
    <package name="Catwalk.client.src.components.RatingsAndReviews.reviews">
      <metrics statements="33" coveredstatements="27" conditionals="31" coveredconditionals="22" methods="15" coveredmethods="11"/>
      <file name="ReviewCard.jsx" path="/home/jessb/hackreactor/FEC/Catwalk/client/src/components/RatingsAndReviews/reviews/ReviewCard.jsx">
        <metrics statements="17" coveredstatements="12" conditionals="21" coveredconditionals="14" methods="7" coveredmethods="4"/>
        <line num="13" count="4" type="stmt"/>
        <line num="14" count="32" type="stmt"/>
        <line num="15" count="32" type="stmt"/>
        <line num="16" count="32" type="stmt"/>
        <line num="18" count="32" type="stmt"/>
        <line num="19" count="21" type="stmt"/>
        <line num="23" count="32" type="cond" truecount="1" falsecount="1"/>
        <line num="24" count="32" type="stmt"/>
        <line num="25" count="32" type="stmt"/>
        <line num="27" count="32" type="stmt"/>
        <line num="31" count="160" type="stmt"/>
        <line num="51" count="1" type="stmt"/>
        <line num="63" count="0" type="stmt"/>
        <line num="90" count="0" type="cond" truecount="0" falsecount="2"/>
        <line num="91" count="0" type="stmt"/>
        <line num="106" count="0" type="cond" truecount="0" falsecount="2"/>
        <line num="107" count="0" type="stmt"/>
      </file>
      <file name="ReviewImages.jsx" path="/home/jessb/hackreactor/FEC/Catwalk/client/src/components/RatingsAndReviews/reviews/ReviewImages.jsx">
        <metrics statements="6" coveredstatements="6" conditionals="4" coveredconditionals="4" methods="3" coveredmethods="3"/>
        <line num="5" count="5" type="stmt"/>
        <line num="8" count="5" type="stmt"/>
        <line num="9" count="5" type="cond" truecount="2" falsecount="0"/>
        <line num="10" count="5" type="stmt"/>
        <line num="27" count="5" type="stmt"/>
        <line num="28" count="1" type="stmt"/>
      </file>
      <file name="Reviews.jsx" path="/home/jessb/hackreactor/FEC/Catwalk/client/src/components/RatingsAndReviews/reviews/Reviews.jsx">
        <metrics statements="10" coveredstatements="9" conditionals="6" coveredconditionals="4" methods="5" coveredmethods="4"/>
        <line num="7" count="3" type="stmt"/>
        <line num="8" count="13" type="stmt"/>
        <line num="11" count="13" type="stmt"/>
        <line num="15" count="13" type="stmt"/>
        <line num="16" count="8" type="stmt"/>
        <line num="19" count="13" type="stmt"/>
        <line num="34" count="0" type="stmt"/>
        <line num="44" count="26" type="cond" truecount="1" falsecount="1"/>
        <line num="45" count="26" type="stmt"/>
        <line num="49" count="26" type="stmt"/>
      </file>
    </package>
    <package name="Catwalk.client.src.components.Related">
      <metrics statements="6" coveredstatements="5" conditionals="0" coveredconditionals="0" methods="1" coveredmethods="0"/>
      <file name="dummyData.js" path="/home/jessb/hackreactor/FEC/Catwalk/client/src/components/Related/dummyData.js">
        <metrics statements="4" coveredstatements="4" conditionals="0" coveredconditionals="0" methods="0" coveredmethods="0"/>
        <line num="2" count="1" type="stmt"/>
        <line num="17" count="1" type="stmt"/>
        <line num="25" count="1" type="stmt"/>
        <line num="145" count="1" type="stmt"/>
      </file>
      <file name="index.jsx" path="/home/jessb/hackreactor/FEC/Catwalk/client/src/components/Related/index.jsx">
        <metrics statements="2" coveredstatements="1" conditionals="0" coveredconditionals="0" methods="1" coveredmethods="0"/>
        <line num="9" count="1" type="stmt"/>
        <line num="10" count="0" type="stmt"/>
      </file>
    </package>
    <package name="Catwalk.client.src.components.Related.RelatedItems">
      <metrics statements="35" coveredstatements="6" conditionals="12" coveredconditionals="0" methods="12" coveredmethods="0"/>
      <file name="CardDescription.jsx" path="/home/jessb/hackreactor/FEC/Catwalk/client/src/components/Related/RelatedItems/CardDescription.jsx">
        <metrics statements="10" coveredstatements="1" conditionals="2" coveredconditionals="0" methods="1" coveredmethods="0"/>
        <line num="4" count="1" type="stmt"/>
        <line num="6" count="0" type="stmt"/>
        <line num="7" count="0" type="stmt"/>
        <line num="8" count="0" type="stmt"/>
        <line num="10" count="0" type="stmt"/>
        <line num="11" count="0" type="cond" truecount="0" falsecount="2"/>
        <line num="12" count="0" type="stmt"/>
        <line num="13" count="0" type="stmt"/>
        <line num="14" count="0" type="stmt"/>
        <line num="18" count="0" type="stmt"/>
      </file>
      <file name="CardPicture.jsx" path="/home/jessb/hackreactor/FEC/Catwalk/client/src/components/Related/RelatedItems/CardPicture.jsx">
        <metrics statements="2" coveredstatements="1" conditionals="0" coveredconditionals="0" methods="1" coveredmethods="0"/>
        <line num="5" count="1" type="stmt"/>
        <line num="6" count="0" type="stmt"/>
      </file>
      <file name="ComparisonModal.jsx" path="/home/jessb/hackreactor/FEC/Catwalk/client/src/components/Related/RelatedItems/ComparisonModal.jsx">
        <metrics statements="3" coveredstatements="1" conditionals="0" coveredconditionals="0" methods="2" coveredmethods="0"/>
        <line num="4" count="1" type="stmt"/>
        <line num="5" count="0" type="stmt"/>
        <line num="6" count="0" type="stmt"/>
      </file>
      <file name="ModalButton.jsx" path="/home/jessb/hackreactor/FEC/Catwalk/client/src/components/Related/RelatedItems/ModalButton.jsx">
        <metrics statements="8" coveredstatements="1" conditionals="4" coveredconditionals="0" methods="3" coveredmethods="0"/>
        <line num="5" count="1" type="stmt"/>
        <line num="6" count="0" type="stmt"/>
        <line num="8" count="0" type="stmt"/>
        <line num="9" count="0" type="stmt"/>
        <line num="12" count="0" type="stmt"/>
        <line num="13" count="0" type="cond" truecount="0" falsecount="2"/>
        <line num="14" count="0" type="stmt"/>
        <line num="18" count="0" type="stmt"/>
      </file>
      <file name="RelatedItemCard.jsx" path="/home/jessb/hackreactor/FEC/Catwalk/client/src/components/Related/RelatedItems/RelatedItemCard.jsx">
        <metrics statements="2" coveredstatements="1" conditionals="0" coveredconditionals="0" methods="1" coveredmethods="0"/>
        <line num="6" count="1" type="stmt"/>
        <line num="8" count="0" type="stmt"/>
      </file>
      <file name="RelatedItemsCarousel.jsx" path="/home/jessb/hackreactor/FEC/Catwalk/client/src/components/Related/RelatedItems/RelatedItemsCarousel.jsx">
        <metrics statements="10" coveredstatements="1" conditionals="6" coveredconditionals="0" methods="4" coveredmethods="0"/>
        <line num="5" count="1" type="stmt"/>
        <line num="7" count="0" type="stmt"/>
        <line num="8" count="0" type="stmt"/>
        <line num="9" count="0" type="stmt"/>
        <line num="12" count="0" type="stmt"/>
        <line num="13" count="0" type="stmt"/>
        <line num="17" count="0" type="stmt"/>
        <line num="18" count="0" type="cond" truecount="0" falsecount="2"/>
        <line num="21" count="0" type="stmt"/>
        <line num="25" count="0" type="stmt"/>
      </file>
    </package>
    <package name="Catwalk.client.src.components.Related.YourOutfit">
      <metrics statements="26" coveredstatements="5" conditionals="8" coveredconditionals="0" methods="8" coveredmethods="0"/>
      <file name="AddCard.jsx" path="/home/jessb/hackreactor/FEC/Catwalk/client/src/components/Related/YourOutfit/AddCard.jsx">
        <metrics statements="2" coveredstatements="1" conditionals="0" coveredconditionals="0" methods="1" coveredmethods="0"/>
        <line num="4" count="1" type="stmt"/>
        <line num="5" count="0" type="stmt"/>
      </file>
      <file name="CardDescription.jsx" path="/home/jessb/hackreactor/FEC/Catwalk/client/src/components/Related/YourOutfit/CardDescription.jsx">
        <metrics statements="10" coveredstatements="1" conditionals="2" coveredconditionals="0" methods="1" coveredmethods="0"/>
        <line num="4" count="1" type="stmt"/>
        <line num="5" count="0" type="stmt"/>
        <line num="6" count="0" type="stmt"/>
        <line num="7" count="0" type="stmt"/>
        <line num="9" count="0" type="stmt"/>
        <line num="10" count="0" type="cond" truecount="0" falsecount="2"/>
        <line num="11" count="0" type="stmt"/>
        <line num="12" count="0" type="stmt"/>
        <line num="13" count="0" type="stmt"/>
        <line num="17" count="0" type="stmt"/>
      </file>
      <file name="CardImage.jsx" path="/home/jessb/hackreactor/FEC/Catwalk/client/src/components/Related/YourOutfit/CardImage.jsx">
        <metrics statements="2" coveredstatements="1" conditionals="0" coveredconditionals="0" methods="1" coveredmethods="0"/>
        <line num="4" count="1" type="stmt"/>
        <line num="5" count="0" type="stmt"/>
      </file>
      <file name="OutfitCard.jsx" path="/home/jessb/hackreactor/FEC/Catwalk/client/src/components/Related/YourOutfit/OutfitCard.jsx">
        <metrics statements="2" coveredstatements="1" conditionals="0" coveredconditionals="0" methods="1" coveredmethods="0"/>
        <line num="6" count="1" type="stmt"/>
        <line num="7" count="0" type="stmt"/>
      </file>
      <file name="YourOutfitCarousel.jsx" path="/home/jessb/hackreactor/FEC/Catwalk/client/src/components/Related/YourOutfit/YourOutfitCarousel.jsx">
        <metrics statements="10" coveredstatements="1" conditionals="6" coveredconditionals="0" methods="4" coveredmethods="0"/>
        <line num="6" count="1" type="stmt"/>
        <line num="8" count="0" type="stmt"/>
        <line num="9" count="0" type="stmt"/>
        <line num="10" count="0" type="stmt"/>
        <line num="13" count="0" type="stmt"/>
        <line num="14" count="0" type="stmt"/>
        <line num="17" count="0" type="stmt"/>
        <line num="18" count="0" type="cond" truecount="0" falsecount="2"/>
        <line num="21" count="0" type="stmt"/>
        <line num="26" count="0" type="stmt"/>
      </file>
    </package>
    <package name="Catwalk.client.src.config">
      <metrics statements="2" coveredstatements="2" conditionals="0" coveredconditionals="0" methods="0" coveredmethods="0"/>
      <file name="config.js" path="/home/jessb/hackreactor/FEC/Catwalk/client/src/config/config.js">
        <metrics statements="2" coveredstatements="2" conditionals="0" coveredconditionals="0" methods="0" coveredmethods="0"/>
        <line num="1" count="10" type="stmt"/>
        <line num="2" count="10" type="stmt"/>
      </file>
    </package>
    <package name="Catwalk.client.src.helpers">
      <metrics statements="88" coveredstatements="76" conditionals="34" coveredconditionals="22" methods="10" coveredmethods="10"/>
      <file name="ratingsHelpers.js" path="/home/jessb/hackreactor/FEC/Catwalk/client/src/helpers/ratingsHelpers.js">
        <metrics statements="72" coveredstatements="61" conditionals="30" coveredconditionals="19" methods="8" coveredmethods="8"/>
        <line num="5" count="10" type="stmt"/>
        <line num="7" count="77" type="stmt"/>
        <line num="8" count="77" type="stmt"/>
        <line num="9" count="77" type="stmt"/>
        <line num="12" count="77" type="cond" truecount="2" falsecount="0"/>
        <line num="13" count="66" type="stmt"/>
        <line num="16" count="77" type="cond" truecount="4" falsecount="0"/>
        <line num="17" count="11" type="stmt"/>
        <line num="20" count="77" type="cond" truecount="2" falsecount="2"/>
        <line num="21" count="0" type="stmt"/>
        <line num="24" count="77" type="cond" truecount="2" falsecount="2"/>
        <line num="25" count="0" type="stmt"/>
        <line num="28" count="77" type="cond" truecount="1" falsecount="1"/>
        <line num="29" count="0" type="stmt"/>
        <line num="32" count="77" type="stmt"/>
        <line num="33" count="77" type="stmt"/>
        <line num="34" count="187" type="stmt"/>
        <line num="36" count="77" type="cond" truecount="2" falsecount="0"/>
        <line num="37" count="51" type="stmt"/>
        <line num="40" count="77" type="cond" truecount="2" falsecount="0"/>
        <line num="41" count="45" type="stmt"/>
        <line num="42" count="45" type="stmt"/>
        <line num="43" count="147" type="stmt"/>
        <line num="47" count="77" type="stmt"/>
        <line num="50" count="10" type="stmt"/>
        <line num="51" count="11" type="stmt"/>
        <line num="52" count="11" type="stmt"/>
        <line num="53" count="11" type="stmt"/>
        <line num="54" count="33" type="stmt"/>
        <line num="55" count="33" type="stmt"/>
        <line num="57" count="33" type="stmt"/>
        <line num="58" count="11" type="stmt"/>
        <line num="59" count="11" type="stmt"/>
        <line num="62" count="10" type="cond" truecount="0" falsecount="1"/>
        <line num="63" count="11" type="cond" truecount="1" falsecount="1"/>
        <line num="64" count="11" type="stmt"/>
        <line num="65" count="11" type="stmt"/>
        <line num="66" count="11" type="stmt"/>
        <line num="68" count="0" type="stmt"/>
        <line num="71" count="10" type="stmt"/>
        <line num="72" count="16" type="stmt"/>
        <line num="73" count="16" type="stmt"/>
        <line num="74" count="16" type="stmt"/>
        <line num="75" count="48" type="stmt"/>
        <line num="76" count="48" type="stmt"/>
        <line num="78" count="48" type="stmt"/>
        <line num="79" count="16" type="stmt"/>
        <line num="80" count="16" type="stmt"/>
        <line num="81" count="48" type="stmt"/>
        <line num="83" count="16" type="stmt"/>
        <line num="86" count="10" type="stmt"/>
        <line num="88" count="111" type="cond" truecount="3" falsecount="4"/>
        <line num="90" count="0" type="stmt"/>
        <line num="97" count="0" type="stmt"/>
        <line num="99" count="0" type="stmt"/>
        <line num="106" count="0" type="stmt"/>
        <line num="108" count="0" type="stmt"/>
        <line num="115" count="0" type="stmt"/>
        <line num="117" count="37" type="stmt"/>
        <line num="124" count="37" type="stmt"/>
        <line num="126" count="37" type="stmt"/>
        <line num="133" count="37" type="stmt"/>
        <line num="135" count="37" type="stmt"/>
        <line num="142" count="37" type="stmt"/>
        <line num="144" count="0" type="stmt"/>
        <line num="146" count="111" type="stmt"/>
        <line num="149" count="10" type="stmt"/>
        <line num="150" count="37" type="stmt"/>
        <line num="151" count="37" type="stmt"/>
        <line num="152" count="111" type="stmt"/>
        <line num="153" count="111" type="stmt"/>
        <line num="160" count="37" type="stmt"/>
      </file>
      <file name="reviewCardHelpers.js" path="/home/jessb/hackreactor/FEC/Catwalk/client/src/helpers/reviewCardHelpers.js">
        <metrics statements="11" coveredstatements="10" conditionals="4" coveredconditionals="3" methods="2" coveredmethods="2"/>
        <line num="5" count="4" type="stmt"/>
        <line num="7" count="32" type="cond" truecount="1" falsecount="1"/>
        <line num="8" count="0" type="stmt"/>
        <line num="10" count="32" type="stmt"/>
        <line num="12" count="32" type="stmt"/>
        <line num="15" count="4" type="stmt"/>
        <line num="18" count="32" type="cond" truecount="2" falsecount="0"/>
        <line num="19" count="6" type="stmt"/>
        <line num="20" count="6" type="stmt"/>
        <line num="22" count="26" type="stmt"/>
        <line num="24" count="32" type="stmt"/>
      </file>
      <file name="starRatings.js" path="/home/jessb/hackreactor/FEC/Catwalk/client/src/helpers/starRatings.js">
        <metrics statements="5" coveredstatements="5" conditionals="0" coveredconditionals="0" methods="0" coveredmethods="0"/>
        <line num="4" count="10" type="stmt"/>
        <line num="10" count="10" type="stmt"/>
        <line num="15" count="10" type="stmt"/>
        <line num="20" count="10" type="stmt"/>
        <line num="25" count="10" type="stmt"/>
      </file>
    </package>
    <package name="Catwalk.client.src.state.contexts">
      <metrics statements="210" coveredstatements="93" conditionals="26" coveredconditionals="1" methods="37" coveredmethods="13"/>
      <file name="APIContext.js" path="/home/jessb/hackreactor/FEC/Catwalk/client/src/state/contexts/APIContext.js">
        <metrics statements="91" coveredstatements="32" conditionals="0" coveredconditionals="0" methods="16" coveredmethods="5"/>
        <line num="9" count="10" type="stmt"/>
        <line num="11" count="10" type="stmt"/>
        <line num="14" count="34" type="stmt"/>
        <line num="15" count="34" type="stmt"/>
        <line num="16" count="34" type="stmt"/>
        <line num="17" count="34" type="stmt"/>
        <line num="19" count="34" type="stmt"/>
        <line num="20" count="34" type="stmt"/>
        <line num="29" count="34" type="stmt"/>
        <line num="30" count="21" type="stmt"/>
        <line num="31" count="21" type="stmt"/>
        <line num="35" count="0" type="stmt"/>
        <line num="39" count="34" type="stmt"/>
        <line num="40" count="6" type="stmt"/>
        <line num="41" count="6" type="stmt"/>
        <line num="44" count="0" type="stmt"/>
        <line num="46" count="0" type="stmt"/>
        <line num="54" count="34" type="stmt"/>
        <line num="55" count="0" type="stmt"/>
        <line num="56" count="0" type="stmt"/>
        <line num="59" count="0" type="stmt"/>
        <line num="61" count="0" type="stmt"/>
        <line num="65" count="34" type="stmt"/>
        <line num="66" count="0" type="stmt"/>
        <line num="67" count="0" type="stmt"/>
        <line num="70" count="0" type="stmt"/>
        <line num="72" count="0" type="stmt"/>
        <line num="76" count="34" type="stmt"/>
        <line num="77" count="0" type="stmt"/>
        <line num="78" count="0" type="stmt"/>
        <line num="81" count="0" type="stmt"/>
        <line num="83" count="0" type="stmt"/>
        <line num="87" count="34" type="stmt"/>
        <line num="88" count="0" type="stmt"/>
        <line num="89" count="0" type="stmt"/>
        <line num="92" count="0" type="stmt"/>
        <line num="94" count="0" type="stmt"/>
        <line num="98" count="34" type="stmt"/>
        <line num="99" count="0" type="stmt"/>
        <line num="100" count="0" type="stmt"/>
        <line num="103" count="0" type="stmt"/>
        <line num="105" count="0" type="stmt"/>
        <line num="109" count="34" type="stmt"/>
        <line num="110" count="0" type="stmt"/>
        <line num="111" count="0" type="stmt"/>
        <line num="114" count="0" type="stmt"/>
        <line num="116" count="0" type="stmt"/>
        <line num="120" count="34" type="stmt"/>
        <line num="121" count="0" type="stmt"/>
        <line num="122" count="0" type="stmt"/>
        <line num="123" count="0" type="stmt"/>
        <line num="126" count="0" type="stmt"/>
        <line num="127" count="0" type="stmt"/>
        <line num="129" count="0" type="stmt"/>
        <line num="133" count="34" type="stmt"/>
        <line num="134" count="0" type="stmt"/>
        <line num="135" count="0" type="stmt"/>
        <line num="136" count="0" type="stmt"/>
        <line num="137" count="0" type="stmt"/>
        <line num="140" count="0" type="stmt"/>
        <line num="141" count="0" type="stmt"/>
        <line num="143" count="0" type="stmt"/>
        <line num="154" count="34" type="stmt"/>
        <line num="155" count="12" type="stmt"/>
        <line num="156" count="12" type="stmt"/>
        <line num="159" count="0" type="stmt"/>
        <line num="161" count="0" type="stmt"/>
        <line num="165" count="34" type="stmt"/>
        <line num="166" count="0" type="stmt"/>
        <line num="167" count="0" type="stmt"/>
        <line num="170" count="0" type="stmt"/>
        <line num="171" count="0" type="stmt"/>
        <line num="173" count="0" type="stmt"/>
        <line num="176" count="34" type="stmt"/>
        <line num="177" count="0" type="stmt"/>
        <line num="178" count="0" type="stmt"/>
        <line num="181" count="0" type="stmt"/>
        <line num="182" count="0" type="stmt"/>
        <line num="184" count="0" type="stmt"/>
        <line num="188" count="34" type="stmt"/>
        <line num="189" count="6" type="stmt"/>
        <line num="190" count="6" type="stmt"/>
        <line num="193" count="0" type="stmt"/>
        <line num="195" count="0" type="stmt"/>
        <line num="199" count="34" type="stmt"/>
        <line num="200" count="0" type="stmt"/>
        <line num="201" count="0" type="stmt"/>
        <line num="202" count="0" type="stmt"/>
        <line num="205" count="0" type="stmt"/>
        <line num="207" count="0" type="stmt"/>
        <line num="211" count="34" type="stmt"/>
      </file>
      <file name="AnswersContext.js" path="/home/jessb/hackreactor/FEC/Catwalk/client/src/state/contexts/AnswersContext.js">
        <metrics statements="5" coveredstatements="5" conditionals="0" coveredconditionals="0" methods="1" coveredmethods="1"/>
        <line num="3" count="10" type="stmt"/>
        <line num="5" count="10" type="stmt"/>
        <line num="6" count="25" type="stmt"/>
        <line num="7" count="25" type="stmt"/>
        <line num="9" count="25" type="stmt"/>
      </file>
      <file name="ProductContext.js" path="/home/jessb/hackreactor/FEC/Catwalk/client/src/state/contexts/ProductContext.js">
        <metrics statements="8" coveredstatements="7" conditionals="0" coveredconditionals="0" methods="2" coveredmethods="1"/>
        <line num="3" count="10" type="stmt"/>
        <line num="5" count="10" type="stmt"/>
        <line num="6" count="25" type="stmt"/>
        <line num="9" count="25" type="stmt"/>
        <line num="11" count="25" type="stmt"/>
        <line num="13" count="25" type="stmt"/>
        <line num="14" count="0" type="stmt"/>
        <line num="17" count="25" type="stmt"/>
      </file>
      <file name="QuestionsContext.js" path="/home/jessb/hackreactor/FEC/Catwalk/client/src/state/contexts/QuestionsContext.js">
        <metrics statements="5" coveredstatements="5" conditionals="0" coveredconditionals="0" methods="1" coveredmethods="1"/>
        <line num="3" count="10" type="stmt"/>
        <line num="5" count="10" type="stmt"/>
        <line num="6" count="25" type="stmt"/>
        <line num="7" count="25" type="stmt"/>
        <line num="9" count="25" type="stmt"/>
      </file>
      <file name="ReviewsContext.js" path="/home/jessb/hackreactor/FEC/Catwalk/client/src/state/contexts/ReviewsContext.js">
        <metrics statements="99" coveredstatements="42" conditionals="26" coveredconditionals="1" methods="16" coveredmethods="4"/>
        <line num="5" count="10" type="stmt"/>
        <line num="44" count="10" type="stmt"/>
        <line num="73" count="10" type="stmt"/>
        <line num="75" count="10" type="stmt"/>
        <line num="77" count="34" type="stmt"/>
        <line num="78" count="34" type="stmt"/>
        <line num="79" count="34" type="stmt"/>
        <line num="80" count="34" type="stmt"/>
        <line num="81" count="34" type="stmt"/>
        <line num="82" count="34" type="stmt"/>
        <line num="83" count="34" type="stmt"/>
        <line num="84" count="34" type="stmt"/>
        <line num="85" count="34" type="stmt"/>
        <line num="87" count="34" type="stmt"/>
        <line num="88" count="34" type="stmt"/>
        <line num="95" count="34" type="stmt"/>
        <line num="96" count="34" type="stmt"/>
        <line num="97" count="34" type="stmt"/>
        <line num="98" count="34" type="stmt"/>
        <line num="99" count="34" type="stmt"/>
        <line num="110" count="34" type="stmt"/>
        <line num="118" count="34" type="stmt"/>
        <line num="119" count="1" type="stmt"/>
        <line num="120" count="1" type="stmt"/>
        <line num="122" count="34" type="stmt"/>
        <line num="123" count="0" type="stmt"/>
        <line num="124" count="0" type="stmt"/>
        <line num="128" count="34" type="stmt"/>
        <line num="129" count="0" type="stmt"/>
        <line num="132" count="34" type="stmt"/>
        <line num="133" count="1" type="cond" truecount="1" falsecount="1"/>
        <line num="134" count="0" type="cond" truecount="0" falsecount="2"/>
        <line num="135" count="0" type="stmt"/>
        <line num="136" count="0" type="cond" truecount="0" falsecount="2"/>
        <line num="137" count="0" type="stmt"/>
        <line num="139" count="0" type="stmt"/>
        <line num="141" count="0" type="stmt"/>
        <line num="147" count="1" type="stmt"/>
        <line num="148" count="1" type="stmt"/>
        <line num="154" count="34" type="stmt"/>
        <line num="155" count="0" type="stmt"/>
        <line num="156" count="0" type="stmt"/>
        <line num="160" count="34" type="stmt"/>
        <line num="161" count="1" type="stmt"/>
        <line num="164" count="34" type="stmt"/>
        <line num="165" count="0" type="stmt"/>
        <line num="168" count="34" type="stmt"/>
        <line num="169" count="0" type="stmt"/>
        <line num="170" count="0" type="stmt"/>
        <line num="171" count="0" type="stmt"/>
        <line num="172" count="0" type="stmt"/>
        <line num="173" count="0" type="stmt"/>
        <line num="174" count="0" type="stmt"/>
        <line num="178" count="0" type="stmt"/>
        <line num="179" count="0" type="cond" truecount="0" falsecount="2"/>
        <line num="180" count="0" type="cond" truecount="0" falsecount="2"/>
        <line num="181" count="0" type="stmt"/>
        <line num="191" count="0" type="stmt"/>
        <line num="195" count="34" type="stmt"/>
        <line num="196" count="0" type="stmt"/>
        <line num="201" count="0" type="stmt"/>
        <line num="207" count="34" type="stmt"/>
        <line num="208" count="0" type="stmt"/>
        <line num="213" count="0" type="stmt"/>
        <line num="217" count="0" type="cond" truecount="0" falsecount="2"/>
        <line num="218" count="0" type="stmt"/>
        <line num="222" count="34" type="stmt"/>
        <line num="223" count="0" type="stmt"/>
        <line num="232" count="34" type="stmt"/>
        <line num="233" count="0" type="stmt"/>
        <line num="234" count="0" type="stmt"/>
        <line num="235" count="0" type="stmt"/>
        <line num="241" count="34" type="stmt"/>
        <line num="242" count="0" type="stmt"/>
        <line num="243" count="0" type="cond" truecount="0" falsecount="2"/>
        <line num="244" count="0" type="stmt"/>
        <line num="245" count="0" type="stmt"/>
        <line num="247" count="0" type="stmt"/>
        <line num="248" count="0" type="stmt"/>
        <line num="250" count="0" type="stmt"/>
        <line num="256" count="34" type="stmt"/>
        <line num="257" count="0" type="stmt"/>
        <line num="258" count="0" type="stmt"/>
        <line num="264" count="0" type="cond" truecount="0" falsecount="2"/>
        <line num="265" count="0" type="stmt"/>
        <line num="266" count="0" type="stmt"/>
        <line num="268" count="0" type="cond" truecount="0" falsecount="2"/>
        <line num="269" count="0" type="stmt"/>
        <line num="270" count="0" type="stmt"/>
        <line num="272" count="0" type="cond" truecount="0" falsecount="2"/>
        <line num="273" count="0" type="stmt"/>
        <line num="274" count="0" type="stmt"/>
        <line num="276" count="0" type="cond" truecount="0" falsecount="4"/>
        <line num="277" count="0" type="stmt"/>
        <line num="278" count="0" type="stmt"/>
        <line num="280" count="0" type="cond" truecount="0" falsecount="2"/>
        <line num="281" count="0" type="stmt"/>
        <line num="284" count="0" type="stmt"/>
        <line num="287" count="34" type="stmt"/>
      </file>
      <file name="RootContext.js" path="/home/jessb/hackreactor/FEC/Catwalk/client/src/state/contexts/RootContext.js">
        <metrics statements="2" coveredstatements="2" conditionals="0" coveredconditionals="0" methods="1" coveredmethods="1"/>
        <line num="8" count="9" type="stmt"/>
        <line num="9" count="27" type="stmt"/>
      </file>
    </package>
  </project>
</coverage>
