{"/home/daniel/HackReactor/Catwalk/enzyme.setup.js": {"path":"/home/daniel/HackReactor/Catwalk/enzyme.setup.js","statementMap":{"0":{"start":{"line":7,"column":0},"end":{"line":7,"column":38}}},"fnMap":{},"branchMap":{},"s":{"0":12},"f":{},"b":{},"_coverageSchema":"1a1c01bbd47fc00a2c39e90264f33305004495a9","hash":"9ec3619c325445f48f3dc521a01b4b4aaccb5056"}
,"/home/daniel/HackReactor/Catwalk/client/src/components/App.jsx": {"path":"/home/daniel/HackReactor/Catwalk/client/src/components/App.jsx","statementMap":{"0":{"start":{"line":13,"column":12},"end":{"line":38,"column":1}},"1":{"start":{"line":20,"column":6},"end":{"line":20,"column":32}},"2":{"start":{"line":22,"column":2},"end":{"line":25,"column":9}},"3":{"start":{"line":27,"column":2},"end":{"line":37,"column":4}}},"fnMap":{"0":{"name":"(anonymous_0)","decl":{"start":{"line":13,"column":12},"end":{"line":13,"column":13}},"loc":{"start":{"line":13,"column":18},"end":{"line":38,"column":1}},"line":13},"1":{"name":"(anonymous_1)","decl":{"start":{"line":22,"column":12},"end":{"line":22,"column":13}},"loc":{"start":{"line":22,"column":18},"end":{"line":25,"column":3}},"line":22}},"branchMap":{},"s":{"0":1,"1":1,"2":1,"3":1},"f":{"0":1,"1":0},"b":{},"_coverageSchema":"1a1c01bbd47fc00a2c39e90264f33305004495a9","hash":"5f51fa5dc7a3a42966bb8fb8d95d724ba5f8d359"}
,"/home/daniel/HackReactor/Catwalk/client/src/components/Header/index.jsx": {"path":"/home/daniel/HackReactor/Catwalk/client/src/components/Header/index.jsx","statementMap":{"0":{"start":{"line":4,"column":15},"end":{"line":37,"column":1}},"1":{"start":{"line":6,"column":30},"end":{"line":8,"column":4}},"2":{"start":{"line":10,"column":28},"end":{"line":12,"column":3}},"3":{"start":{"line":14,"column":17},"end":{"line":17,"column":3}},"4":{"start":{"line":15,"column":4},"end":{"line":15,"column":22}},"5":{"start":{"line":16,"column":4},"end":{"line":16,"column":25}},"6":{"start":{"line":18,"column":2},"end":{"line":36,"column":3}}},"fnMap":{"0":{"name":"(anonymous_0)","decl":{"start":{"line":4,"column":15},"end":{"line":4,"column":16}},"loc":{"start":{"line":4,"column":21},"end":{"line":37,"column":1}},"line":4},"1":{"name":"(anonymous_1)","decl":{"start":{"line":10,"column":28},"end":{"line":10,"column":29}},"loc":{"start":{"line":10,"column":34},"end":{"line":12,"column":3}},"line":10},"2":{"name":"(anonymous_2)","decl":{"start":{"line":14,"column":17},"end":{"line":14,"column":18}},"loc":{"start":{"line":14,"column":24},"end":{"line":17,"column":3}},"line":14}},"branchMap":{},"s":{"0":1,"1":0,"2":0,"3":0,"4":0,"5":0,"6":0},"f":{"0":0,"1":0,"2":0},"b":{},"_coverageSchema":"1a1c01bbd47fc00a2c39e90264f33305004495a9","hash":"0ef9184a716f1c9123959454e1e72b07e828caca"}
,"/home/daniel/HackReactor/Catwalk/client/src/components/ImageGallery/index.jsx": {"path":"/home/daniel/HackReactor/Catwalk/client/src/components/ImageGallery/index.jsx","statementMap":{"0":{"start":{"line":4,"column":21},"end":{"line":55,"column":1}},"1":{"start":{"line":6,"column":32},"end":{"line":31,"column":4}},"2":{"start":{"line":33,"column":34},"end":{"line":33,"column":53}},"3":{"start":{"line":35,"column":2},"end":{"line":54,"column":3}},"4":{"start":{"line":42,"column":14},"end":{"line":42,"column":110}}},"fnMap":{"0":{"name":"(anonymous_0)","decl":{"start":{"line":4,"column":21},"end":{"line":4,"column":22}},"loc":{"start":{"line":4,"column":27},"end":{"line":55,"column":1}},"line":4},"1":{"name":"(anonymous_1)","decl":{"start":{"line":41,"column":23},"end":{"line":41,"column":24}},"loc":{"start":{"line":41,"column":35},"end":{"line":43,"column":13}},"line":41}},"branchMap":{"0":{"loc":{"start":{"line":42,"column":51},"end":{"line":42,"column":99}},"type":"cond-expr","locations":[{"start":{"line":42,"column":64},"end":{"line":42,"column":77}},{"start":{"line":42,"column":80},"end":{"line":42,"column":99}}],"line":42}},"s":{"0":1,"1":0,"2":0,"3":0,"4":0},"f":{"0":0,"1":0},"b":{"0":[0,0]},"_coverageSchema":"1a1c01bbd47fc00a2c39e90264f33305004495a9","hash":"2a5b7a9d95c32f733abdf2cf4a9af2e3a1a748ee"}
,"/home/daniel/HackReactor/Catwalk/client/src/components/OverView/index.jsx": {"path":"/home/daniel/HackReactor/Catwalk/client/src/components/OverView/index.jsx","statementMap":{"0":{"start":{"line":8,"column":17},"end":{"line":22,"column":1}},"1":{"start":{"line":9,"column":2},"end":{"line":21,"column":3}}},"fnMap":{"0":{"name":"(anonymous_0)","decl":{"start":{"line":8,"column":17},"end":{"line":8,"column":18}},"loc":{"start":{"line":8,"column":23},"end":{"line":22,"column":1}},"line":8}},"branchMap":{},"s":{"0":1,"1":0},"f":{"0":0},"b":{},"_coverageSchema":"1a1c01bbd47fc00a2c39e90264f33305004495a9","hash":"f5f28bc3c8e694d6c6685dc5be5cf8617ff05cf6"}
,"/home/daniel/HackReactor/Catwalk/client/src/components/ProductForm/index.jsx": {"path":"/home/daniel/HackReactor/Catwalk/client/src/components/ProductForm/index.jsx","statementMap":{"0":{"start":{"line":7,"column":20},"end":{"line":51,"column":1}},"1":{"start":{"line":8,"column":2},"end":{"line":8,"column":26}},"2":{"start":{"line":9,"column":32},"end":{"line":11,"column":4}},"3":{"start":{"line":13,"column":17},"end":{"line":15,"column":3}},"4":{"start":{"line":14,"column":4},"end":{"line":14,"column":23}},"5":{"start":{"line":16,"column":2},"end":{"line":50,"column":3}},"6":{"start":{"line":26,"column":14},"end":{"line":28,"column":15}}},"fnMap":{"0":{"name":"(anonymous_0)","decl":{"start":{"line":7,"column":20},"end":{"line":7,"column":21}},"loc":{"start":{"line":7,"column":26},"end":{"line":51,"column":1}},"line":7},"1":{"name":"(anonymous_1)","decl":{"start":{"line":13,"column":17},"end":{"line":13,"column":18}},"loc":{"start":{"line":13,"column":24},"end":{"line":15,"column":3}},"line":13},"2":{"name":"(anonymous_2)","decl":{"start":{"line":25,"column":34},"end":{"line":25,"column":35}},"loc":{"start":{"line":25,"column":48},"end":{"line":29,"column":13}},"line":25}},"branchMap":{},"s":{"0":1,"1":0,"2":0,"3":0,"4":0,"5":0,"6":0},"f":{"0":0,"1":0,"2":0},"b":{},"_coverageSchema":"1a1c01bbd47fc00a2c39e90264f33305004495a9","hash":"a8741f10fc26449ac21e2d6d97b66fdd8194d40d"}
,"/home/daniel/HackReactor/Catwalk/client/src/components/QA/Answer.jsx": {"path":"/home/daniel/HackReactor/Catwalk/client/src/components/QA/Answer.jsx","statementMap":{"0":{"start":{"line":4,"column":15},"end":{"line":59,"column":1}},"1":{"start":{"line":5,"column":32},"end":{"line":5,"column":47}},"2":{"start":{"line":6,"column":34},"end":{"line":6,"column":49}},"3":{"start":{"line":8,"column":2},"end":{"line":58,"column":4}},"4":{"start":{"line":28,"column":27},"end":{"line":28,"column":69}},"5":{"start":{"line":28,"column":70},"end":{"line":28,"column":87}},"6":{"start":{"line":41,"column":27},"end":{"line":41,"column":65}},"7":{"start":{"line":41,"column":66},"end":{"line":41,"column":84}},"8":{"start":{"line":50,"column":10},"end":{"line":54,"column":12}}},"fnMap":{"0":{"name":"(anonymous_0)","decl":{"start":{"line":4,"column":15},"end":{"line":4,"column":16}},"loc":{"start":{"line":4,"column":26},"end":{"line":59,"column":1}},"line":4},"1":{"name":"(anonymous_1)","decl":{"start":{"line":28,"column":19},"end":{"line":28,"column":20}},"loc":{"start":{"line":28,"column":25},"end":{"line":28,"column":89}},"line":28},"2":{"name":"(anonymous_2)","decl":{"start":{"line":41,"column":19},"end":{"line":41,"column":20}},"loc":{"start":{"line":41,"column":25},"end":{"line":41,"column":86}},"line":41},"3":{"name":"(anonymous_3)","decl":{"start":{"line":49,"column":26},"end":{"line":49,"column":27}},"loc":{"start":{"line":50,"column":10},"end":{"line":54,"column":12}},"line":50}},"branchMap":{"0":{"loc":{"start":{"line":30,"column":11},"end":{"line":32,"column":63}},"type":"cond-expr","locations":[{"start":{"line":31,"column":14},"end":{"line":31,"column":70}},{"start":{"line":32,"column":14},"end":{"line":32,"column":63}}],"line":30},"1":{"loc":{"start":{"line":43,"column":11},"end":{"line":45,"column":59}},"type":"cond-expr","locations":[{"start":{"line":44,"column":14},"end":{"line":44,"column":68}},{"start":{"line":45,"column":14},"end":{"line":45,"column":59}}],"line":43}},"s":{"0":3,"1":2,"2":2,"3":2,"4":0,"5":0,"6":0,"7":0,"8":0},"f":{"0":2,"1":0,"2":0,"3":0},"b":{"0":[0,2],"1":[0,2]},"_coverageSchema":"1a1c01bbd47fc00a2c39e90264f33305004495a9","hash":"485ca63f6208c9088f328602fbb0a7844466a4ab"}
,"/home/daniel/HackReactor/Catwalk/client/src/components/QA/AnswerList.jsx": {"path":"/home/daniel/HackReactor/Catwalk/client/src/components/QA/AnswerList.jsx","statementMap":{"0":{"start":{"line":9,"column":17},"end":{"line":63,"column":1}},"1":{"start":{"line":10,"column":72},"end":{"line":10,"column":94}},"2":{"start":{"line":11,"column":34},"end":{"line":11,"column":59}},"3":{"start":{"line":13,"column":31},"end":{"line":13,"column":46}},"4":{"start":{"line":14,"column":45},"end":{"line":14,"column":70}},"5":{"start":{"line":16,"column":19},"end":{"line":16,"column":21}},"6":{"start":{"line":17,"column":2},"end":{"line":19,"column":3}},"7":{"start":{"line":18,"column":4},"end":{"line":18,"column":40}},"8":{"start":{"line":21,"column":2},"end":{"line":21,"column":71}},"9":{"start":{"line":21,"column":34},"end":{"line":21,"column":69}},"10":{"start":{"line":23,"column":23},"end":{"line":23,"column":45}},"11":{"start":{"line":24,"column":19},"end":{"line":24,"column":37}},"12":{"start":{"line":26,"column":23},"end":{"line":26,"column":44}},"13":{"start":{"line":28,"column":2},"end":{"line":32,"column":3}},"14":{"start":{"line":29,"column":4},"end":{"line":29,"column":29}},"15":{"start":{"line":31,"column":4},"end":{"line":31,"column":33}},"16":{"start":{"line":34,"column":31},"end":{"line":38,"column":3}},"17":{"start":{"line":35,"column":4},"end":{"line":37,"column":5}},"18":{"start":{"line":36,"column":6},"end":{"line":36,"column":36}},"19":{"start":{"line":40,"column":26},"end":{"line":44,"column":3}},"20":{"start":{"line":41,"column":4},"end":{"line":43,"column":5}},"21":{"start":{"line":42,"column":6},"end":{"line":42,"column":29}},"22":{"start":{"line":46,"column":2},"end":{"line":60,"column":3}},"23":{"start":{"line":50,"column":10},"end":{"line":50,"column":304}},"24":{"start":{"line":55,"column":65},"end":{"line":55,"column":82}},"25":{"start":{"line":56,"column":65},"end":{"line":56,"column":81}}},"fnMap":{"0":{"name":"(anonymous_0)","decl":{"start":{"line":9,"column":17},"end":{"line":9,"column":18}},"loc":{"start":{"line":9,"column":28},"end":{"line":63,"column":1}},"line":9},"1":{"name":"(anonymous_1)","decl":{"start":{"line":21,"column":18},"end":{"line":21,"column":19}},"loc":{"start":{"line":21,"column":34},"end":{"line":21,"column":69}},"line":21},"2":{"name":"(anonymous_2)","decl":{"start":{"line":34,"column":31},"end":{"line":34,"column":32}},"loc":{"start":{"line":34,"column":59},"end":{"line":38,"column":3}},"line":34},"3":{"name":"(anonymous_3)","decl":{"start":{"line":40,"column":26},"end":{"line":40,"column":27}},"loc":{"start":{"line":40,"column":55},"end":{"line":44,"column":3}},"line":40},"4":{"name":"(anonymous_4)","decl":{"start":{"line":49,"column":25},"end":{"line":49,"column":26}},"loc":{"start":{"line":50,"column":10},"end":{"line":50,"column":304}},"line":50},"5":{"name":"(anonymous_5)","decl":{"start":{"line":55,"column":59},"end":{"line":55,"column":60}},"loc":{"start":{"line":55,"column":65},"end":{"line":55,"column":82}},"line":55},"6":{"name":"(anonymous_6)","decl":{"start":{"line":56,"column":59},"end":{"line":56,"column":60}},"loc":{"start":{"line":56,"column":65},"end":{"line":56,"column":81}},"line":56}},"branchMap":{"0":{"loc":{"start":{"line":28,"column":2},"end":{"line":32,"column":3}},"type":"if","locations":[{"start":{"line":28,"column":2},"end":{"line":32,"column":3}},{"start":{"line":28,"column":2},"end":{"line":32,"column":3}}],"line":28},"1":{"loc":{"start":{"line":35,"column":4},"end":{"line":37,"column":5}},"type":"if","locations":[{"start":{"line":35,"column":4},"end":{"line":37,"column":5}},{"start":{"line":35,"column":4},"end":{"line":37,"column":5}}],"line":35},"2":{"loc":{"start":{"line":41,"column":4},"end":{"line":43,"column":5}},"type":"if","locations":[{"start":{"line":41,"column":4},"end":{"line":43,"column":5}},{"start":{"line":41,"column":4},"end":{"line":43,"column":5}}],"line":41},"3":{"loc":{"start":{"line":53,"column":7},"end":{"line":57,"column":16}},"type":"cond-expr","locations":[{"start":{"line":54,"column":8},"end":{"line":56,"column":109}},{"start":{"line":57,"column":10},"end":{"line":57,"column":16}}],"line":53},"4":{"loc":{"start":{"line":54,"column":8},"end":{"line":56,"column":109}},"type":"cond-expr","locations":[{"start":{"line":55,"column":12},"end":{"line":55,"column":109}},{"start":{"line":56,"column":12},"end":{"line":56,"column":109}}],"line":54}},"s":{"0":3,"1":2,"2":2,"3":2,"4":2,"5":2,"6":2,"7":2,"8":2,"9":0,"10":2,"11":2,"12":2,"13":2,"14":0,"15":2,"16":2,"17":0,"18":0,"19":2,"20":0,"21":0,"22":2,"23":2,"24":0,"25":0},"f":{"0":2,"1":0,"2":0,"3":0,"4":2,"5":0,"6":0},"b":{"0":[0,2],"1":[0,0],"2":[0,0],"3":[0,2],"4":[0,0]},"_coverageSchema":"1a1c01bbd47fc00a2c39e90264f33305004495a9","hash":"bf93bfbe4afaee6c4ad627e0d6ff31c0a4a852af"}
,"/home/daniel/HackReactor/Catwalk/client/src/components/QA/AnswerModal.jsx": {"path":"/home/daniel/HackReactor/Catwalk/client/src/components/QA/AnswerModal.jsx","statementMap":{"0":{"start":{"line":11,"column":20},"end":{"line":183,"column":1}},"1":{"start":{"line":12,"column":49},"end":{"line":12,"column":71}},"2":{"start":{"line":14,"column":42},"end":{"line":14,"column":56}},"3":{"start":{"line":15,"column":42},"end":{"line":15,"column":56}},"4":{"start":{"line":16,"column":36},"end":{"line":16,"column":50}},"5":{"start":{"line":17,"column":40},"end":{"line":17,"column":54}},"6":{"start":{"line":18,"column":30},"end":{"line":18,"column":42}},"7":{"start":{"line":20,"column":23},"end":{"line":20,"column":27}},"8":{"start":{"line":21,"column":23},"end":{"line":21,"column":27}},"9":{"start":{"line":22,"column":20},"end":{"line":22,"column":24}},"10":{"start":{"line":24,"column":17},"end":{"line":32,"column":3}},"11":{"start":{"line":25,"column":24},"end":{"line":25,"column":38}},"12":{"start":{"line":26,"column":4},"end":{"line":31,"column":5}},"13":{"start":{"line":27,"column":6},"end":{"line":27,"column":35}},"14":{"start":{"line":28,"column":6},"end":{"line":28,"column":31}},"15":{"start":{"line":29,"column":11},"end":{"line":31,"column":5}},"16":{"start":{"line":30,"column":6},"end":{"line":30,"column":37}},"17":{"start":{"line":34,"column":20},"end":{"line":54,"column":3}},"18":{"start":{"line":35,"column":21},"end":{"line":35,"column":35}},"19":{"start":{"line":36,"column":4},"end":{"line":36,"column":47}},"20":{"start":{"line":37,"column":4},"end":{"line":37,"column":49}},"21":{"start":{"line":38,"column":4},"end":{"line":53,"column":5}},"22":{"start":{"line":39,"column":18},"end":{"line":42,"column":8}},"23":{"start":{"line":43,"column":19},"end":{"line":43,"column":35}},"24":{"start":{"line":44,"column":6},"end":{"line":50,"column":7}},"25":{"start":{"line":45,"column":8},"end":{"line":45,"column":25}},"26":{"start":{"line":46,"column":8},"end":{"line":49,"column":9}},"27":{"start":{"line":47,"column":10},"end":{"line":47,"column":28}},"28":{"start":{"line":48,"column":10},"end":{"line":48,"column":29}},"29":{"start":{"line":52,"column":6},"end":{"line":52,"column":23}},"30":{"start":{"line":56,"column":15},"end":{"line":66,"column":3}},"31":{"start":{"line":57,"column":4},"end":{"line":65,"column":5}},"32":{"start":{"line":58,"column":6},"end":{"line":58,"column":27}},"33":{"start":{"line":59,"column":6},"end":{"line":59,"column":33}},"34":{"start":{"line":60,"column":6},"end":{"line":60,"column":34}},"35":{"start":{"line":61,"column":6},"end":{"line":61,"column":25}},"36":{"start":{"line":63,"column":6},"end":{"line":63,"column":28}},"37":{"start":{"line":64,"column":6},"end":{"line":64,"column":25}},"38":{"start":{"line":68,"column":18},"end":{"line":101,"column":3}},"39":{"start":{"line":69,"column":4},"end":{"line":75,"column":5}},"40":{"start":{"line":70,"column":6},"end":{"line":70,"column":28}},"41":{"start":{"line":71,"column":6},"end":{"line":71,"column":28}},"42":{"start":{"line":72,"column":11},"end":{"line":75,"column":5}},"43":{"start":{"line":73,"column":6},"end":{"line":73,"column":29}},"44":{"start":{"line":74,"column":6},"end":{"line":74,"column":29}},"45":{"start":{"line":77,"column":4},"end":{"line":83,"column":5}},"46":{"start":{"line":78,"column":6},"end":{"line":78,"column":28}},"47":{"start":{"line":79,"column":6},"end":{"line":79,"column":28}},"48":{"start":{"line":80,"column":11},"end":{"line":83,"column":5}},"49":{"start":{"line":81,"column":6},"end":{"line":81,"column":29}},"50":{"start":{"line":82,"column":6},"end":{"line":82,"column":29}},"51":{"start":{"line":85,"column":4},"end":{"line":91,"column":5}},"52":{"start":{"line":86,"column":6},"end":{"line":86,"column":25}},"53":{"start":{"line":87,"column":6},"end":{"line":87,"column":25}},"54":{"start":{"line":88,"column":11},"end":{"line":91,"column":5}},"55":{"start":{"line":89,"column":6},"end":{"line":89,"column":26}},"56":{"start":{"line":90,"column":6},"end":{"line":90,"column":26}},"57":{"start":{"line":93,"column":21},"end":{"line":98,"column":5}},"58":{"start":{"line":100,"column":4},"end":{"line":100,"column":41}},"59":{"start":{"line":103,"column":2},"end":{"line":182,"column":3}},"60":{"start":{"line":159,"column":67},"end":{"line":159,"column":97}},"61":{"start":{"line":172,"column":16},"end":{"line":172,"column":73}},"62":{"start":{"line":178,"column":68},"end":{"line":178,"column":140}}},"fnMap":{"0":{"name":"(anonymous_0)","decl":{"start":{"line":11,"column":20},"end":{"line":11,"column":21}},"loc":{"start":{"line":11,"column":31},"end":{"line":183,"column":1}},"line":11},"1":{"name":"(anonymous_1)","decl":{"start":{"line":24,"column":17},"end":{"line":24,"column":18}},"loc":{"start":{"line":24,"column":36},"end":{"line":32,"column":3}},"line":24},"2":{"name":"(anonymous_2)","decl":{"start":{"line":34,"column":20},"end":{"line":34,"column":21}},"loc":{"start":{"line":34,"column":33},"end":{"line":54,"column":3}},"line":34},"3":{"name":"(anonymous_3)","decl":{"start":{"line":56,"column":15},"end":{"line":56,"column":16}},"loc":{"start":{"line":56,"column":42},"end":{"line":66,"column":3}},"line":56},"4":{"name":"(anonymous_4)","decl":{"start":{"line":68,"column":18},"end":{"line":68,"column":19}},"loc":{"start":{"line":68,"column":54},"end":{"line":101,"column":3}},"line":68},"5":{"name":"(anonymous_5)","decl":{"start":{"line":159,"column":61},"end":{"line":159,"column":62}},"loc":{"start":{"line":159,"column":67},"end":{"line":159,"column":97}},"line":159},"6":{"name":"(anonymous_6)","decl":{"start":{"line":171,"column":26},"end":{"line":171,"column":27}},"loc":{"start":{"line":172,"column":16},"end":{"line":172,"column":73}},"line":172},"7":{"name":"(anonymous_7)","decl":{"start":{"line":178,"column":61},"end":{"line":178,"column":62}},"loc":{"start":{"line":178,"column":67},"end":{"line":178,"column":141}},"line":178}},"branchMap":{"0":{"loc":{"start":{"line":26,"column":4},"end":{"line":31,"column":5}},"type":"if","locations":[{"start":{"line":26,"column":4},"end":{"line":31,"column":5}},{"start":{"line":26,"column":4},"end":{"line":31,"column":5}}],"line":26},"1":{"loc":{"start":{"line":26,"column":8},"end":{"line":26,"column":44}},"type":"binary-expr","locations":[{"start":{"line":26,"column":8},"end":{"line":26,"column":32}},{"start":{"line":26,"column":36},"end":{"line":26,"column":44}}],"line":26},"2":{"loc":{"start":{"line":29,"column":11},"end":{"line":31,"column":5}},"type":"if","locations":[{"start":{"line":29,"column":11},"end":{"line":31,"column":5}},{"start":{"line":29,"column":11},"end":{"line":31,"column":5}}],"line":29},"3":{"loc":{"start":{"line":44,"column":6},"end":{"line":50,"column":7}},"type":"if","locations":[{"start":{"line":44,"column":6},"end":{"line":50,"column":7}},{"start":{"line":44,"column":6},"end":{"line":50,"column":7}}],"line":44},"4":{"loc":{"start":{"line":46,"column":8},"end":{"line":49,"column":9}},"type":"if","locations":[{"start":{"line":46,"column":8},"end":{"line":49,"column":9}},{"start":{"line":46,"column":8},"end":{"line":49,"column":9}}],"line":46},"5":{"loc":{"start":{"line":46,"column":12},"end":{"line":46,"column":41}},"type":"binary-expr","locations":[{"start":{"line":46,"column":12},"end":{"line":46,"column":29}},{"start":{"line":46,"column":33},"end":{"line":46,"column":41}}],"line":46},"6":{"loc":{"start":{"line":57,"column":4},"end":{"line":65,"column":5}},"type":"if","locations":[{"start":{"line":57,"column":4},"end":{"line":65,"column":5}},{"start":{"line":57,"column":4},"end":{"line":65,"column":5}}],"line":57},"7":{"loc":{"start":{"line":57,"column":8},"end":{"line":57,"column":55}},"type":"binary-expr","locations":[{"start":{"line":57,"column":8},"end":{"line":57,"column":22}},{"start":{"line":57,"column":26},"end":{"line":57,"column":40}},{"start":{"line":57,"column":44},"end":{"line":57,"column":55}}],"line":57},"8":{"loc":{"start":{"line":69,"column":4},"end":{"line":75,"column":5}},"type":"if","locations":[{"start":{"line":69,"column":4},"end":{"line":75,"column":5}},{"start":{"line":69,"column":4},"end":{"line":75,"column":5}}],"line":69},"9":{"loc":{"start":{"line":72,"column":11},"end":{"line":75,"column":5}},"type":"if","locations":[{"start":{"line":72,"column":11},"end":{"line":75,"column":5}},{"start":{"line":72,"column":11},"end":{"line":75,"column":5}}],"line":72},"10":{"loc":{"start":{"line":77,"column":4},"end":{"line":83,"column":5}},"type":"if","locations":[{"start":{"line":77,"column":4},"end":{"line":83,"column":5}},{"start":{"line":77,"column":4},"end":{"line":83,"column":5}}],"line":77},"11":{"loc":{"start":{"line":80,"column":11},"end":{"line":83,"column":5}},"type":"if","locations":[{"start":{"line":80,"column":11},"end":{"line":83,"column":5}},{"start":{"line":80,"column":11},"end":{"line":83,"column":5}}],"line":80},"12":{"loc":{"start":{"line":85,"column":4},"end":{"line":91,"column":5}},"type":"if","locations":[{"start":{"line":85,"column":4},"end":{"line":91,"column":5}},{"start":{"line":85,"column":4},"end":{"line":91,"column":5}}],"line":85},"13":{"loc":{"start":{"line":88,"column":11},"end":{"line":91,"column":5}},"type":"if","locations":[{"start":{"line":88,"column":11},"end":{"line":91,"column":5}},{"start":{"line":88,"column":11},"end":{"line":91,"column":5}}],"line":88},"14":{"loc":{"start":{"line":109,"column":11},"end":{"line":111,"column":82}},"type":"cond-expr","locations":[{"start":{"line":110,"column":14},"end":{"line":110,"column":18}},{"start":{"line":111,"column":14},"end":{"line":111,"column":82}}],"line":109},"15":{"loc":{"start":{"line":115,"column":11},"end":{"line":123,"column":20}},"type":"cond-expr","locations":[{"start":{"line":116,"column":14},"end":{"line":119,"column":20}},{"start":{"line":120,"column":14},"end":{"line":123,"column":20}}],"line":115},"16":{"loc":{"start":{"line":127,"column":11},"end":{"line":137,"column":20}},"type":"cond-expr","locations":[{"start":{"line":128,"column":14},"end":{"line":132,"column":20}},{"start":{"line":133,"column":14},"end":{"line":137,"column":20}}],"line":127},"17":{"loc":{"start":{"line":141,"column":11},"end":{"line":151,"column":20}},"type":"cond-expr","locations":[{"start":{"line":142,"column":14},"end":{"line":146,"column":20}},{"start":{"line":147,"column":14},"end":{"line":151,"column":20}}],"line":141},"18":{"loc":{"start":{"line":158,"column":13},"end":{"line":160,"column":45}},"type":"cond-expr","locations":[{"start":{"line":159,"column":16},"end":{"line":159,"column":117}},{"start":{"line":160,"column":16},"end":{"line":160,"column":45}}],"line":158},"19":{"loc":{"start":{"line":162,"column":13},"end":{"line":168,"column":45}},"type":"cond-expr","locations":[{"start":{"line":163,"column":16},"end":{"line":166,"column":24}},{"start":{"line":168,"column":16},"end":{"line":168,"column":45}}],"line":162}},"s":{"0":3,"1":0,"2":0,"3":0,"4":0,"5":0,"6":0,"7":0,"8":0,"9":0,"10":0,"11":0,"12":0,"13":0,"14":0,"15":0,"16":0,"17":0,"18":0,"19":0,"20":0,"21":0,"22":0,"23":0,"24":0,"25":0,"26":0,"27":0,"28":0,"29":0,"30":0,"31":0,"32":0,"33":0,"34":0,"35":0,"36":0,"37":0,"38":0,"39":0,"40":0,"41":0,"42":0,"43":0,"44":0,"45":0,"46":0,"47":0,"48":0,"49":0,"50":0,"51":0,"52":0,"53":0,"54":0,"55":0,"56":0,"57":0,"58":0,"59":0,"60":0,"61":0,"62":0},"f":{"0":0,"1":0,"2":0,"3":0,"4":0,"5":0,"6":0,"7":0},"b":{"0":[0,0],"1":[0,0],"2":[0,0],"3":[0,0],"4":[0,0],"5":[0,0],"6":[0,0],"7":[0,0,0],"8":[0,0],"9":[0,0],"10":[0,0],"11":[0,0],"12":[0,0],"13":[0,0],"14":[0,0],"15":[0,0],"16":[0,0],"17":[0,0],"18":[0,0],"19":[0,0]},"_coverageSchema":"1a1c01bbd47fc00a2c39e90264f33305004495a9","hash":"11c711a747afe95e37af8b4338332fd0ee693398"}
,"/home/daniel/HackReactor/Catwalk/client/src/components/QA/QAEntry.jsx": {"path":"/home/daniel/HackReactor/Catwalk/client/src/components/QA/QAEntry.jsx","statementMap":{"0":{"start":{"line":6,"column":9},"end":{"line":63,"column":1}},"1":{"start":{"line":7,"column":31},"end":{"line":7,"column":46}},"2":{"start":{"line":8,"column":33},"end":{"line":8,"column":48}},"3":{"start":{"line":9,"column":35},"end":{"line":9,"column":50}},"4":{"start":{"line":11,"column":25},"end":{"line":13,"column":3}},"5":{"start":{"line":12,"column":4},"end":{"line":12,"column":24}},"6":{"start":{"line":15,"column":2},"end":{"line":62,"column":3}},"7":{"start":{"line":28,"column":68},"end":{"line":28,"column":110}},"8":{"start":{"line":28,"column":111},"end":{"line":28,"column":128}},"9":{"start":{"line":41,"column":65},"end":{"line":41,"column":83}},"10":{"start":{"line":46,"column":68},"end":{"line":46,"column":86}}},"fnMap":{"0":{"name":"(anonymous_0)","decl":{"start":{"line":6,"column":9},"end":{"line":6,"column":10}},"loc":{"start":{"line":6,"column":20},"end":{"line":63,"column":1}},"line":6},"1":{"name":"(anonymous_1)","decl":{"start":{"line":11,"column":25},"end":{"line":11,"column":26}},"loc":{"start":{"line":11,"column":36},"end":{"line":13,"column":3}},"line":11},"2":{"name":"(anonymous_2)","decl":{"start":{"line":28,"column":61},"end":{"line":28,"column":62}},"loc":{"start":{"line":28,"column":67},"end":{"line":28,"column":129}},"line":28},"3":{"name":"(anonymous_3)","decl":{"start":{"line":41,"column":58},"end":{"line":41,"column":59}},"loc":{"start":{"line":41,"column":64},"end":{"line":41,"column":84}},"line":41},"4":{"name":"(anonymous_4)","decl":{"start":{"line":46,"column":61},"end":{"line":46,"column":62}},"loc":{"start":{"line":46,"column":67},"end":{"line":46,"column":87}},"line":46}},"branchMap":{"0":{"loc":{"start":{"line":29,"column":13},"end":{"line":31,"column":67}},"type":"cond-expr","locations":[{"start":{"line":30,"column":16},"end":{"line":30,"column":74}},{"start":{"line":31,"column":16},"end":{"line":31,"column":67}}],"line":29},"1":{"loc":{"start":{"line":44,"column":13},"end":{"line":49,"column":18}},"type":"cond-expr","locations":[{"start":{"line":45,"column":14},"end":{"line":48,"column":20}},{"start":{"line":49,"column":14},"end":{"line":49,"column":18}}],"line":44}},"s":{"0":3,"1":2,"2":2,"3":2,"4":2,"5":0,"6":2,"7":0,"8":0,"9":0,"10":0},"f":{"0":2,"1":0,"2":0,"3":0,"4":0},"b":{"0":[0,2],"1":[0,2]},"_coverageSchema":"1a1c01bbd47fc00a2c39e90264f33305004495a9","hash":"8834d8f3eea7fab67b889f8bb63ac1cd27e88331"}
,"/home/daniel/HackReactor/Catwalk/client/src/components/QA/QAList.jsx": {"path":"/home/daniel/HackReactor/Catwalk/client/src/components/QA/QAList.jsx","statementMap":{"0":{"start":{"line":8,"column":13},"end":{"line":30,"column":1}},"1":{"start":{"line":9,"column":76},"end":{"line":9,"column":98}},"2":{"start":{"line":11,"column":33},"end":{"line":15,"column":3}},"3":{"start":{"line":12,"column":4},"end":{"line":14,"column":5}},"4":{"start":{"line":13,"column":6},"end":{"line":13,"column":40}},"5":{"start":{"line":17,"column":28},"end":{"line":21,"column":3}},"6":{"start":{"line":18,"column":4},"end":{"line":20,"column":5}},"7":{"start":{"line":19,"column":6},"end":{"line":19,"column":33}},"8":{"start":{"line":23,"column":2},"end":{"line":29,"column":3}},"9":{"start":{"line":26,"column":6},"end":{"line":26,"column":379}}},"fnMap":{"0":{"name":"(anonymous_0)","decl":{"start":{"line":8,"column":13},"end":{"line":8,"column":14}},"loc":{"start":{"line":8,"column":24},"end":{"line":30,"column":1}},"line":8},"1":{"name":"(anonymous_1)","decl":{"start":{"line":11,"column":33},"end":{"line":11,"column":34}},"loc":{"start":{"line":11,"column":63},"end":{"line":15,"column":3}},"line":11},"2":{"name":"(anonymous_2)","decl":{"start":{"line":17,"column":28},"end":{"line":17,"column":29}},"loc":{"start":{"line":17,"column":59},"end":{"line":21,"column":3}},"line":17},"3":{"name":"(anonymous_3)","decl":{"start":{"line":25,"column":30},"end":{"line":25,"column":31}},"loc":{"start":{"line":26,"column":6},"end":{"line":26,"column":379}},"line":26}},"branchMap":{"0":{"loc":{"start":{"line":12,"column":4},"end":{"line":14,"column":5}},"type":"if","locations":[{"start":{"line":12,"column":4},"end":{"line":14,"column":5}},{"start":{"line":12,"column":4},"end":{"line":14,"column":5}}],"line":12},"1":{"loc":{"start":{"line":18,"column":4},"end":{"line":20,"column":5}},"type":"if","locations":[{"start":{"line":18,"column":4},"end":{"line":20,"column":5}},{"start":{"line":18,"column":4},"end":{"line":20,"column":5}}],"line":18}},"s":{"0":3,"1":13,"2":13,"3":0,"4":0,"5":13,"6":0,"7":0,"8":13,"9":2},"f":{"0":13,"1":0,"2":0,"3":2},"b":{"0":[0,0],"1":[0,0]},"_coverageSchema":"1a1c01bbd47fc00a2c39e90264f33305004495a9","hash":"6af297b7d21fadd9e315784d8e143d3fb4f2b630"}
,"/home/daniel/HackReactor/Catwalk/client/src/components/QA/QAindex.jsx": {"path":"/home/daniel/HackReactor/Catwalk/client/src/components/QA/QAindex.jsx","statementMap":{"0":{"start":{"line":13,"column":18},"end":{"line":109,"column":1}},"1":{"start":{"line":14,"column":54},"end":{"line":14,"column":76}},"2":{"start":{"line":15,"column":24},"end":{"line":15,"column":51}},"3":{"start":{"line":16,"column":50},"end":{"line":16,"column":76}},"4":{"start":{"line":19,"column":31},"end":{"line":19,"column":46}},"5":{"start":{"line":20,"column":35},"end":{"line":20,"column":50}},"6":{"start":{"line":21,"column":43},"end":{"line":21,"column":55}},"7":{"start":{"line":22,"column":35},"end":{"line":22,"column":50}},"8":{"start":{"line":25,"column":2},"end":{"line":28,"column":9}},"9":{"start":{"line":26,"column":4},"end":{"line":26,"column":30}},"10":{"start":{"line":27,"column":4},"end":{"line":27,"column":21}},"11":{"start":{"line":30,"column":21},"end":{"line":30,"column":38}},"12":{"start":{"line":31,"column":2},"end":{"line":31,"column":73}},"13":{"start":{"line":31,"column":36},"end":{"line":31,"column":71}},"14":{"start":{"line":33,"column":27},"end":{"line":35,"column":3}},"15":{"start":{"line":34,"column":4},"end":{"line":34,"column":24}},"16":{"start":{"line":37,"column":19},"end":{"line":56,"column":3}},"17":{"start":{"line":38,"column":4},"end":{"line":55,"column":5}},"18":{"start":{"line":39,"column":30},"end":{"line":39,"column":32}},"19":{"start":{"line":40,"column":6},"end":{"line":45,"column":7}},"20":{"start":{"line":40,"column":19},"end":{"line":40,"column":20}},"21":{"start":{"line":41,"column":30},"end":{"line":41,"column":73}},"22":{"start":{"line":42,"column":8},"end":{"line":44,"column":9}},"23":{"start":{"line":43,"column":10},"end":{"line":43,"column":50}},"24":{"start":{"line":46,"column":6},"end":{"line":46,"column":42}},"25":{"start":{"line":47,"column":6},"end":{"line":51,"column":7}},"26":{"start":{"line":48,"column":8},"end":{"line":48,"column":27}},"27":{"start":{"line":50,"column":8},"end":{"line":50,"column":28}},"28":{"start":{"line":53,"column":6},"end":{"line":53,"column":26}},"29":{"start":{"line":54,"column":6},"end":{"line":54,"column":37}},"30":{"start":{"line":58,"column":25},"end":{"line":58,"column":49}},"31":{"start":{"line":60,"column":2},"end":{"line":74,"column":3}},"32":{"start":{"line":61,"column":32},"end":{"line":61,"column":53}},"33":{"start":{"line":62,"column":37},"end":{"line":62,"column":70}},"34":{"start":{"line":63,"column":4},"end":{"line":67,"column":5}},"35":{"start":{"line":64,"column":6},"end":{"line":64,"column":44}},"36":{"start":{"line":66,"column":6},"end":{"line":66,"column":49}},"37":{"start":{"line":69,"column":4},"end":{"line":73,"column":5}},"38":{"start":{"line":70,"column":6},"end":{"line":70,"column":35}},"39":{"start":{"line":72,"column":6},"end":{"line":72,"column":39}},"40":{"start":{"line":77,"column":2},"end":{"line":108,"column":3}},"41":{"start":{"line":83,"column":141},"end":{"line":83,"column":175}},"42":{"start":{"line":93,"column":81},"end":{"line":93,"column":98}},"43":{"start":{"line":94,"column":80},"end":{"line":94,"column":96}},"44":{"start":{"line":96,"column":75},"end":{"line":96,"column":93}},"45":{"start":{"line":101,"column":66},"end":{"line":101,"column":86}}},"fnMap":{"0":{"name":"(anonymous_0)","decl":{"start":{"line":13,"column":18},"end":{"line":13,"column":19}},"loc":{"start":{"line":13,"column":24},"end":{"line":109,"column":1}},"line":13},"1":{"name":"(anonymous_1)","decl":{"start":{"line":25,"column":12},"end":{"line":25,"column":13}},"loc":{"start":{"line":25,"column":18},"end":{"line":28,"column":3}},"line":25},"2":{"name":"(anonymous_2)","decl":{"start":{"line":31,"column":20},"end":{"line":31,"column":21}},"loc":{"start":{"line":31,"column":36},"end":{"line":31,"column":71}},"line":31},"3":{"name":"(anonymous_3)","decl":{"start":{"line":33,"column":27},"end":{"line":33,"column":28}},"loc":{"start":{"line":33,"column":38},"end":{"line":35,"column":3}},"line":33},"4":{"name":"(anonymous_4)","decl":{"start":{"line":37,"column":19},"end":{"line":37,"column":20}},"loc":{"start":{"line":37,"column":35},"end":{"line":56,"column":3}},"line":37},"5":{"name":"(anonymous_5)","decl":{"start":{"line":83,"column":134},"end":{"line":83,"column":135}},"loc":{"start":{"line":83,"column":140},"end":{"line":83,"column":176}},"line":83},"6":{"name":"(anonymous_6)","decl":{"start":{"line":93,"column":75},"end":{"line":93,"column":76}},"loc":{"start":{"line":93,"column":81},"end":{"line":93,"column":98}},"line":93},"7":{"name":"(anonymous_7)","decl":{"start":{"line":94,"column":74},"end":{"line":94,"column":75}},"loc":{"start":{"line":94,"column":80},"end":{"line":94,"column":96}},"line":94},"8":{"name":"(anonymous_8)","decl":{"start":{"line":96,"column":68},"end":{"line":96,"column":69}},"loc":{"start":{"line":96,"column":74},"end":{"line":96,"column":94}},"line":96},"9":{"name":"(anonymous_9)","decl":{"start":{"line":101,"column":59},"end":{"line":101,"column":60}},"loc":{"start":{"line":101,"column":65},"end":{"line":101,"column":87}},"line":101}},"branchMap":{"0":{"loc":{"start":{"line":38,"column":4},"end":{"line":55,"column":5}},"type":"if","locations":[{"start":{"line":38,"column":4},"end":{"line":55,"column":5}},{"start":{"line":38,"column":4},"end":{"line":55,"column":5}}],"line":38},"1":{"loc":{"start":{"line":42,"column":8},"end":{"line":44,"column":9}},"type":"if","locations":[{"start":{"line":42,"column":8},"end":{"line":44,"column":9}},{"start":{"line":42,"column":8},"end":{"line":44,"column":9}}],"line":42},"2":{"loc":{"start":{"line":47,"column":6},"end":{"line":51,"column":7}},"type":"if","locations":[{"start":{"line":47,"column":6},"end":{"line":51,"column":7}},{"start":{"line":47,"column":6},"end":{"line":51,"column":7}}],"line":47},"3":{"loc":{"start":{"line":60,"column":2},"end":{"line":74,"column":3}},"type":"if","locations":[{"start":{"line":60,"column":2},"end":{"line":74,"column":3}},{"start":{"line":60,"column":2},"end":{"line":74,"column":3}}],"line":60},"4":{"loc":{"start":{"line":63,"column":4},"end":{"line":67,"column":5}},"type":"if","locations":[{"start":{"line":63,"column":4},"end":{"line":67,"column":5}},{"start":{"line":63,"column":4},"end":{"line":67,"column":5}}],"line":63},"5":{"loc":{"start":{"line":69,"column":4},"end":{"line":73,"column":5}},"type":"if","locations":[{"start":{"line":69,"column":4},"end":{"line":73,"column":5}},{"start":{"line":69,"column":4},"end":{"line":73,"column":5}}],"line":69},"6":{"loc":{"start":{"line":86,"column":9},"end":{"line":88,"column":80}},"type":"cond-expr","locations":[{"start":{"line":87,"column":12},"end":{"line":87,"column":64}},{"start":{"line":88,"column":12},"end":{"line":88,"column":80}}],"line":86},"7":{"loc":{"start":{"line":92,"column":9},"end":{"line":94,"column":130}},"type":"cond-expr","locations":[{"start":{"line":93,"column":12},"end":{"line":93,"column":133}},{"start":{"line":94,"column":12},"end":{"line":94,"column":130}}],"line":92},"8":{"loc":{"start":{"line":99,"column":9},"end":{"line":104,"column":16}},"type":"cond-expr","locations":[{"start":{"line":100,"column":12},"end":{"line":103,"column":18}},{"start":{"line":104,"column":12},"end":{"line":104,"column":16}}],"line":99}},"s":{"0":2,"1":11,"2":11,"3":11,"4":11,"5":11,"6":11,"7":11,"8":11,"9":7,"10":7,"11":11,"12":11,"13":0,"14":11,"15":0,"16":11,"17":0,"18":0,"19":0,"20":0,"21":0,"22":0,"23":0,"24":0,"25":0,"26":0,"27":0,"28":0,"29":0,"30":11,"31":11,"32":0,"33":0,"34":0,"35":0,"36":0,"37":11,"38":2,"39":9,"40":11,"41":0,"42":1,"43":2,"44":1,"45":0},"f":{"0":11,"1":7,"2":0,"3":0,"4":0,"5":0,"6":1,"7":2,"8":1,"9":0},"b":{"0":[0,0],"1":[0,0],"2":[0,0],"3":[0,11],"4":[0,0],"5":[2,9],"6":[0,11],"7":[2,9],"8":[1,10]},"_coverageSchema":"1a1c01bbd47fc00a2c39e90264f33305004495a9","hash":"d3deac2616859bf2533be565d6352a6ccbc91a1c"}
,"/home/daniel/HackReactor/Catwalk/client/src/components/QA/QuestionModal.jsx": {"path":"/home/daniel/HackReactor/Catwalk/client/src/components/QA/QuestionModal.jsx","statementMap":{"0":{"start":{"line":8,"column":22},"end":{"line":125,"column":1}},"1":{"start":{"line":9,"column":51},"end":{"line":9,"column":73}},"2":{"start":{"line":11,"column":42},"end":{"line":11,"column":56}},"3":{"start":{"line":12,"column":42},"end":{"line":12,"column":56}},"4":{"start":{"line":13,"column":36},"end":{"line":13,"column":50}},"5":{"start":{"line":14,"column":40},"end":{"line":14,"column":54}},"6":{"start":{"line":16,"column":23},"end":{"line":16,"column":27}},"7":{"start":{"line":17,"column":23},"end":{"line":17,"column":27}},"8":{"start":{"line":18,"column":20},"end":{"line":18,"column":24}},"9":{"start":{"line":20,"column":15},"end":{"line":30,"column":3}},"10":{"start":{"line":21,"column":4},"end":{"line":29,"column":5}},"11":{"start":{"line":22,"column":6},"end":{"line":22,"column":27}},"12":{"start":{"line":23,"column":6},"end":{"line":23,"column":33}},"13":{"start":{"line":24,"column":6},"end":{"line":24,"column":24}},"14":{"start":{"line":25,"column":6},"end":{"line":25,"column":25}},"15":{"start":{"line":27,"column":6},"end":{"line":27,"column":28}},"16":{"start":{"line":28,"column":6},"end":{"line":28,"column":25}},"17":{"start":{"line":32,"column":18},"end":{"line":66,"column":3}},"18":{"start":{"line":34,"column":4},"end":{"line":40,"column":5}},"19":{"start":{"line":35,"column":6},"end":{"line":35,"column":28}},"20":{"start":{"line":36,"column":6},"end":{"line":36,"column":28}},"21":{"start":{"line":37,"column":11},"end":{"line":40,"column":5}},"22":{"start":{"line":38,"column":6},"end":{"line":38,"column":29}},"23":{"start":{"line":39,"column":6},"end":{"line":39,"column":29}},"24":{"start":{"line":42,"column":4},"end":{"line":48,"column":5}},"25":{"start":{"line":43,"column":6},"end":{"line":43,"column":28}},"26":{"start":{"line":44,"column":6},"end":{"line":44,"column":28}},"27":{"start":{"line":45,"column":11},"end":{"line":48,"column":5}},"28":{"start":{"line":46,"column":6},"end":{"line":46,"column":29}},"29":{"start":{"line":47,"column":6},"end":{"line":47,"column":29}},"30":{"start":{"line":50,"column":4},"end":{"line":56,"column":5}},"31":{"start":{"line":51,"column":6},"end":{"line":51,"column":25}},"32":{"start":{"line":52,"column":6},"end":{"line":52,"column":25}},"33":{"start":{"line":53,"column":11},"end":{"line":56,"column":5}},"34":{"start":{"line":54,"column":6},"end":{"line":54,"column":26}},"35":{"start":{"line":55,"column":6},"end":{"line":55,"column":26}},"36":{"start":{"line":58,"column":23},"end":{"line":63,"column":5}},"37":{"start":{"line":65,"column":4},"end":{"line":65,"column":25}},"38":{"start":{"line":68,"column":2},"end":{"line":124,"column":3}},"39":{"start":{"line":120,"column":68},"end":{"line":120,"column":140}}},"fnMap":{"0":{"name":"(anonymous_0)","decl":{"start":{"line":8,"column":22},"end":{"line":8,"column":23}},"loc":{"start":{"line":8,"column":33},"end":{"line":125,"column":1}},"line":8},"1":{"name":"(anonymous_1)","decl":{"start":{"line":20,"column":15},"end":{"line":20,"column":16}},"loc":{"start":{"line":20,"column":30},"end":{"line":30,"column":3}},"line":20},"2":{"name":"(anonymous_2)","decl":{"start":{"line":32,"column":18},"end":{"line":32,"column":19}},"loc":{"start":{"line":32,"column":54},"end":{"line":66,"column":3}},"line":32},"3":{"name":"(anonymous_3)","decl":{"start":{"line":120,"column":61},"end":{"line":120,"column":62}},"loc":{"start":{"line":120,"column":67},"end":{"line":120,"column":141}},"line":120}},"branchMap":{"0":{"loc":{"start":{"line":21,"column":4},"end":{"line":29,"column":5}},"type":"if","locations":[{"start":{"line":21,"column":4},"end":{"line":29,"column":5}},{"start":{"line":21,"column":4},"end":{"line":29,"column":5}}],"line":21},"1":{"loc":{"start":{"line":21,"column":8},"end":{"line":21,"column":55}},"type":"binary-expr","locations":[{"start":{"line":21,"column":8},"end":{"line":21,"column":22}},{"start":{"line":21,"column":26},"end":{"line":21,"column":40}},{"start":{"line":21,"column":44},"end":{"line":21,"column":55}}],"line":21},"2":{"loc":{"start":{"line":34,"column":4},"end":{"line":40,"column":5}},"type":"if","locations":[{"start":{"line":34,"column":4},"end":{"line":40,"column":5}},{"start":{"line":34,"column":4},"end":{"line":40,"column":5}}],"line":34},"3":{"loc":{"start":{"line":37,"column":11},"end":{"line":40,"column":5}},"type":"if","locations":[{"start":{"line":37,"column":11},"end":{"line":40,"column":5}},{"start":{"line":37,"column":11},"end":{"line":40,"column":5}}],"line":37},"4":{"loc":{"start":{"line":42,"column":4},"end":{"line":48,"column":5}},"type":"if","locations":[{"start":{"line":42,"column":4},"end":{"line":48,"column":5}},{"start":{"line":42,"column":4},"end":{"line":48,"column":5}}],"line":42},"5":{"loc":{"start":{"line":45,"column":11},"end":{"line":48,"column":5}},"type":"if","locations":[{"start":{"line":45,"column":11},"end":{"line":48,"column":5}},{"start":{"line":45,"column":11},"end":{"line":48,"column":5}}],"line":45},"6":{"loc":{"start":{"line":50,"column":4},"end":{"line":56,"column":5}},"type":"if","locations":[{"start":{"line":50,"column":4},"end":{"line":56,"column":5}},{"start":{"line":50,"column":4},"end":{"line":56,"column":5}}],"line":50},"7":{"loc":{"start":{"line":53,"column":11},"end":{"line":56,"column":5}},"type":"if","locations":[{"start":{"line":53,"column":11},"end":{"line":56,"column":5}},{"start":{"line":53,"column":11},"end":{"line":56,"column":5}}],"line":53},"8":{"loc":{"start":{"line":74,"column":11},"end":{"line":76,"column":82}},"type":"cond-expr","locations":[{"start":{"line":75,"column":14},"end":{"line":75,"column":18}},{"start":{"line":76,"column":14},"end":{"line":76,"column":82}}],"line":74},"9":{"loc":{"start":{"line":80,"column":11},"end":{"line":88,"column":20}},"type":"cond-expr","locations":[{"start":{"line":81,"column":14},"end":{"line":84,"column":20}},{"start":{"line":85,"column":14},"end":{"line":88,"column":20}}],"line":80},"10":{"loc":{"start":{"line":92,"column":11},"end":{"line":102,"column":20}},"type":"cond-expr","locations":[{"start":{"line":93,"column":14},"end":{"line":97,"column":20}},{"start":{"line":98,"column":14},"end":{"line":102,"column":20}}],"line":92},"11":{"loc":{"start":{"line":106,"column":11},"end":{"line":116,"column":20}},"type":"cond-expr","locations":[{"start":{"line":107,"column":14},"end":{"line":111,"column":20}},{"start":{"line":112,"column":14},"end":{"line":116,"column":20}}],"line":106}},"s":{"0":2,"1":1,"2":1,"3":1,"4":1,"5":1,"6":1,"7":1,"8":1,"9":1,"10":0,"11":0,"12":0,"13":0,"14":0,"15":0,"16":0,"17":1,"18":0,"19":0,"20":0,"21":0,"22":0,"23":0,"24":0,"25":0,"26":0,"27":0,"28":0,"29":0,"30":0,"31":0,"32":0,"33":0,"34":0,"35":0,"36":0,"37":0,"38":1,"39":0},"f":{"0":1,"1":0,"2":0,"3":0},"b":{"0":[0,0],"1":[0,0,0],"2":[0,0],"3":[0,0],"4":[0,0],"5":[0,0],"6":[0,0],"7":[0,0],"8":[1,0],"9":[1,0],"10":[1,0],"11":[1,0]},"_coverageSchema":"1a1c01bbd47fc00a2c39e90264f33305004495a9","hash":"88cb5f0bae5017671987e061f21a6176dce08464"}
,"/home/daniel/HackReactor/Catwalk/client/src/components/QA/qaSampleData.js": {"path":"/home/daniel/HackReactor/Catwalk/client/src/components/QA/qaSampleData.js","statementMap":{"0":{"start":{"line":1,"column":19},"end":{"line":56,"column":1}}},"fnMap":{},"branchMap":{},"s":{"0":2},"f":{},"b":{},"_coverageSchema":"1a1c01bbd47fc00a2c39e90264f33305004495a9","hash":"a584bf28fd1d339c1c689f39b8bb60a522da264e"}
,"/home/daniel/HackReactor/Catwalk/client/src/components/RatingsAndReviews/RatingsAndReviews.jsx": {"path":"/home/daniel/HackReactor/Catwalk/client/src/components/RatingsAndReviews/RatingsAndReviews.jsx","statementMap":{"0":{"start":{"line":9,"column":26},"end":{"line":52,"column":1}},"1":{"start":{"line":12,"column":6},"end":{"line":12,"column":31}},"2":{"start":{"line":13,"column":36},"end":{"line":13,"column":58}},"3":{"start":{"line":15,"column":2},"end":{"line":17,"column":9}},"4":{"start":{"line":16,"column":4},"end":{"line":16,"column":28}},"5":{"start":{"line":19,"column":2},"end":{"line":51,"column":4}}},"fnMap":{"0":{"name":"(anonymous_0)","decl":{"start":{"line":9,"column":26},"end":{"line":9,"column":27}},"loc":{"start":{"line":9,"column":32},"end":{"line":52,"column":1}},"line":9},"1":{"name":"(anonymous_1)","decl":{"start":{"line":15,"column":12},"end":{"line":15,"column":13}},"loc":{"start":{"line":15,"column":18},"end":{"line":17,"column":3}},"line":15}},"branchMap":{"0":{"loc":{"start":{"line":22,"column":7},"end":{"line":48,"column":9}},"type":"cond-expr","locations":[{"start":{"line":23,"column":8},"end":{"line":37,"column":14}},{"start":{"line":40,"column":10},"end":{"line":47,"column":13}}],"line":22},"1":{"loc":{"start":{"line":27,"column":13},"end":{"line":29,"column":13}},"type":"binary-expr","locations":[{"start":{"line":27,"column":14},"end":{"line":27,"column":32}},{"start":{"line":27,"column":36},"end":{"line":27,"column":67}},{"start":{"line":28,"column":12},"end":{"line":28,"column":98}}],"line":27}},"s":{"0":2,"1":9,"2":9,"3":9,"4":4,"5":9},"f":{"0":9,"1":4},"b":{"0":[9,0],"1":[9,9,9]},"_coverageSchema":"1a1c01bbd47fc00a2c39e90264f33305004495a9","hash":"2f66fba434ff4ab02fa5f4fe0f9396638bc389fe"}
,"/home/daniel/HackReactor/Catwalk/client/src/components/RatingsAndReviews/createReview/CreateReview.jsx": {"path":"/home/daniel/HackReactor/Catwalk/client/src/components/RatingsAndReviews/createReview/CreateReview.jsx","statementMap":{"0":{"start":{"line":8,"column":28},"end":{"line":300,"column":1}},"1":{"start":{"line":16,"column":6},"end":{"line":16,"column":31}},"2":{"start":{"line":17,"column":46},"end":{"line":17,"column":68}},"3":{"start":{"line":18,"column":30},"end":{"line":18,"column":56}},"4":{"start":{"line":20,"column":26},"end":{"line":20,"column":75}},"5":{"start":{"line":21,"column":23},"end":{"line":21,"column":72}},"6":{"start":{"line":23,"column":28},"end":{"line":23,"column":66}},"7":{"start":{"line":24,"column":32},"end":{"line":24,"column":47}},"8":{"start":{"line":26,"column":2},"end":{"line":28,"column":9}},"9":{"start":{"line":27,"column":4},"end":{"line":27,"column":21}},"10":{"start":{"line":30,"column":2},"end":{"line":35,"column":24}},"11":{"start":{"line":31,"column":4},"end":{"line":34,"column":7}},"12":{"start":{"line":37,"column":21},"end":{"line":64,"column":3}},"13":{"start":{"line":38,"column":4},"end":{"line":38,"column":23}},"14":{"start":{"line":39,"column":22},"end":{"line":39,"column":36}},"15":{"start":{"line":40,"column":4},"end":{"line":63,"column":5}},"16":{"start":{"line":41,"column":6},"end":{"line":41,"column":23}},"17":{"start":{"line":42,"column":6},"end":{"line":62,"column":7}},"18":{"start":{"line":43,"column":8},"end":{"line":43,"column":41}},"19":{"start":{"line":44,"column":8},"end":{"line":47,"column":17}},"20":{"start":{"line":45,"column":10},"end":{"line":45,"column":28}},"21":{"start":{"line":46,"column":10},"end":{"line":46,"column":23}},"22":{"start":{"line":48,"column":8},"end":{"line":58,"column":11}},"23":{"start":{"line":60,"column":8},"end":{"line":60,"column":25}},"24":{"start":{"line":61,"column":8},"end":{"line":61,"column":26}},"25":{"start":{"line":66,"column":2},"end":{"line":299,"column":4}},"26":{"start":{"line":158,"column":20},"end":{"line":164,"column":26}},"27":{"start":{"line":161,"column":37},"end":{"line":161,"column":54}},"28":{"start":{"line":194,"column":42},"end":{"line":194,"column":84}},"29":{"start":{"line":194,"column":69},"end":{"line":194,"column":83}},"30":{"start":{"line":195,"column":20},"end":{"line":262,"column":22}},"31":{"start":{"line":282,"column":20},"end":{"line":282,"column":111}}},"fnMap":{"0":{"name":"(anonymous_0)","decl":{"start":{"line":8,"column":28},"end":{"line":8,"column":29}},"loc":{"start":{"line":8,"column":46},"end":{"line":300,"column":1}},"line":8},"1":{"name":"(anonymous_1)","decl":{"start":{"line":26,"column":12},"end":{"line":26,"column":13}},"loc":{"start":{"line":26,"column":18},"end":{"line":28,"column":3}},"line":26},"2":{"name":"(anonymous_2)","decl":{"start":{"line":30,"column":12},"end":{"line":30,"column":13}},"loc":{"start":{"line":30,"column":18},"end":{"line":35,"column":3}},"line":30},"3":{"name":"(anonymous_3)","decl":{"start":{"line":37,"column":21},"end":{"line":37,"column":22}},"loc":{"start":{"line":37,"column":34},"end":{"line":64,"column":3}},"line":37},"4":{"name":"(anonymous_4)","decl":{"start":{"line":44,"column":19},"end":{"line":44,"column":20}},"loc":{"start":{"line":44,"column":25},"end":{"line":47,"column":9}},"line":44},"5":{"name":"(anonymous_5)","decl":{"start":{"line":157,"column":29},"end":{"line":157,"column":30}},"loc":{"start":{"line":158,"column":20},"end":{"line":164,"column":26}},"line":158},"6":{"name":"(anonymous_6)","decl":{"start":{"line":161,"column":31},"end":{"line":161,"column":32}},"loc":{"start":{"line":161,"column":37},"end":{"line":161,"column":54}},"line":161},"7":{"name":"(anonymous_7)","decl":{"start":{"line":193,"column":69},"end":{"line":193,"column":70}},"loc":{"start":{"line":193,"column":82},"end":{"line":263,"column":19}},"line":193},"8":{"name":"(anonymous_8)","decl":{"start":{"line":194,"column":62},"end":{"line":194,"column":63}},"loc":{"start":{"line":194,"column":69},"end":{"line":194,"column":83}},"line":194},"9":{"name":"(anonymous_9)","decl":{"start":{"line":281,"column":71},"end":{"line":281,"column":72}},"loc":{"start":{"line":282,"column":20},"end":{"line":282,"column":111}},"line":282}},"branchMap":{"0":{"loc":{"start":{"line":23,"column":28},"end":{"line":23,"column":66}},"type":"cond-expr","locations":[{"start":{"line":23,"column":41},"end":{"line":23,"column":52}},{"start":{"line":23,"column":55},"end":{"line":23,"column":66}}],"line":23},"1":{"loc":{"start":{"line":40,"column":4},"end":{"line":63,"column":5}},"type":"if","locations":[{"start":{"line":40,"column":4},"end":{"line":63,"column":5}},{"start":{"line":40,"column":4},"end":{"line":63,"column":5}}],"line":40},"2":{"loc":{"start":{"line":85,"column":54},"end":{"line":85,"column":80}},"type":"binary-expr","locations":[{"start":{"line":85,"column":54},"end":{"line":85,"column":65}},{"start":{"line":85,"column":69},"end":{"line":85,"column":80}}],"line":85},"3":{"loc":{"start":{"line":88,"column":29},"end":{"line":88,"column":73}},"type":"cond-expr","locations":[{"start":{"line":88,"column":51},"end":{"line":88,"column":68}},{"start":{"line":88,"column":71},"end":{"line":88,"column":73}}],"line":88},"4":{"loc":{"start":{"line":100,"column":54},"end":{"line":100,"column":82}},"type":"binary-expr","locations":[{"start":{"line":100,"column":54},"end":{"line":100,"column":66}},{"start":{"line":100,"column":70},"end":{"line":100,"column":82}}],"line":100},"5":{"loc":{"start":{"line":103,"column":29},"end":{"line":103,"column":73}},"type":"cond-expr","locations":[{"start":{"line":103,"column":51},"end":{"line":103,"column":68}},{"start":{"line":103,"column":71},"end":{"line":103,"column":73}}],"line":103},"6":{"loc":{"start":{"line":127,"column":54},"end":{"line":127,"column":80}},"type":"binary-expr","locations":[{"start":{"line":127,"column":54},"end":{"line":127,"column":65}},{"start":{"line":127,"column":69},"end":{"line":127,"column":80}}],"line":127},"7":{"loc":{"start":{"line":130,"column":29},"end":{"line":130,"column":72}},"type":"cond-expr","locations":[{"start":{"line":130,"column":50},"end":{"line":130,"column":67}},{"start":{"line":130,"column":70},"end":{"line":130,"column":72}}],"line":130},"8":{"loc":{"start":{"line":141,"column":17},"end":{"line":149,"column":17}},"type":"cond-expr","locations":[{"start":{"line":142,"column":18},"end":{"line":146,"column":22}},{"start":{"line":148,"column":18},"end":{"line":148,"column":39}}],"line":141},"9":{"loc":{"start":{"line":155,"column":52},"end":{"line":155,"column":82}},"type":"binary-expr","locations":[{"start":{"line":155,"column":52},"end":{"line":155,"column":65}},{"start":{"line":155,"column":69},"end":{"line":155,"column":82}}],"line":155},"10":{"loc":{"start":{"line":193,"column":19},"end":{"line":263,"column":20}},"type":"binary-expr","locations":[{"start":{"line":193,"column":19},"end":{"line":193,"column":45}},{"start":{"line":193,"column":49},"end":{"line":263,"column":20}}],"line":193},"11":{"loc":{"start":{"line":204,"column":29},"end":{"line":206,"column":29}},"type":"binary-expr","locations":[{"start":{"line":204,"column":29},"end":{"line":204,"column":61}},{"start":{"line":205,"column":30},"end":{"line":205,"column":88}}],"line":204},"12":{"loc":{"start":{"line":268,"column":17},"end":{"line":279,"column":17}},"type":"binary-expr","locations":[{"start":{"line":268,"column":17},"end":{"line":268,"column":44}},{"start":{"line":269,"column":16},"end":{"line":277,"column":24}}],"line":268},"13":{"loc":{"start":{"line":281,"column":19},"end":{"line":283,"column":20}},"type":"binary-expr","locations":[{"start":{"line":281,"column":19},"end":{"line":281,"column":46}},{"start":{"line":281,"column":50},"end":{"line":283,"column":20}}],"line":281},"14":{"loc":{"start":{"line":288,"column":19},"end":{"line":291,"column":30}},"type":"cond-expr","locations":[{"start":{"line":289,"column":20},"end":{"line":289,"column":70}},{"start":{"line":291,"column":22},"end":{"line":291,"column":30}}],"line":288}},"s":{"0":3,"1":9,"2":9,"3":9,"4":9,"5":9,"6":9,"7":9,"8":9,"9":4,"10":9,"11":4,"12":9,"13":0,"14":0,"15":0,"16":0,"17":0,"18":0,"19":0,"20":0,"21":0,"22":0,"23":0,"24":0,"25":9,"26":45,"27":0,"28":0,"29":0,"30":0,"31":0},"f":{"0":9,"1":4,"2":4,"3":0,"4":0,"5":45,"6":0,"7":0,"8":0,"9":0},"b":{"0":[1,8],"1":[0,0],"2":[9,0],"3":[0,9],"4":[9,0],"5":[0,9],"6":[9,0],"7":[0,9],"8":[9,0],"9":[9,0],"10":[9,0],"11":[0,0],"12":[9,9],"13":[9,0],"14":[0,9]},"_coverageSchema":"1a1c01bbd47fc00a2c39e90264f33305004495a9","hash":"769dfbea01b751821d2572f1c8e699eaa4a5dae3"}
,"/home/daniel/HackReactor/Catwalk/client/src/components/RatingsAndReviews/ratings/RatingSummary.jsx": {"path":"/home/daniel/HackReactor/Catwalk/client/src/components/RatingsAndReviews/ratings/RatingSummary.jsx","statementMap":{"0":{"start":{"line":6,"column":22},"end":{"line":28,"column":1}},"1":{"start":{"line":7,"column":23},"end":{"line":7,"column":48}},"2":{"start":{"line":8,"column":20},"end":{"line":8,"column":50}},"3":{"start":{"line":9,"column":16},"end":{"line":9,"column":42}},"4":{"start":{"line":10,"column":18},"end":{"line":10,"column":59}},"5":{"start":{"line":12,"column":2},"end":{"line":27,"column":4}},"6":{"start":{"line":17,"column":36},"end":{"line":17,"column":63}}},"fnMap":{"0":{"name":"(anonymous_0)","decl":{"start":{"line":6,"column":22},"end":{"line":6,"column":23}},"loc":{"start":{"line":6,"column":28},"end":{"line":28,"column":1}},"line":6},"1":{"name":"(anonymous_1)","decl":{"start":{"line":17,"column":21},"end":{"line":17,"column":22}},"loc":{"start":{"line":17,"column":36},"end":{"line":17,"column":63}},"line":17}},"branchMap":{},"s":{"0":4,"1":11,"2":11,"3":11,"4":11,"5":11,"6":55},"f":{"0":11,"1":55},"b":{},"_coverageSchema":"1a1c01bbd47fc00a2c39e90264f33305004495a9","hash":"323d3cab4ef041591a4f68341bcf862ee3ca4181"}
,"/home/daniel/HackReactor/Catwalk/client/src/components/RatingsAndReviews/ratings/Ratings.jsx": {"path":"/home/daniel/HackReactor/Catwalk/client/src/components/RatingsAndReviews/ratings/Ratings.jsx","statementMap":{"0":{"start":{"line":10,"column":16},"end":{"line":30,"column":1}},"1":{"start":{"line":11,"column":43},"end":{"line":11,"column":65}},"2":{"start":{"line":13,"column":2},"end":{"line":15,"column":9}},"3":{"start":{"line":14,"column":4},"end":{"line":14,"column":35}},"4":{"start":{"line":17,"column":2},"end":{"line":29,"column":4}}},"fnMap":{"0":{"name":"(anonymous_0)","decl":{"start":{"line":10,"column":16},"end":{"line":10,"column":17}},"loc":{"start":{"line":10,"column":22},"end":{"line":30,"column":1}},"line":10},"1":{"name":"(anonymous_1)","decl":{"start":{"line":13,"column":12},"end":{"line":13,"column":13}},"loc":{"start":{"line":13,"column":18},"end":{"line":15,"column":3}},"line":13}},"branchMap":{},"s":{"0":3,"1":11,"2":11,"3":6,"4":11},"f":{"0":11,"1":6},"b":{},"_coverageSchema":"1a1c01bbd47fc00a2c39e90264f33305004495a9","hash":"853d51e60217932ad6871a9cdf42ddc74efa45d7"}
,"/home/daniel/HackReactor/Catwalk/client/src/components/RatingsAndReviews/ratings/RatingsBreakdown.jsx": {"path":"/home/daniel/HackReactor/Catwalk/client/src/components/RatingsAndReviews/ratings/RatingsBreakdown.jsx","statementMap":{"0":{"start":{"line":6,"column":25},"end":{"line":53,"column":1}},"1":{"start":{"line":9,"column":6},"end":{"line":9,"column":31}},"2":{"start":{"line":10,"column":19},"end":{"line":10,"column":52}},"3":{"start":{"line":12,"column":2},"end":{"line":52,"column":4}},"4":{"start":{"line":21,"column":16},"end":{"line":24,"column":20}},"5":{"start":{"line":37,"column":8},"end":{"line":49,"column":14}},"6":{"start":{"line":38,"column":33},"end":{"line":38,"column":60}}},"fnMap":{"0":{"name":"(anonymous_0)","decl":{"start":{"line":6,"column":25},"end":{"line":6,"column":26}},"loc":{"start":{"line":6,"column":31},"end":{"line":53,"column":1}},"line":6},"1":{"name":"(anonymous_1)","decl":{"start":{"line":20,"column":30},"end":{"line":20,"column":31}},"loc":{"start":{"line":21,"column":16},"end":{"line":24,"column":20}},"line":21},"2":{"name":"(anonymous_2)","decl":{"start":{"line":36,"column":20},"end":{"line":36,"column":21}},"loc":{"start":{"line":37,"column":8},"end":{"line":49,"column":14}},"line":37},"3":{"name":"(anonymous_3)","decl":{"start":{"line":38,"column":27},"end":{"line":38,"column":28}},"loc":{"start":{"line":38,"column":33},"end":{"line":38,"column":60}},"line":38}},"branchMap":{"0":{"loc":{"start":{"line":15,"column":9},"end":{"line":34,"column":9}},"type":"binary-expr","locations":[{"start":{"line":15,"column":9},"end":{"line":15,"column":20}},{"start":{"line":16,"column":10},"end":{"line":33,"column":13}}],"line":15}},"s":{"0":4,"1":11,"2":11,"3":11,"4":0,"5":0,"6":0},"f":{"0":11,"1":0,"2":0,"3":0},"b":{"0":[11,0]},"_coverageSchema":"1a1c01bbd47fc00a2c39e90264f33305004495a9","hash":"69b55a415e793e3b4651a63702cdda3dd724712b"}
,"/home/daniel/HackReactor/Catwalk/client/src/components/RatingsAndReviews/ratings/RatingsFactors.jsx": {"path":"/home/daniel/HackReactor/Catwalk/client/src/components/RatingsAndReviews/ratings/RatingsFactors.jsx","statementMap":{"0":{"start":{"line":6,"column":23},"end":{"line":25,"column":1}},"1":{"start":{"line":7,"column":23},"end":{"line":7,"column":48}},"2":{"start":{"line":8,"column":26},"end":{"line":8,"column":75}},"3":{"start":{"line":10,"column":2},"end":{"line":24,"column":4}},"4":{"start":{"line":13,"column":8},"end":{"line":21,"column":14}}},"fnMap":{"0":{"name":"(anonymous_0)","decl":{"start":{"line":6,"column":23},"end":{"line":6,"column":24}},"loc":{"start":{"line":6,"column":29},"end":{"line":25,"column":1}},"line":6},"1":{"name":"(anonymous_1)","decl":{"start":{"line":12,"column":27},"end":{"line":12,"column":28}},"loc":{"start":{"line":13,"column":8},"end":{"line":21,"column":14}},"line":13}},"branchMap":{},"s":{"0":4,"1":11,"2":11,"3":11,"4":0},"f":{"0":11,"1":0},"b":{},"_coverageSchema":"1a1c01bbd47fc00a2c39e90264f33305004495a9","hash":"027a4e5c2d65c71d09ae2c9be879e5dc64eb06b1"}
,"/home/daniel/HackReactor/Catwalk/client/src/components/RatingsAndReviews/reviews/ReviewCard.jsx": {"path":"/home/daniel/HackReactor/Catwalk/client/src/components/RatingsAndReviews/reviews/ReviewCard.jsx","statementMap":{"0":{"start":{"line":13,"column":19},"end":{"line":117,"column":1}},"1":{"start":{"line":14,"column":64},"end":{"line":14,"column":86}},"2":{"start":{"line":15,"column":35},"end":{"line":15,"column":60}},"3":{"start":{"line":16,"column":42},"end":{"line":16,"column":57}},"4":{"start":{"line":18,"column":2},"end":{"line":20,"column":9}},"5":{"start":{"line":19,"column":4},"end":{"line":19,"column":21}},"6":{"start":{"line":23,"column":27},"end":{"line":23,"column":56}},"7":{"start":{"line":24,"column":16},"end":{"line":24,"column":46}},"8":{"start":{"line":25,"column":38},"end":{"line":25,"column":58}},"9":{"start":{"line":27,"column":2},"end":{"line":116,"column":4}},"10":{"start":{"line":31,"column":36},"end":{"line":31,"column":65}},"11":{"start":{"line":51,"column":29},"end":{"line":51,"column":59}},"12":{"start":{"line":63,"column":25},"end":{"line":63,"column":55}},"13":{"start":{"line":90,"column":12},"end":{"line":92,"column":13}},"14":{"start":{"line":91,"column":14},"end":{"line":91,"column":52}},"15":{"start":{"line":106,"column":12},"end":{"line":108,"column":13}},"16":{"start":{"line":107,"column":14},"end":{"line":107,"column":45}}},"fnMap":{"0":{"name":"(anonymous_0)","decl":{"start":{"line":13,"column":19},"end":{"line":13,"column":20}},"loc":{"start":{"line":13,"column":35},"end":{"line":117,"column":1}},"line":13},"1":{"name":"(anonymous_1)","decl":{"start":{"line":18,"column":12},"end":{"line":18,"column":13}},"loc":{"start":{"line":18,"column":18},"end":{"line":20,"column":3}},"line":18},"2":{"name":"(anonymous_2)","decl":{"start":{"line":31,"column":21},"end":{"line":31,"column":22}},"loc":{"start":{"line":31,"column":36},"end":{"line":31,"column":65}},"line":31},"3":{"name":"(anonymous_3)","decl":{"start":{"line":51,"column":23},"end":{"line":51,"column":24}},"loc":{"start":{"line":51,"column":29},"end":{"line":51,"column":59}},"line":51},"4":{"name":"(anonymous_4)","decl":{"start":{"line":63,"column":19},"end":{"line":63,"column":20}},"loc":{"start":{"line":63,"column":25},"end":{"line":63,"column":55}},"line":63},"5":{"name":"(anonymous_5)","decl":{"start":{"line":89,"column":19},"end":{"line":89,"column":20}},"loc":{"start":{"line":89,"column":25},"end":{"line":93,"column":11}},"line":89},"6":{"name":"(anonymous_6)","decl":{"start":{"line":105,"column":19},"end":{"line":105,"column":20}},"loc":{"start":{"line":105,"column":25},"end":{"line":109,"column":11}},"line":105}},"branchMap":{"0":{"loc":{"start":{"line":23,"column":43},"end":{"line":23,"column":55}},"type":"binary-expr","locations":[{"start":{"line":23,"column":43},"end":{"line":23,"column":49}},{"start":{"line":23,"column":53},"end":{"line":23,"column":55}}],"line":23},"1":{"loc":{"start":{"line":46,"column":9},"end":{"line":56,"column":9}},"type":"binary-expr","locations":[{"start":{"line":46,"column":10},"end":{"line":46,"column":20}},{"start":{"line":46,"column":24},"end":{"line":46,"column":37}},{"start":{"line":47,"column":10},"end":{"line":55,"column":13}}],"line":46},"2":{"loc":{"start":{"line":57,"column":9},"end":{"line":59,"column":9}},"type":"binary-expr","locations":[{"start":{"line":57,"column":9},"end":{"line":57,"column":21}},{"start":{"line":58,"column":10},"end":{"line":58,"column":20}}],"line":57},"3":{"loc":{"start":{"line":60,"column":9},"end":{"line":67,"column":9}},"type":"binary-expr","locations":[{"start":{"line":60,"column":10},"end":{"line":60,"column":22}},{"start":{"line":61,"column":8},"end":{"line":66,"column":17}}],"line":60},"4":{"loc":{"start":{"line":70,"column":7},"end":{"line":72,"column":7}},"type":"binary-expr","locations":[{"start":{"line":70,"column":7},"end":{"line":70,"column":31}},{"start":{"line":71,"column":8},"end":{"line":71,"column":47}}],"line":70},"5":{"loc":{"start":{"line":73,"column":7},"end":{"line":78,"column":7}},"type":"binary-expr","locations":[{"start":{"line":73,"column":7},"end":{"line":73,"column":23}},{"start":{"line":74,"column":8},"end":{"line":77,"column":14}}],"line":73},"6":{"loc":{"start":{"line":80,"column":7},"end":{"line":85,"column":7}},"type":"binary-expr","locations":[{"start":{"line":80,"column":7},"end":{"line":80,"column":22}},{"start":{"line":81,"column":8},"end":{"line":84,"column":14}}],"line":80},"7":{"loc":{"start":{"line":90,"column":12},"end":{"line":92,"column":13}},"type":"if","locations":[{"start":{"line":90,"column":12},"end":{"line":92,"column":13}},{"start":{"line":90,"column":12},"end":{"line":92,"column":13}}],"line":90},"8":{"loc":{"start":{"line":100,"column":11},"end":{"line":100,"column":34}},"type":"binary-expr","locations":[{"start":{"line":100,"column":11},"end":{"line":100,"column":29}},{"start":{"line":100,"column":33},"end":{"line":100,"column":34}}],"line":100},"9":{"loc":{"start":{"line":106,"column":12},"end":{"line":108,"column":13}},"type":"if","locations":[{"start":{"line":106,"column":12},"end":{"line":108,"column":13}},{"start":{"line":106,"column":12},"end":{"line":108,"column":13}}],"line":106}},"s":{"0":4,"1":3,"2":3,"3":3,"4":3,"5":3,"6":3,"7":3,"8":3,"9":3,"10":15,"11":0,"12":0,"13":0,"14":0,"15":0,"16":0},"f":{"0":3,"1":3,"2":15,"3":0,"4":0,"5":0,"6":0},"b":{"0":[3,0],"1":[3,3,3],"2":[3,0],"3":[3,0],"4":[3,0],"5":[3,0],"6":[3,3],"7":[0,0],"8":[3,0],"9":[0,0]},"_coverageSchema":"1a1c01bbd47fc00a2c39e90264f33305004495a9","hash":"7d7961d8cc14a1f2fff4981bf999d3c9f9db0fba"}
,"/home/daniel/HackReactor/Catwalk/client/src/components/RatingsAndReviews/reviews/ReviewImages.jsx": {"path":"/home/daniel/HackReactor/Catwalk/client/src/components/RatingsAndReviews/reviews/ReviewImages.jsx","statementMap":{"0":{"start":{"line":5,"column":21},"end":{"line":38,"column":1}},"1":{"start":{"line":8,"column":6},"end":{"line":8,"column":31}},"2":{"start":{"line":9,"column":28},"end":{"line":9,"column":63}},"3":{"start":{"line":10,"column":2},"end":{"line":10,"column":33}},"4":{"start":{"line":11,"column":2},"end":{"line":37,"column":4}},"5":{"start":{"line":28,"column":10},"end":{"line":33,"column":12}},"6":{"start":{"line":29,"column":27},"end":{"line":29,"column":49}}},"fnMap":{"0":{"name":"(anonymous_0)","decl":{"start":{"line":5,"column":21},"end":{"line":5,"column":22}},"loc":{"start":{"line":5,"column":37},"end":{"line":38,"column":1}},"line":5},"1":{"name":"(anonymous_1)","decl":{"start":{"line":27,"column":20},"end":{"line":27,"column":21}},"loc":{"start":{"line":28,"column":10},"end":{"line":33,"column":12}},"line":28},"2":{"name":"(anonymous_2)","decl":{"start":{"line":29,"column":21},"end":{"line":29,"column":22}},"loc":{"start":{"line":29,"column":27},"end":{"line":29,"column":49}},"line":29}},"branchMap":{"0":{"loc":{"start":{"line":9,"column":28},"end":{"line":9,"column":63}},"type":"cond-expr","locations":[{"start":{"line":9,"column":38},"end":{"line":9,"column":49}},{"start":{"line":9,"column":52},"end":{"line":9,"column":63}}],"line":9},"1":{"loc":{"start":{"line":18,"column":15},"end":{"line":18,"column":67}},"type":"cond-expr","locations":[{"start":{"line":18,"column":25},"end":{"line":18,"column":45}},{"start":{"line":18,"column":48},"end":{"line":18,"column":67}}],"line":18}},"s":{"0":5,"1":5,"2":5,"3":5,"4":5,"5":5,"6":1},"f":{"0":5,"1":5,"2":1},"b":{"0":[1,4],"1":[1,4]},"_coverageSchema":"1a1c01bbd47fc00a2c39e90264f33305004495a9","hash":"6d1824076b61272cc296d72f9cbf5d7d7f5ca8eb"}
,"/home/daniel/HackReactor/Catwalk/client/src/components/RatingsAndReviews/reviews/Reviews.jsx": {"path":"/home/daniel/HackReactor/Catwalk/client/src/components/RatingsAndReviews/reviews/Reviews.jsx","statementMap":{"0":{"start":{"line":7,"column":16},"end":{"line":54,"column":1}},"1":{"start":{"line":8,"column":52},"end":{"line":8,"column":74}},"2":{"start":{"line":11,"column":6},"end":{"line":11,"column":31}},"3":{"start":{"line":15,"column":2},"end":{"line":17,"column":17}},"4":{"start":{"line":16,"column":4},"end":{"line":16,"column":28}},"5":{"start":{"line":19,"column":2},"end":{"line":53,"column":4}},"6":{"start":{"line":34,"column":63},"end":{"line":34,"column":91}},"7":{"start":{"line":44,"column":12},"end":{"line":46,"column":13}},"8":{"start":{"line":45,"column":14},"end":{"line":45,"column":28}},"9":{"start":{"line":49,"column":12},"end":{"line":49,"column":89}}},"fnMap":{"0":{"name":"(anonymous_0)","decl":{"start":{"line":7,"column":16},"end":{"line":7,"column":17}},"loc":{"start":{"line":7,"column":22},"end":{"line":54,"column":1}},"line":7},"1":{"name":"(anonymous_1)","decl":{"start":{"line":15,"column":12},"end":{"line":15,"column":13}},"loc":{"start":{"line":15,"column":18},"end":{"line":17,"column":3}},"line":15},"2":{"name":"(anonymous_2)","decl":{"start":{"line":34,"column":54},"end":{"line":34,"column":55}},"loc":{"start":{"line":34,"column":61},"end":{"line":34,"column":93}},"line":34},"3":{"name":"(anonymous_3)","decl":{"start":{"line":43,"column":18},"end":{"line":43,"column":19}},"loc":{"start":{"line":43,"column":30},"end":{"line":47,"column":11}},"line":43},"4":{"name":"(anonymous_4)","decl":{"start":{"line":48,"column":15},"end":{"line":48,"column":16}},"loc":{"start":{"line":49,"column":12},"end":{"line":49,"column":89}},"line":49}},"branchMap":{"0":{"loc":{"start":{"line":25,"column":11},"end":{"line":26,"column":45}},"type":"cond-expr","locations":[{"start":{"line":26,"column":14},"end":{"line":26,"column":28}},{"start":{"line":26,"column":31},"end":{"line":26,"column":45}}],"line":25},"1":{"loc":{"start":{"line":42,"column":9},"end":{"line":50,"column":12}},"type":"binary-expr","locations":[{"start":{"line":42,"column":9},"end":{"line":42,"column":27}},{"start":{"line":42,"column":31},"end":{"line":50,"column":12}}],"line":42},"2":{"loc":{"start":{"line":44,"column":12},"end":{"line":46,"column":13}},"type":"if","locations":[{"start":{"line":44,"column":12},"end":{"line":46,"column":13}},{"start":{"line":44,"column":12},"end":{"line":46,"column":13}}],"line":44}},"s":{"0":3,"1":13,"2":13,"3":13,"4":8,"5":13,"6":1,"7":26,"8":0,"9":0},"f":{"0":13,"1":8,"2":1,"3":26,"4":0},"b":{"0":[13,0],"1":[13,13],"2":[0,26]},"_coverageSchema":"1a1c01bbd47fc00a2c39e90264f33305004495a9","hash":"2c7fd135361f759e5d02f0c9928446fa0a03be7a"}
,"/home/daniel/HackReactor/Catwalk/client/src/components/Related/dummyData.js": {"path":"/home/daniel/HackReactor/Catwalk/client/src/components/Related/dummyData.js","statementMap":{"0":{"start":{"line":2,"column":22},"end":{"line":14,"column":1}},"1":{"start":{"line":17,"column":24},"end":{"line":23,"column":1}},"2":{"start":{"line":25,"column":26},"end":{"line":143,"column":1}},"3":{"start":{"line":145,"column":22},"end":{"line":174,"column":1}}},"fnMap":{},"branchMap":{},"s":{"0":1,"1":1,"2":1,"3":1},"f":{},"b":{},"_coverageSchema":"1a1c01bbd47fc00a2c39e90264f33305004495a9","hash":"3e8f695b0f786c94b0ed575b587916fcf73adee8"}
,"/home/daniel/HackReactor/Catwalk/client/src/components/Related/index.jsx": {"path":"/home/daniel/HackReactor/Catwalk/client/src/components/Related/index.jsx","statementMap":{"0":{"start":{"line":9,"column":30},"end":{"line":18,"column":1}},"1":{"start":{"line":10,"column":2},"end":{"line":17,"column":3}}},"fnMap":{"0":{"name":"(anonymous_0)","decl":{"start":{"line":9,"column":30},"end":{"line":9,"column":31}},"loc":{"start":{"line":9,"column":36},"end":{"line":18,"column":1}},"line":9}},"branchMap":{},"s":{"0":1,"1":0},"f":{"0":0},"b":{},"_coverageSchema":"1a1c01bbd47fc00a2c39e90264f33305004495a9","hash":"cd042cdaa23c2f5e5e396c63c96f96ec48abfc21"}
,"/home/daniel/HackReactor/Catwalk/client/src/components/Related/RelatedItems/CardDescription.jsx": {"path":"/home/daniel/HackReactor/Catwalk/client/src/components/Related/RelatedItems/CardDescription.jsx","statementMap":{"0":{"start":{"line":4,"column":24},"end":{"line":26,"column":1}},"1":{"start":{"line":6,"column":11},"end":{"line":6,"column":26}},"2":{"start":{"line":7,"column":13},"end":{"line":7,"column":23}},"3":{"start":{"line":8,"column":17},"end":{"line":8,"column":19}},"4":{"start":{"line":8,"column":28},"end":{"line":8,"column":30}},"5":{"start":{"line":10,"column":2},"end":{"line":16,"column":3}},"6":{"start":{"line":10,"column":15},"end":{"line":10,"column":16}},"7":{"start":{"line":11,"column":4},"end":{"line":15,"column":5}},"8":{"start":{"line":12,"column":6},"end":{"line":12,"column":52}},"9":{"start":{"line":13,"column":6},"end":{"line":13,"column":44}},"10":{"start":{"line":14,"column":6},"end":{"line":14,"column":54}},"11":{"start":{"line":18,"column":2},"end":{"line":25,"column":3}}},"fnMap":{"0":{"name":"(anonymous_0)","decl":{"start":{"line":4,"column":24},"end":{"line":4,"column":25}},"loc":{"start":{"line":4,"column":33},"end":{"line":26,"column":1}},"line":4}},"branchMap":{"0":{"loc":{"start":{"line":11,"column":4},"end":{"line":15,"column":5}},"type":"if","locations":[{"start":{"line":11,"column":4},"end":{"line":15,"column":5}},{"start":{"line":11,"column":4},"end":{"line":15,"column":5}}],"line":11}},"s":{"0":1,"1":0,"2":0,"3":0,"4":0,"5":0,"6":0,"7":0,"8":0,"9":0,"10":0,"11":0},"f":{"0":0},"b":{"0":[0,0]},"_coverageSchema":"1a1c01bbd47fc00a2c39e90264f33305004495a9","hash":"972ccdc678eba13daceb1f81b8a459c6c7d7abf7"}
,"/home/daniel/HackReactor/Catwalk/client/src/components/Related/RelatedItems/CardPicture.jsx": {"path":"/home/daniel/HackReactor/Catwalk/client/src/components/Related/RelatedItems/CardPicture.jsx","statementMap":{"0":{"start":{"line":5,"column":20},"end":{"line":11,"column":1}},"1":{"start":{"line":6,"column":2},"end":{"line":10,"column":3}}},"fnMap":{"0":{"name":"(anonymous_0)","decl":{"start":{"line":5,"column":20},"end":{"line":5,"column":21}},"loc":{"start":{"line":5,"column":26},"end":{"line":11,"column":1}},"line":5}},"branchMap":{},"s":{"0":1,"1":0},"f":{"0":0},"b":{},"_coverageSchema":"1a1c01bbd47fc00a2c39e90264f33305004495a9","hash":"749ca34d96890204b06f4ab6f1656e97ba1eacdb"}
,"/home/daniel/HackReactor/Catwalk/client/src/components/Related/RelatedItems/ComparisonModal.jsx": {"path":"/home/daniel/HackReactor/Catwalk/client/src/components/Related/RelatedItems/ComparisonModal.jsx","statementMap":{"0":{"start":{"line":4,"column":24},"end":{"line":19,"column":1}},"1":{"start":{"line":5,"column":2},"end":{"line":18,"column":3}},"2":{"start":{"line":6,"column":49},"end":{"line":6,"column":65}}},"fnMap":{"0":{"name":"(anonymous_0)","decl":{"start":{"line":4,"column":24},"end":{"line":4,"column":25}},"loc":{"start":{"line":4,"column":33},"end":{"line":19,"column":1}},"line":4},"1":{"name":"(anonymous_1)","decl":{"start":{"line":6,"column":43},"end":{"line":6,"column":44}},"loc":{"start":{"line":6,"column":48},"end":{"line":6,"column":66}},"line":6}},"branchMap":{},"s":{"0":1,"1":0,"2":0},"f":{"0":0,"1":0},"b":{},"_coverageSchema":"1a1c01bbd47fc00a2c39e90264f33305004495a9","hash":"621e00d041e50b4486305e833a24ace28571a1e0"}
,"/home/daniel/HackReactor/Catwalk/client/src/components/Related/RelatedItems/ModalButton.jsx": {"path":"/home/daniel/HackReactor/Catwalk/client/src/components/Related/RelatedItems/ModalButton.jsx","statementMap":{"0":{"start":{"line":5,"column":20},"end":{"line":24,"column":1}},"1":{"start":{"line":6,"column":36},"end":{"line":6,"column":51}},"2":{"start":{"line":8,"column":18},"end":{"line":10,"column":3}},"3":{"start":{"line":9,"column":4},"end":{"line":9,"column":29}},"4":{"start":{"line":12,"column":23},"end":{"line":16,"column":3}},"5":{"start":{"line":13,"column":4},"end":{"line":15,"column":5}},"6":{"start":{"line":14,"column":6},"end":{"line":14,"column":31}},"7":{"start":{"line":18,"column":2},"end":{"line":23,"column":3}}},"fnMap":{"0":{"name":"(anonymous_0)","decl":{"start":{"line":5,"column":20},"end":{"line":5,"column":21}},"loc":{"start":{"line":5,"column":26},"end":{"line":24,"column":1}},"line":5},"1":{"name":"(anonymous_1)","decl":{"start":{"line":8,"column":18},"end":{"line":8,"column":19}},"loc":{"start":{"line":8,"column":24},"end":{"line":10,"column":3}},"line":8},"2":{"name":"(anonymous_2)","decl":{"start":{"line":12,"column":23},"end":{"line":12,"column":24}},"loc":{"start":{"line":12,"column":28},"end":{"line":16,"column":3}},"line":12}},"branchMap":{"0":{"loc":{"start":{"line":13,"column":4},"end":{"line":15,"column":5}},"type":"if","locations":[{"start":{"line":13,"column":4},"end":{"line":15,"column":5}},{"start":{"line":13,"column":4},"end":{"line":15,"column":5}}],"line":13},"1":{"loc":{"start":{"line":21,"column":7},"end":{"line":21,"column":119}},"type":"cond-expr","locations":[{"start":{"line":21,"column":19},"end":{"line":21,"column":112}},{"start":{"line":21,"column":115},"end":{"line":21,"column":119}}],"line":21}},"s":{"0":1,"1":0,"2":0,"3":0,"4":0,"5":0,"6":0,"7":0},"f":{"0":0,"1":0,"2":0},"b":{"0":[0,0],"1":[0,0]},"_coverageSchema":"1a1c01bbd47fc00a2c39e90264f33305004495a9","hash":"68a7d2901cb2197f96a82149e917fa8509e8779d"}
,"/home/daniel/HackReactor/Catwalk/client/src/components/Related/RelatedItems/RelatedItemCard.jsx": {"path":"/home/daniel/HackReactor/Catwalk/client/src/components/Related/RelatedItems/RelatedItemCard.jsx","statementMap":{"0":{"start":{"line":6,"column":24},"end":{"line":14,"column":1}},"1":{"start":{"line":8,"column":2},"end":{"line":13,"column":3}}},"fnMap":{"0":{"name":"(anonymous_0)","decl":{"start":{"line":6,"column":24},"end":{"line":6,"column":25}},"loc":{"start":{"line":6,"column":33},"end":{"line":14,"column":1}},"line":6}},"branchMap":{},"s":{"0":1,"1":0},"f":{"0":0},"b":{},"_coverageSchema":"1a1c01bbd47fc00a2c39e90264f33305004495a9","hash":"4b072d9644d0d68d0265d49a22289686964b9209"}
[...]
me":"(anonymous_10)","decl":{"start":{"line":134,"column":20},"end":{"line":134,"column":21}},"loc":{"start":{"line":134,"column":54},"end":{"line":146,"column":3}},"line":134},"11":{"name":"(anonymous_11)","decl":{"start":{"line":155,"column":32},"end":{"line":155,"column":33}},"loc":{"start":{"line":155,"column":44},"end":{"line":164,"column":3}},"line":155},"12":{"name":"(anonymous_12)","decl":{"start":{"line":166,"column":30},"end":{"line":166,"column":31}},"loc":{"start":{"line":166,"column":50},"end":{"line":176,"column":3}},"line":166},"13":{"name":"(anonymous_13)","decl":{"start":{"line":177,"column":23},"end":{"line":177,"column":24}},"loc":{"start":{"line":177,"column":43},"end":{"line":187,"column":3}},"line":177},"14":{"name":"(anonymous_14)","decl":{"start":{"line":189,"column":39},"end":{"line":189,"column":40}},"loc":{"start":{"line":189,"column":51},"end":{"line":198,"column":3}},"line":189},"15":{"name":"(anonymous_15)","decl":{"start":{"line":200,"column":26},"end":{"line":200,"column":27}},"loc":{"start":{"line":200,"column":38},"end":{"line":210,"column":3}},"line":200}},"branchMap":{},"s":{"0":12,"1":12,"2":32,"3":32,"4":32,"5":32,"6":32,"7":32,"8":32,"9":3,"10":3,"11":0,"12":32,"13":11,"14":11,"15":0,"16":0,"17":32,"18":7,"19":7,"20":0,"21":0,"22":32,"23":0,"24":0,"25":0,"26":0,"27":32,"28":0,"29":0,"30":0,"31":0,"32":32,"33":0,"34":0,"35":0,"36":0,"37":32,"38":0,"39":0,"40":0,"41":0,"42":32,"43":0,"44":0,"45":0,"46":0,"47":32,"48":0,"49":0,"50":0,"51":0,"52":0,"53":0,"54":32,"55":0,"56":0,"57":0,"58":0,"59":0,"60":0,"61":0,"62":32,"63":12,"64":12,"65":0,"66":0,"67":32,"68":0,"69":0,"70":0,"71":0,"72":0,"73":32,"74":0,"75":0,"76":0,"77":0,"78":0,"79":32,"80":6,"81":6,"82":0,"83":0,"84":32,"85":0,"86":0,"87":0,"88":0,"89":0,"90":32},"f":{"0":32,"1":3,"2":11,"3":7,"4":0,"5":0,"6":0,"7":0,"8":0,"9":0,"10":0,"11":12,"12":0,"13":0,"14":6,"15":0},"b":{},"_coverageSchema":"1a1c01bbd47fc00a2c39e90264f33305004495a9","hash":"c6feda0432366c71a74374adf2b76f00028e3892"}
,"/home/daniel/HackReactor/Catwalk/client/src/state/contexts/AnswersContext.js": {"path":"/home/daniel/HackReactor/Catwalk/client/src/state/contexts/AnswersContext.js","statementMap":{"0":{"start":{"line":3,"column":29},"end":{"line":3,"column":46}},"1":{"start":{"line":5,"column":23},"end":{"line":21,"column":1}},"2":{"start":{"line":6,"column":32},"end":{"line":6,"column":44}},"3":{"start":{"line":7,"column":54},"end":{"line":7,"column":69}},"4":{"start":{"line":9,"column":2},"end":{"line":20,"column":4}}},"fnMap":{"0":{"name":"(anonymous_0)","decl":{"start":{"line":5,"column":23},"end":{"line":5,"column":24}},"loc":{"start":{"line":5,"column":41},"end":{"line":21,"column":1}},"line":5}},"branchMap":{},"s":{"0":12,"1":12,"2":26,"3":26,"4":26},"f":{"0":26},"b":{},"_coverageSchema":"1a1c01bbd47fc00a2c39e90264f33305004495a9","hash":"d7211a9b4382cb87cebfeb5f55ae2910e7801347"}
,"/home/daniel/HackReactor/Catwalk/client/src/state/contexts/ProductContext.js": {"path":"/home/daniel/HackReactor/Catwalk/client/src/state/contexts/ProductContext.js","statementMap":{"0":{"start":{"line":3,"column":30},"end":{"line":3,"column":47}},"1":{"start":{"line":5,"column":24},"end":{"line":32,"column":1}},"2":{"start":{"line":6,"column":44},"end":{"line":8,"column":4}},"3":{"start":{"line":9,"column":48},"end":{"line":9,"column":60}},"4":{"start":{"line":11,"column":40},"end":{"line":11,"column":52}},"5":{"start":{"line":13,"column":19},"end":{"line":15,"column":3}},"6":{"start":{"line":14,"column":4},"end":{"line":14,"column":38}},"7":{"start":{"line":17,"column":2},"end":{"line":31,"column":4}}},"fnMap":{"0":{"name":"(anonymous_0)","decl":{"start":{"line":5,"column":24},"end":{"line":5,"column":25}},"loc":{"start":{"line":5,"column":42},"end":{"line":32,"column":1}},"line":5},"1":{"name":"(anonymous_1)","decl":{"start":{"line":13,"column":19},"end":{"line":13,"column":20}},"loc":{"start":{"line":13,"column":25},"end":{"line":15,"column":3}},"line":13}},"branchMap":{},"s":{"0":12,"1":12,"2":26,"3":26,"4":26,"5":26,"6":0,"7":26},"f":{"0":26,"1":0},"b":{},"_coverageSchema":"1a1c01bbd47fc00a2c39e90264f33305004495a9","hash":"f377c42f59eb8235260a570239379e40995bbac6"}
,"/home/daniel/HackReactor/Catwalk/client/src/state/contexts/QuestionsContext.js": {"path":"/home/daniel/HackReactor/Catwalk/client/src/state/contexts/QuestionsContext.js","statementMap":{"0":{"start":{"line":3,"column":31},"end":{"line":3,"column":48}},"1":{"start":{"line":5,"column":25},"end":{"line":21,"column":1}},"2":{"start":{"line":6,"column":36},"end":{"line":6,"column":48}},"3":{"start":{"line":7,"column":54},"end":{"line":7,"column":69}},"4":{"start":{"line":9,"column":2},"end":{"line":20,"column":4}}},"fnMap":{"0":{"name":"(anonymous_0)","decl":{"start":{"line":5,"column":25},"end":{"line":5,"column":26}},"loc":{"start":{"line":5,"column":43},"end":{"line":21,"column":1}},"line":5}},"branchMap":{},"s":{"0":12,"1":12,"2":26,"3":26,"4":26},"f":{"0":26},"b":{},"_coverageSchema":"1a1c01bbd47fc00a2c39e90264f33305004495a9","hash":"fb74b8b6a53b1b1d6c9876776dea9f29d38c1672"}
,"/home/daniel/HackReactor/Catwalk/client/src/state/contexts/ReviewsContext.js": {"path":"/home/daniel/HackReactor/Catwalk/client/src/state/contexts/ReviewsContext.js","statementMap":{"0":{"start":{"line":5,"column":23},"end":{"line":42,"column":1}},"1":{"start":{"line":44,"column":29},"end":{"line":44,"column":44}},"2":{"start":{"line":46,"column":23},"end":{"line":308,"column":1}},"3":{"start":{"line":48,"column":32},"end":{"line":48,"column":56}},"4":{"start":{"line":49,"column":58},"end":{"line":49,"column":73}},"5":{"start":{"line":50,"column":32},"end":{"line":50,"column":47}},"6":{"start":{"line":51,"column":44},"end":{"line":51,"column":56}},"7":{"start":{"line":52,"column":46},"end":{"line":52,"column":57}},"8":{"start":{"line":53,"column":34},"end":{"line":53,"column":54}},"9":{"start":{"line":54,"column":34},"end":{"line":54,"column":46}},"10":{"start":{"line":55,"column":40},"end":{"line":55,"column":55}},"11":{"start":{"line":56,"column":38},"end":{"line":56,"column":73}},"12":{"start":{"line":58,"column":28},"end":{"line":58,"column":56}},"13":{"start":{"line":59,"column":29},"end":{"line":65,"column":3}},"14":{"start":{"line":66,"column":38},"end":{"line":66,"column":48}},"15":{"start":{"line":67,"column":36},"end":{"line":67,"column":51}},"16":{"start":{"line":68,"column":44},"end":{"line":68,"column":56}},"17":{"start":{"line":69,"column":38},"end":{"line":69,"column":53}},"18":{"start":{"line":70,"column":36},"end":{"line":80,"column":4}},"19":{"start":{"line":81,"column":30},"end":{"line":86,"column":4}},"20":{"start":{"line":89,"column":22},"end":{"line":92,"column":3}},"21":{"start":{"line":90,"column":4},"end":{"line":90,"column":21}},"22":{"start":{"line":91,"column":4},"end":{"line":91,"column":31}},"23":{"start":{"line":93,"column":23},"end":{"line":96,"column":3}},"24":{"start":{"line":94,"column":4},"end":{"line":94,"column":22}},"25":{"start":{"line":95,"column":4},"end":{"line":95,"column":25}},"26":{"start":{"line":99,"column":26},"end":{"line":101,"column":3}},"27":{"start":{"line":100,"column":4},"end":{"line":100,"column":42}},"28":{"start":{"line":103,"column":24},"end":{"line":123,"column":3}},"29":{"start":{"line":104,"column":4},"end":{"line":122,"column":5}},"30":{"start":{"line":105,"column":6},"end":{"line":116,"column":7}},"31":{"start":{"line":106,"column":28},"end":{"line":106,"column":64}},"32":{"start":{"line":106,"column":53},"end":{"line":106,"column":63}},"33":{"start":{"line":107,"column":8},"end":{"line":109,"column":9}},"34":{"start":{"line":108,"column":10},"end":{"line":108,"column":52}},"35":{"start":{"line":110,"column":8},"end":{"line":110,"column":37}},"36":{"start":{"line":112,"column":8},"end":{"line":115,"column":11}},"37":{"start":{"line":118,"column":6},"end":{"line":118,"column":27}},"38":{"start":{"line":119,"column":6},"end":{"line":121,"column":9}},"39":{"start":{"line":125,"column":22},"end":{"line":128,"column":3}},"40":{"start":{"line":126,"column":4},"end":{"line":126,"column":26}},"41":{"start":{"line":127,"column":4},"end":{"line":127,"column":45}},"42":{"start":{"line":131,"column":21},"end":{"line":133,"column":3}},"43":{"start":{"line":132,"column":4},"end":{"line":132,"column":24}},"44":{"start":{"line":135,"column":21},"end":{"line":137,"column":3}},"45":{"start":{"line":136,"column":4},"end":{"line":136,"column":25}},"46":{"start":{"line":139,"column":28},"end":{"line":164,"column":3}},"47":{"start":{"line":140,"column":21},"end":{"line":140,"column":35}},"48":{"start":{"line":141,"column":4},"end":{"line":141,"column":47}},"49":{"start":{"line":142,"column":4},"end":{"line":142,"column":49}},"50":{"start":{"line":143,"column":4},"end":{"line":143,"column":41}},"51":{"start":{"line":144,"column":4},"end":{"line":163,"column":5}},"52":{"start":{"line":145,"column":18},"end":{"line":148,"column":8}},"53":{"start":{"line":149,"column":19},"end":{"line":149,"column":35}},"54":{"start":{"line":150,"column":6},"end":{"line":160,"column":7}},"55":{"start":{"line":151,"column":8},"end":{"line":159,"column":9}},"56":{"start":{"line":152,"column":10},"end":{"line":158,"column":13}},"57":{"start":{"line":162,"column":6},"end":{"line":162,"column":23}},"58":{"start":{"line":166,"column":29},"end":{"line":176,"column":3}},"59":{"start":{"line":167,"column":4},"end":{"line":171,"column":7}},"60":{"start":{"line":172,"column":4},"end":{"line":175,"column":7}},"61":{"start":{"line":178,"column":28},"end":{"line":191,"column":3}},"62":{"start":{"line":179,"column":4},"end":{"line":183,"column":7}},"63":{"start":{"line":184,"column":4},"end":{"line":187,"column":7}},"64":{"start":{"line":188,"column":4},"end":{"line":190,"column":5}},"65":{"start":{"line":189,"column":6},"end":{"line":189,"column":51}},"66":{"start":{"line":193,"column":31},"end":{"line":201,"column":3}},"67":{"start":{"line":194,"column":4},"end":{"line":200,"column":7}},"68":{"start":{"line":203,"column":23},"end":{"line":210,"column":3}},"69":{"start":{"line":204,"column":4},"end":{"line":204,"column":41}},"70":{"start":{"line":205,"column":4},"end":{"line":205,"column":49}},"71":{"start":{"line":206,"column":4},"end":{"line":209,"column":7}},"72":{"start":{"line":212,"column":31},"end":{"line":225,"column":3}},"73":{"start":{"line":213,"column":22},"end":{"line":213,"column":27}},"74":{"start":{"line":214,"column":4},"end":{"line":220,"column":5}},"75":{"start":{"line":215,"column":6},"end":{"line":215,"column":25}},"76":{"start":{"line":216,"column":6},"end":{"line":216,"column":25}},"77":{"start":{"line":218,"column":6},"end":{"line":218,"column":26}},"78":{"start":{"line":219,"column":6},"end":{"line":219,"column":26}},"79":{"start":{"line":221,"column":4},"end":{"line":224,"column":7}},"80":{"start":{"line":227,"column":23},"end":{"line":256,"column":3}},"81":{"start":{"line":228,"column":20},"end":{"line":228,"column":25}},"82":{"start":{"line":229,"column":22},"end":{"line":234,"column":5}},"83":{"start":{"line":235,"column":4},"end":{"line":238,"column":5}},"84":{"start":{"line":236,"column":6},"end":{"line":236,"column":51}},"85":{"start":{"line":237,"column":6},"end":{"line":237,"column":23}},"86":{"start":{"line":239,"column":4},"end":{"line":242,"column":5}},"87":{"start":{"line":240,"column":6},"end":{"line":240,"column":50}},"88":{"start":{"line":241,"column":6},"end":{"line":241,"column":23}},"89":{"start":{"line":243,"column":4},"end":{"line":246,"column":5}},"90":{"start":{"line":244,"column":6},"end":{"line":244,"column":52}},"91":{"start":{"line":245,"column":6},"end":{"line":245,"column":23}},"92":{"start":{"line":247,"column":4},"end":{"line":250,"column":5}},"93":{"start":{"line":248,"column":6},"end":{"line":248,"column":49}},"94":{"start":{"line":249,"column":6},"end":{"line":249,"column":23}},"95":{"start":{"line":251,"column":4},"end":{"line":253,"column":5}},"96":{"start":{"line":252,"column":6},"end":{"line":252,"column":27}},"97":{"start":{"line":255,"column":4},"end":{"line":255,"column":21}},"98":{"start":{"line":258,"column":2},"end":{"line":307,"column":4}}},"fnMap":{"0":{"name":"(anonymous_0)","decl":{"start":{"line":46,"column":23},"end":{"line":46,"column":24}},"loc":{"start":{"line":46,"column":41},"end":{"line":308,"column":1}},"line":46},"1":{"name":"(anonymous_1)","decl":{"start":{"line":89,"column":22},"end":{"line":89,"column":23}},"loc":{"start":{"line":89,"column":36},"end":{"line":92,"column":3}},"line":89},"2":{"name":"(anonymous_2)","decl":{"start":{"line":93,"column":23},"end":{"line":93,"column":24}},"loc":{"start":{"line":93,"column":29},"end":{"line":96,"column":3}},"line":93},"3":{"name":"(anonymous_3)","decl":{"start":{"line":99,"column":26},"end":{"line":99,"column":27}},"loc":{"start":{"line":99,"column":32},"end":{"line":101,"column":3}},"line":99},"4":{"name":"(anonymous_4)","decl":{"start":{"line":103,"column":24},"end":{"line":103,"column":25}},"loc":{"start":{"line":103,"column":34},"end":{"line":123,"column":3}},"line":103},"5":{"name":"(anonymous_5)","decl":{"start":{"line":106,"column":46},"end":{"line":106,"column":47}},"loc":{"start":{"line":106,"column":53},"end":{"line":106,"column":63}},"line":106},"6":{"name":"(anonymous_6)","decl":{"start":{"line":125,"column":22},"end":{"line":125,"column":23}},"loc":{"start":{"line":125,"column":28},"end":{"line":128,"column":3}},"line":125},"7":{"name":"(anonymous_7)","decl":{"start":{"line":131,"column":21},"end":{"line":131,"column":22}},"loc":{"start":{"line":131,"column":27},"end":{"line":133,"column":3}},"line":131},"8":{"name":"(anonymous_8)","decl":{"start":{"line":135,"column":21},"end":{"line":135,"column":22}},"loc":{"start":{"line":135,"column":27},"end":{"line":137,"column":3}},"line":135},"9":{"name":"(anonymous_9)","decl":{"start":{"line":139,"column":28},"end":{"line":139,"column":29}},"loc":{"start":{"line":139,"column":41},"end":{"line":164,"column":3}},"line":139},"10":{"name":"(anonymous_10)","decl":{"start":{"line":166,"column":29},"end":{"line":166,"column":30}},"loc":{"start":{"line":166,"column":36},"end":{"line":176,"column":3}},"line":166},"11":{"name":"(anonymous_11)","decl":{"start":{"line":178,"column":28},"end":{"line":178,"column":29}},"loc":{"start":{"line":178,"column":35},"end":{"line":191,"column":3}},"line":178},"12":{"name":"(anonymous_12)","decl":{"start":{"line":193,"column":31},"end":{"line":193,"column":32}},"loc":{"start":{"line":193,"column":38},"end":{"line":201,"column":3}},"line":193},"13":{"name":"(anonymous_13)","decl":{"start":{"line":203,"column":23},"end":{"line":203,"column":24}},"loc":{"start":{"line":203,"column":34},"end":{"line":210,"column":3}},"line":203},"14":{"name":"(anonymous_14)","decl":{"start":{"line":212,"column":31},"end":{"line":212,"column":32}},"loc":{"start":{"line":212,"column":38},"end":{"line":225,"column":3}},"line":212},"15":{"name":"(anonymous_15)","decl":{"start":{"line":227,"column":23},"end":{"line":227,"column":24}},"loc":{"start":{"line":227,"column":29},"end":{"line":256,"column":3}},"line":227}},"branchMap":{"0":{"loc":{"start":{"line":104,"column":4},"end":{"line":122,"column":5}},"type":"if","locations":[{"start":{"line":104,"column":4},"end":{"line":122,"column":5}},{"start":{"line":104,"column":4},"end":{"line":122,"column":5}}],"line":104},"1":{"loc":{"start":{"line":105,"column":6},"end":{"line":116,"column":7}},"type":"if","locations":[{"start":{"line":105,"column":6},"end":{"line":116,"column":7}},{"start":{"line":105,"column":6},"end":{"line":116,"column":7}}],"line":105},"2":{"loc":{"start":{"line":107,"column":8},"end":{"line":109,"column":9}},"type":"if","locations":[{"start":{"line":107,"column":8},"end":{"line":109,"column":9}},{"start":{"line":107,"column":8},"end":{"line":109,"column":9}}],"line":107},"3":{"loc":{"start":{"line":150,"column":6},"end":{"line":160,"column":7}},"type":"if","locations":[{"start":{"line":150,"column":6},"end":{"line":160,"column":7}},{"start":{"line":150,"column":6},"end":{"line":160,"column":7}}],"line":150},"4":{"loc":{"start":{"line":151,"column":8},"end":{"line":159,"column":9}},"type":"if","locations":[{"start":{"line":151,"column":8},"end":{"line":159,"column":9}},{"start":{"line":151,"column":8},"end":{"line":159,"column":9}}],"line":151},"5":{"loc":{"start":{"line":188,"column":4},"end":{"line":190,"column":5}},"type":"if","locations":[{"start":{"line":188,"column":4},"end":{"line":190,"column":5}},{"start":{"line":188,"column":4},"end":{"line":190,"column":5}}],"line":188},"6":{"loc":{"start":{"line":214,"column":4},"end":{"line":220,"column":5}},"type":"if","locations":[{"start":{"line":214,"column":4},"end":{"line":220,"column":5}},{"start":{"line":214,"column":4},"end":{"line":220,"column":5}}],"line":214},"7":{"loc":{"start":{"line":235,"column":4},"end":{"line":238,"column":5}},"type":"if","locations":[{"start":{"line":235,"column":4},"end":{"line":238,"column":5}},{"start":{"line":235,"column":4},"end":{"line":238,"column":5}}],"line":235},"8":{"loc":{"start":{"line":239,"column":4},"end":{"line":242,"column":5}},"type":"if","locations":[{"start":{"line":239,"column":4},"end":{"line":242,"column":5}},{"start":{"line":239,"column":4},"end":{"line":242,"column":5}}],"line":239},"9":{"loc":{"start":{"line":243,"column":4},"end":{"line":246,"column":5}},"type":"if","locations":[{"start":{"line":243,"column":4},"end":{"line":246,"column":5}},{"start":{"line":243,"column":4},"end":{"line":246,"column":5}}],"line":243},"10":{"loc":{"start":{"line":247,"column":4},"end":{"line":250,"column":5}},"type":"if","locations":[{"start":{"line":247,"column":4},"end":{"line":250,"column":5}},{"start":{"line":247,"column":4},"end":{"line":250,"column":5}}],"line":247},"11":{"loc":{"start":{"line":247,"column":8},"end":{"line":247,"column":53}},"type":"binary-expr","locations":[{"start":{"line":247,"column":8},"end":{"line":247,"column":23}},{"start":{"line":247,"column":27},"end":{"line":247,"column":53}}],"line":247},"12":{"loc":{"start":{"line":251,"column":4},"end":{"line":253,"column":5}},"type":"if","locations":[{"start":{"line":251,"column":4},"end":{"line":253,"column":5}},{"start":{"line":251,"column":4},"end":{"line":253,"column":5}}],"line":251}},"s":{"0":12,"1":12,"2":12,"3":32,"4":32,"5":32,"6":32,"7":32,"8":32,"9":32,"10":32,"11":32,"12":32,"13":32,"14":32,"15":32,"16":32,"17":32,"18":32,"19":32,"20":32,"21":1,"22":1,"23":32,"24":0,"25":0,"26":32,"27":0,"28":32,"29":0,"30":0,"31":0,"32":0,"33":0,"34":0,"35":0,"36":0,"37":0,"38":0,"39":32,"40":0,"41":0,"42":32,"43":1,"44":32,"45":0,"46":32,"47":0,"48":0,"49":0,"50":0,"51":0,"52":0,"53":0,"54":0,"55":0,"56":0,"57":0,"58":32,"59":0,"60":0,"61":32,"62":0,"63":0,"64":0,"65":0,"66":32,"67":0,"68":32,"69":0,"70":0,"71":0,"72":32,"73":0,"74":0,"75":0,"76":0,"77":0,"78":0,"79":0,"80":32,"81":0,"82":0,"83":0,"84":0,"85":0,"86":0,"87":0,"88":0,"89":0,"90":0,"91":0,"92":0,"93":0,"94":0,"95":0,"96":0,"97":0,"98":32},"f":{"0":32,"1":1,"2":0,"3":0,"4":0,"5":0,"6":0,"7":1,"8":0,"9":0,"10":0,"11":0,"12":0,"13":0,"14":0,"15":0},"b":{"0":[0,0],"1":[0,0],"2":[0,0],"3":[0,0],"4":[0,0],"5":[0,0],"6":[0,0],"7":[0,0],"8":[0,0],"9":[0,0],"10":[0,0],"11":[0,0],"12":[0,0]},"_coverageSchema":"1a1c01bbd47fc00a2c39e90264f33305004495a9","hash":"acc769abc2d7ed94fceaea1a0aba39fcac717bf2"}
,"/home/daniel/HackReactor/Catwalk/client/src/state/contexts/RootContext.js": {"path":"/home/daniel/HackReactor/Catwalk/client/src/state/contexts/RootContext.js","statementMap":{"0":{"start":{"line":8,"column":28},"end":{"line":20,"column":1}},"1":{"start":{"line":9,"column":2},"end":{"line":19,"column":20}}},"fnMap":{"0":{"name":"(anonymous_0)","decl":{"start":{"line":8,"column":28},"end":{"line":8,"column":29}},"loc":{"start":{"line":9,"column":2},"end":{"line":19,"column":20}},"line":9}},"branchMap":{},"s":{"0":11,"1":30},"f":{"0":30},"b":{},"_coverageSchema":"1a1c01bbd47fc00a2c39e90264f33305004495a9","hash":"4c5dba2a359e7b91fec63e94a3b549798c671128"}
}
