{"/home/jessb/hackreactor/FEC/Catwalk/enzyme.setup.js": {"path":"/home/jessb/hackreactor/FEC/Catwalk/enzyme.setup.js","statementMap":{"0":{"start":{"line":7,"column":0},"end":{"line":7,"column":38}}},"fnMap":{},"branchMap":{},"s":{"0":17},"f":{},"b":{},"_coverageSchema":"1a1c01bbd47fc00a2c39e90264f33305004495a9","hash":"aaee416f9a80991a7e55e6201a21e1c4479915c2"}
,"/home/jessb/hackreactor/FEC/Catwalk/client/src/components/App.jsx": {"path":"/home/jessb/hackreactor/FEC/Catwalk/client/src/components/App.jsx","statementMap":{"0":{"start":{"line":12,"column":12},"end":{"line":30,"column":1}},"1":{"start":{"line":13,"column":2},"end":{"line":29,"column":8}}},"fnMap":{"0":{"name":"(anonymous_0)","decl":{"start":{"line":12,"column":12},"end":{"line":12,"column":13}},"loc":{"start":{"line":13,"column":2},"end":{"line":29,"column":8}},"line":13}},"branchMap":{},"s":{"0":1,"1":1},"f":{"0":1},"b":{},"_coverageSchema":"1a1c01bbd47fc00a2c39e90264f33305004495a9","hash":"cc0c5269d3c5d191bec04397541e0a6cf78f133e"}
,"/home/jessb/hackreactor/FEC/Catwalk/client/src/components/Header/index.jsx": {"path":"/home/jessb/hackreactor/FEC/Catwalk/client/src/components/Header/index.jsx","statementMap":{"0":{"start":{"line":4,"column":15},"end":{"line":37,"column":1}},"1":{"start":{"line":6,"column":30},"end":{"line":8,"column":4}},"2":{"start":{"line":10,"column":28},"end":{"line":12,"column":3}},"3":{"start":{"line":14,"column":17},"end":{"line":17,"column":3}},"4":{"start":{"line":15,"column":4},"end":{"line":15,"column":22}},"5":{"start":{"line":16,"column":4},"end":{"line":16,"column":25}},"6":{"start":{"line":18,"column":2},"end":{"line":36,"column":3}}},"fnMap":{"0":{"name":"(anonymous_0)","decl":{"start":{"line":4,"column":15},"end":{"line":4,"column":16}},"loc":{"start":{"line":4,"column":21},"end":{"line":37,"column":1}},"line":4},"1":{"name":"(anonymous_1)","decl":{"start":{"line":10,"column":28},"end":{"line":10,"column":29}},"loc":{"start":{"line":10,"column":34},"end":{"line":12,"column":3}},"line":10},"2":{"name":"(anonymous_2)","decl":{"start":{"line":14,"column":17},"end":{"line":14,"column":18}},"loc":{"start":{"line":14,"column":24},"end":{"line":17,"column":3}},"line":14}},"branchMap":{},"s":{"0":1,"1":0,"2":0,"3":0,"4":0,"5":0,"6":0},"f":{"0":0,"1":0,"2":0},"b":{},"_coverageSchema":"1a1c01bbd47fc00a2c39e90264f33305004495a9","hash":"0e3ca4d404056bece9b390aa5d187b0e3fb465f3"}
,"/home/jessb/hackreactor/FEC/Catwalk/client/src/components/ImageGallery/index.jsx": {"path":"/home/jessb/hackreactor/FEC/Catwalk/client/src/components/ImageGallery/index.jsx","statementMap":{"0":{"start":{"line":4,"column":21},"end":{"line":55,"column":1}},"1":{"start":{"line":6,"column":32},"end":{"line":31,"column":4}},"2":{"start":{"line":33,"column":34},"end":{"line":33,"column":53}},"3":{"start":{"line":35,"column":2},"end":{"line":54,"column":3}},"4":{"start":{"line":42,"column":14},"end":{"line":42,"column":110}}},"fnMap":{"0":{"name":"(anonymous_0)","decl":{"start":{"line":4,"column":21},"end":{"line":4,"column":22}},"loc":{"start":{"line":4,"column":27},"end":{"line":55,"column":1}},"line":4},"1":{"name":"(anonymous_1)","decl":{"start":{"line":41,"column":23},"end":{"line":41,"column":24}},"loc":{"start":{"line":41,"column":35},"end":{"line":43,"column":13}},"line":41}},"branchMap":{"0":{"loc":{"start":{"line":42,"column":51},"end":{"line":42,"column":99}},"type":"cond-expr","locations":[{"start":{"line":42,"column":64},"end":{"line":42,"column":77}},{"start":{"line":42,"column":80},"end":{"line":42,"column":99}}],"line":42}},"s":{"0":1,"1":0,"2":0,"3":0,"4":0},"f":{"0":0,"1":0},"b":{"0":[0,0]},"_coverageSchema":"1a1c01bbd47fc00a2c39e90264f33305004495a9","hash":"60607b8c8db37a5e3af144bd96fa0cd440fa87cc"}
,"/home/jessb/hackreactor/FEC/Catwalk/client/src/components/OverView/index.jsx": {"path":"/home/jessb/hackreactor/FEC/Catwalk/client/src/components/OverView/index.jsx","statementMap":{"0":{"start":{"line":8,"column":17},"end":{"line":22,"column":1}},"1":{"start":{"line":9,"column":2},"end":{"line":21,"column":3}}},"fnMap":{"0":{"name":"(anonymous_0)","decl":{"start":{"line":8,"column":17},"end":{"line":8,"column":18}},"loc":{"start":{"line":8,"column":23},"end":{"line":22,"column":1}},"line":8}},"branchMap":{},"s":{"0":1,"1":0},"f":{"0":0},"b":{},"_coverageSchema":"1a1c01bbd47fc00a2c39e90264f33305004495a9","hash":"96c9eae8abdbd6ab480c7f002860c33a97bc45f8"}
,"/home/jessb/hackreactor/FEC/Catwalk/client/src/components/ProductForm/index.jsx": {"path":"/home/jessb/hackreactor/FEC/Catwalk/client/src/components/ProductForm/index.jsx","statementMap":{"0":{"start":{"line":7,"column":20},"end":{"line":51,"column":1}},"1":{"start":{"line":8,"column":2},"end":{"line":8,"column":26}},"2":{"start":{"line":9,"column":32},"end":{"line":11,"column":4}},"3":{"start":{"line":13,"column":17},"end":{"line":15,"column":3}},"4":{"start":{"line":14,"column":4},"end":{"line":14,"column":23}},"5":{"start":{"line":16,"column":2},"end":{"line":50,"column":3}},"6":{"start":{"line":26,"column":14},"end":{"line":28,"column":15}}},"fnMap":{"0":{"name":"(anonymous_0)","decl":{"start":{"line":7,"column":20},"end":{"line":7,"column":21}},"loc":{"start":{"line":7,"column":26},"end":{"line":51,"column":1}},"line":7},"1":{"name":"(anonymous_1)","decl":{"start":{"line":13,"column":17},"end":{"line":13,"column":18}},"loc":{"start":{"line":13,"column":24},"end":{"line":15,"column":3}},"line":13},"2":{"name":"(anonymous_2)","decl":{"start":{"line":25,"column":34},"end":{"line":25,"column":35}},"loc":{"start":{"line":25,"column":48},"end":{"line":29,"column":13}},"line":25}},"branchMap":{},"s":{"0":1,"1":0,"2":0,"3":0,"4":0,"5":0,"6":0},"f":{"0":0,"1":0,"2":0},"b":{},"_coverageSchema":"1a1c01bbd47fc00a2c39e90264f33305004495a9","hash":"749cc2d862e3c2ab15e1cbbd7fd83ebd8b3c9828"}
,"/home/jessb/hackreactor/FEC/Catwalk/client/src/components/QA/Answer.jsx": {"path":"/home/jessb/hackreactor/FEC/Catwalk/client/src/components/QA/Answer.jsx","statementMap":{"0":{"start":{"line":4,"column":15},"end":{"line":61,"column":1}},"1":{"start":{"line":5,"column":32},"end":{"line":5,"column":47}},"2":{"start":{"line":6,"column":34},"end":{"line":6,"column":49}},"3":{"start":{"line":8,"column":2},"end":{"line":60,"column":4}},"4":{"start":{"line":29,"column":27},"end":{"line":29,"column":69}},"5":{"start":{"line":29,"column":70},"end":{"line":29,"column":87}},"6":{"start":{"line":43,"column":27},"end":{"line":43,"column":65}},"7":{"start":{"line":43,"column":66},"end":{"line":43,"column":84}},"8":{"start":{"line":52,"column":10},"end":{"line":56,"column":12}}},"fnMap":{"0":{"name":"(anonymous_0)","decl":{"start":{"line":4,"column":15},"end":{"line":4,"column":16}},"loc":{"start":{"line":4,"column":26},"end":{"line":61,"column":1}},"line":4},"1":{"name":"(anonymous_1)","decl":{"start":{"line":29,"column":19},"end":{"line":29,"column":20}},"loc":{"start":{"line":29,"column":25},"end":{"line":29,"column":89}},"line":29},"2":{"name":"(anonymous_2)","decl":{"start":{"line":43,"column":19},"end":{"line":43,"column":20}},"loc":{"start":{"line":43,"column":25},"end":{"line":43,"column":86}},"line":43},"3":{"name":"(anonymous_3)","decl":{"start":{"line":51,"column":26},"end":{"line":51,"column":27}},"loc":{"start":{"line":52,"column":10},"end":{"line":56,"column":12}},"line":52}},"branchMap":{"0":{"loc":{"start":{"line":31,"column":11},"end":{"line":33,"column":76}},"type":"cond-expr","locations":[{"start":{"line":32,"column":14},"end":{"line":32,"column":88}},{"start":{"line":33,"column":14},"end":{"line":33,"column":76}}],"line":31},"1":{"loc":{"start":{"line":45,"column":11},"end":{"line":47,"column":71}},"type":"cond-expr","locations":[{"start":{"line":46,"column":14},"end":{"line":46,"column":82}},{"start":{"line":47,"column":14},"end":{"line":47,"column":71}}],"line":45}},"s":{"0":6,"1":34,"2":34,"3":34,"4":3,"5":3,"6":3,"7":3,"8":0},"f":{"0":34,"1":3,"2":3,"3":0},"b":{"0":[3,31],"1":[3,31]},"_coverageSchema":"1a1c01bbd47fc00a2c39e90264f33305004495a9","hash":"09e22a3196d3afded8d2c68340ac8aaacfbcc66b"}
,"/home/jessb/hackreactor/FEC/Catwalk/client/src/components/QA/AnswerList.jsx": {"path":"/home/jessb/hackreactor/FEC/Catwalk/client/src/components/QA/AnswerList.jsx","statementMap":{"0":{"start":{"line":9,"column":17},"end":{"line":63,"column":1}},"1":{"start":{"line":10,"column":72},"end":{"line":10,"column":94}},"2":{"start":{"line":11,"column":34},"end":{"line":11,"column":59}},"3":{"start":{"line":13,"column":31},"end":{"line":13,"column":46}},"4":{"start":{"line":14,"column":45},"end":{"line":14,"column":70}},"5":{"start":{"line":16,"column":19},"end":{"line":16,"column":21}},"6":{"start":{"line":17,"column":2},"end":{"line":19,"column":3}},"7":{"start":{"line":18,"column":4},"end":{"line":18,"column":40}},"8":{"start":{"line":21,"column":2},"end":{"line":21,"column":71}},"9":{"start":{"line":21,"column":34},"end":{"line":21,"column":69}},"10":{"start":{"line":23,"column":23},"end":{"line":23,"column":45}},"11":{"start":{"line":24,"column":19},"end":{"line":24,"column":37}},"12":{"start":{"line":26,"column":23},"end":{"line":26,"column":44}},"13":{"start":{"line":28,"column":2},"end":{"line":32,"column":3}},"14":{"start":{"line":29,"column":4},"end":{"line":29,"column":29}},"15":{"start":{"line":31,"column":4},"end":{"line":31,"column":33}},"16":{"start":{"line":34,"column":31},"end":{"line":38,"column":3}},"17":{"start":{"line":35,"column":4},"end":{"line":37,"column":5}},"18":{"start":{"line":36,"column":6},"end":{"line":36,"column":36}},"19":{"start":{"line":40,"column":26},"end":{"line":44,"column":3}},"20":{"start":{"line":41,"column":4},"end":{"line":43,"column":5}},"21":{"start":{"line":42,"column":6},"end":{"line":42,"column":29}},"22":{"start":{"line":46,"column":2},"end":{"line":60,"column":3}},"23":{"start":{"line":50,"column":10},"end":{"line":50,"column":323}},"24":{"start":{"line":55,"column":86},"end":{"line":55,"column":103}},"25":{"start":{"line":56,"column":82},"end":{"line":56,"column":98}}},"fnMap":{"0":{"name":"(anonymous_0)","decl":{"start":{"line":9,"column":17},"end":{"line":9,"column":18}},"loc":{"start":{"line":9,"column":28},"end":{"line":63,"column":1}},"line":9},"1":{"name":"(anonymous_1)","decl":{"start":{"line":21,"column":18},"end":{"line":21,"column":19}},"loc":{"start":{"line":21,"column":34},"end":{"line":21,"column":69}},"line":21},"2":{"name":"(anonymous_2)","decl":{"start":{"line":34,"column":31},"end":{"line":34,"column":32}},"loc":{"start":{"line":34,"column":59},"end":{"line":38,"column":3}},"line":34},"3":{"name":"(anonymous_3)","decl":{"start":{"line":40,"column":26},"end":{"line":40,"column":27}},"loc":{"start":{"line":40,"column":55},"end":{"line":44,"column":3}},"line":40},"4":{"name":"(anonymous_4)","decl":{"start":{"line":49,"column":25},"end":{"line":49,"column":26}},"loc":{"start":{"line":50,"column":10},"end":{"line":50,"column":323}},"line":50},"5":{"name":"(anonymous_5)","decl":{"start":{"line":55,"column":80},"end":{"line":55,"column":81}},"loc":{"start":{"line":55,"column":86},"end":{"line":55,"column":103}},"line":55},"6":{"name":"(anonymous_6)","decl":{"start":{"line":56,"column":76},"end":{"line":56,"column":77}},"loc":{"start":{"line":56,"column":82},"end":{"line":56,"column":98}},"line":56}},"branchMap":{"0":{"loc":{"start":{"line":28,"column":2},"end":{"line":32,"column":3}},"type":"if","locations":[{"start":{"line":28,"column":2},"end":{"line":32,"column":3}},{"start":{"line":28,"column":2},"end":{"line":32,"column":3}}],"line":28},"1":{"loc":{"start":{"line":35,"column":4},"end":{"line":37,"column":5}},"type":"if","locations":[{"start":{"line":35,"column":4},"end":{"line":37,"column":5}},{"start":{"line":35,"column":4},"end":{"line":37,"column":5}}],"line":35},"2":{"loc":{"start":{"line":41,"column":4},"end":{"line":43,"column":5}},"type":"if","locations":[{"start":{"line":41,"column":4},"end":{"line":43,"column":5}},{"start":{"line":41,"column":4},"end":{"line":43,"column":5}}],"line":41},"3":{"loc":{"start":{"line":53,"column":7},"end":{"line":57,"column":16}},"type":"cond-expr","locations":[{"start":{"line":54,"column":8},"end":{"line":56,"column":126}},{"start":{"line":57,"column":10},"end":{"line":57,"column":16}}],"line":53},"4":{"loc":{"start":{"line":54,"column":8},"end":{"line":56,"column":126}},"type":"cond-expr","locations":[{"start":{"line":55,"column":12},"end":{"line":55,"column":130}},{"start":{"line":56,"column":12},"end":{"line":56,"column":126}}],"line":54}},"s":{"0":5,"1":14,"2":14,"3":14,"4":14,"5":14,"6":14,"7":28,"8":14,"9":14,"10":14,"11":14,"12":14,"13":14,"14":2,"15":12,"16":14,"17":0,"18":0,"19":14,"20":0,"21":0,"22":14,"23":23,"24":1,"25":2},"f":{"0":14,"1":14,"2":0,"3":0,"4":23,"5":1,"6":2},"b":{"0":[2,12],"1":[0,0],"2":[0,0],"3":[7,7],"4":[2,5]},"_coverageSchema":"1a1c01bbd47fc00a2c39e90264f33305004495a9","hash":"b3801d939fcf6a0520d19ba9003f6d27c8117cdd"}
,"/home/jessb/hackreactor/FEC/Catwalk/client/src/components/QA/AnswerModal.jsx": {"path":"/home/jessb/hackreactor/FEC/Catwalk/client/src/components/QA/AnswerModal.jsx","statementMap":{"0":{"start":{"line":11,"column":20},"end":{"line":183,"column":1}},"1":{"start":{"line":12,"column":49},"end":{"line":12,"column":71}},"2":{"start":{"line":14,"column":42},"end":{"line":14,"column":56}},"3":{"start":{"line":15,"column":42},"end":{"line":15,"column":56}},"4":{"start":{"line":16,"column":36},"end":{"line":16,"column":50}},"5":{"start":{"line":17,"column":40},"end":{"line":17,"column":54}},"6":{"start":{"line":18,"column":30},"end":{"line":18,"column":42}},"7":{"start":{"line":20,"column":23},"end":{"line":20,"column":27}},"8":{"start":{"line":21,"column":23},"end":{"line":21,"column":27}},"9":{"start":{"line":22,"column":20},"end":{"line":22,"column":24}},"10":{"start":{"line":24,"column":17},"end":{"line":32,"column":3}},"11":{"start":{"line":25,"column":24},"end":{"line":25,"column":38}},"12":{"start":{"line":26,"column":4},"end":{"line":31,"column":5}},"13":{"start":{"line":27,"column":6},"end":{"line":27,"column":35}},"14":{"start":{"line":28,"column":6},"end":{"line":28,"column":31}},"15":{"start":{"line":29,"column":11},"end":{"line":31,"column":5}},"16":{"start":{"line":30,"column":6},"end":{"line":30,"column":37}},"17":{"start":{"line":34,"column":20},"end":{"line":54,"column":3}},"18":{"start":{"line":35,"column":21},"end":{"line":35,"column":35}},"19":{"start":{"line":36,"column":4},"end":{"line":36,"column":47}},"20":{"start":{"line":37,"column":4},"end":{"line":37,"column":49}},"21":{"start":{"line":38,"column":4},"end":{"line":53,"column":5}},"22":{"start":{"line":39,"column":18},"end":{"line":42,"column":8}},"23":{"start":{"line":43,"column":19},"end":{"line":43,"column":35}},"24":{"start":{"line":44,"column":6},"end":{"line":50,"column":7}},"25":{"start":{"line":45,"column":8},"end":{"line":45,"column":25}},"26":{"start":{"line":46,"column":8},"end":{"line":49,"column":9}},"27":{"start":{"line":47,"column":10},"end":{"line":47,"column":28}},"28":{"start":{"line":48,"column":10},"end":{"line":48,"column":29}},"29":{"start":{"line":52,"column":6},"end":{"line":52,"column":23}},"30":{"start":{"line":56,"column":15},"end":{"line":66,"column":3}},"31":{"start":{"line":57,"column":4},"end":{"line":65,"column":5}},"32":{"start":{"line":58,"column":6},"end":{"line":58,"column":27}},"33":{"start":{"line":59,"column":6},"end":{"line":59,"column":33}},"34":{"start":{"line":60,"column":6},"end":{"line":60,"column":34}},"35":{"start":{"line":61,"column":6},"end":{"line":61,"column":25}},"36":{"start":{"line":63,"column":6},"end":{"line":63,"column":28}},"37":{"start":{"line":64,"column":6},"end":{"line":64,"column":25}},"38":{"start":{"line":68,"column":18},"end":{"line":101,"column":3}},"39":{"start":{"line":69,"column":4},"end":{"line":75,"column":5}},"40":{"start":{"line":70,"column":6},"end":{"line":70,"column":28}},"41":{"start":{"line":71,"column":6},"end":{"line":71,"column":28}},"42":{"start":{"line":72,"column":11},"end":{"line":75,"column":5}},"43":{"start":{"line":73,"column":6},"end":{"line":73,"column":29}},"44":{"start":{"line":74,"column":6},"end":{"line":74,"column":29}},"45":{"start":{"line":77,"column":4},"end":{"line":83,"column":5}},"46":{"start":{"line":78,"column":6},"end":{"line":78,"column":28}},"47":{"start":{"line":79,"column":6},"end":{"line":79,"column":28}},"48":{"start":{"line":80,"column":11},"end":{"line":83,"column":5}},"49":{"start":{"line":81,"column":6},"end":{"line":81,"column":29}},"50":{"start":{"line":82,"column":6},"end":{"line":82,"column":29}},"51":{"start":{"line":85,"column":4},"end":{"line":91,"column":5}},"52":{"start":{"line":86,"column":6},"end":{"line":86,"column":25}},"53":{"start":{"line":87,"column":6},"end":{"line":87,"column":25}},"54":{"start":{"line":88,"column":11},"end":{"line":91,"column":5}},"55":{"start":{"line":89,"column":6},"end":{"line":89,"column":26}},"56":{"start":{"line":90,"column":6},"end":{"line":90,"column":26}},"57":{"start":{"line":93,"column":21},"end":{"line":98,"column":5}},"58":{"start":{"line":100,"column":4},"end":{"line":100,"column":41}},"59":{"start":{"line":103,"column":2},"end":{"line":182,"column":3}},"60":{"start":{"line":159,"column":67},"end":{"line":159,"column":97}},"61":{"start":{"line":172,"column":16},"end":{"line":172,"column":73}},"62":{"start":{"line":178,"column":86},"end":{"line":178,"column":158}}},"fnMap":{"0":{"name":"(anonymous_0)","decl":{"start":{"line":11,"column":20},"end":{"line":11,"column":21}},"loc":{"start":{"line":11,"column":31},"end":{"line":183,"column":1}},"line":11},"1":{"name":"(anonymous_1)","decl":{"start":{"line":24,"column":17},"end":{"line":24,"column":18}},"loc":{"start":{"line":24,"column":36},"end":{"line":32,"column":3}},"line":24},"2":{"name":"(anonymous_2)","decl":{"start":{"line":34,"column":20},"end":{"line":34,"column":21}},"loc":{"start":{"line":34,"column":33},"end":{"line":54,"column":3}},"line":34},"3":{"name":"(anonymous_3)","decl":{"start":{"line":56,"column":15},"end":{"line":56,"column":16}},"loc":{"start":{"line":56,"column":42},"end":{"line":66,"column":3}},"line":56},"4":{"name":"(anonymous_4)","decl":{"start":{"line":68,"column":18},"end":{"line":68,"column":19}},"loc":{"start":{"line":68,"column":54},"end":{"line":101,"column":3}},"line":68},"5":{"name":"(anonymous_5)","decl":{"start":{"line":159,"column":61},"end":{"line":159,"column":62}},"loc":{"start":{"line":159,"column":67},"end":{"line":159,"column":97}},"line":159},"6":{"name":"(anonymous_6)","decl":{"start":{"line":171,"column":26},"end":{"line":171,"column":27}},"loc":{"start":{"line":172,"column":16},"end":{"line":172,"column":73}},"line":172},"7":{"name":"(anonymous_7)","decl":{"start":{"line":178,"column":79},"end":{"line":178,"column":80}},"loc":{"start":{"line":178,"column":85},"end":{"line":178,"column":159}},"line":178}},"branchMap":{"0":{"loc":{"start":{"line":26,"column":4},"end":{"line":31,"column":5}},"type":"if","locations":[{"start":{"line":26,"column":4},"end":{"line":31,"column":5}},{"start":{"line":26,"column":4},"end":{"line":31,"column":5}}],"line":26},"1":{"loc":{"start":{"line":26,"column":8},"end":{"line":26,"column":44}},"type":"binary-expr","locations":[{"start":{"line":26,"column":8},"end":{"line":26,"column":32}},{"start":{"line":26,"column":36},"end":{"line":26,"column":44}}],"line":26},"2":{"loc":{"start":{"line":29,"column":11},"end":{"line":31,"column":5}},"type":"if","locations":[{"start":{"line":29,"column":11},"end":{"line":31,"column":5}},{"start":{"line":29,"column":11},"end":{"line":31,"column":5}}],"line":29},"3":{"loc":{"start":{"line":44,"column":6},"end":{"line":50,"column":7}},"type":"if","locations":[{"start":{"line":44,"column":6},"end":{"line":50,"column":7}},{"start":{"line":44,"column":6},"end":{"line":50,"column":7}}],"line":44},"4":{"loc":{"start":{"line":46,"column":8},"end":{"line":49,"column":9}},"type":"if","locations":[{"start":{"line":46,"column":8},"end":{"line":49,"column":9}},{"start":{"line":46,"column":8},"end":{"line":49,"column":9}}],"line":46},"5":{"loc":{"start":{"line":46,"column":12},"end":{"line":46,"column":41}},"type":"binary-expr","locations":[{"start":{"line":46,"column":12},"end":{"line":46,"column":29}},{"start":{"line":46,"column":33},"end":{"line":46,"column":41}}],"line":46},"6":{"loc":{"start":{"line":57,"column":4},"end":{"line":65,"column":5}},"type":"if","locations":[{"start":{"line":57,"column":4},"end":{"line":65,"column":5}},{"start":{"line":57,"column":4},"end":{"line":65,"column":5}}],"line":57},"7":{"loc":{"start":{"line":57,"column":8},"end":{"line":57,"column":55}},"type":"binary-expr","locations":[{"start":{"line":57,"column":8},"end":{"line":57,"column":22}},{"start":{"line":57,"column":26},"end":{"line":57,"column":40}},{"start":{"line":57,"column":44},"end":{"line":57,"column":55}}],"line":57},"8":{"loc":{"start":{"line":69,"column":4},"end":{"line":75,"column":5}},"type":"if","locations":[{"start":{"line":69,"column":4},"end":{"line":75,"column":5}},{"start":{"line":69,"column":4},"end":{"line":75,"column":5}}],"line":69},"9":{"loc":{"start":{"line":69,"column":8},"end":{"line":69,"column":39}},"type":"binary-expr","locations":[{"start":{"line":69,"column":8},"end":{"line":69,"column":16}},{"start":{"line":69,"column":20},"end":{"line":69,"column":39}}],"line":69},"10":{"loc":{"start":{"line":72,"column":11},"end":{"line":75,"column":5}},"type":"if","locations":[{"start":{"line":72,"column":11},"end":{"line":75,"column":5}},{"start":{"line":72,"column":11},"end":{"line":75,"column":5}}],"line":72},"11":{"loc":{"start":{"line":72,"column":15},"end":{"line":72,"column":49}},"type":"binary-expr","locations":[{"start":{"line":72,"column":15},"end":{"line":72,"column":24}},{"start":{"line":72,"column":28},"end":{"line":72,"column":49}}],"line":72},"12":{"loc":{"start":{"line":77,"column":4},"end":{"line":83,"column":5}},"type":"if","locations":[{"start":{"line":77,"column":4},"end":{"line":83,"column":5}},{"start":{"line":77,"column":4},"end":{"line":83,"column":5}}],"line":77},"13":{"loc":{"start":{"line":77,"column":8},"end":{"line":77,"column":39}},"type":"binary-expr","locations":[{"start":{"line":77,"column":8},"end":{"line":77,"column":16}},{"start":{"line":77,"column":20},"end":{"line":77,"column":39}}],"line":77},"14":{"loc":{"start":{"line":80,"column":11},"end":{"line":83,"column":5}},"type":"if","locations":[{"start":{"line":80,"column":11},"end":{"line":83,"column":5}},{"start":{"line":80,"column":11},"end":{"line":83,"column":5}}],"line":80},"15":{"loc":{"start":{"line":80,"column":15},"end":{"line":80,"column":49}},"type":"binary-expr","locations":[{"start":{"line":80,"column":15},"end":{"line":80,"column":24}},{"start":{"line":80,"column":28},"end":{"line":80,"column":49}}],"line":80},"16":{"loc":{"start":{"line":85,"column":4},"end":{"line":91,"column":5}},"type":"if","locations":[{"start":{"line":85,"column":4},"end":{"line":91,"column":5}},{"start":{"line":85,"column":4},"end":{"line":91,"column":5}}],"line":85},"17":{"loc":{"start":{"line":85,"column":8},"end":{"line":85,"column":39}},"type":"binary-expr","locations":[{"start":{"line":85,"column":8},"end":{"line":85,"column":13}},{"start":{"line":85,"column":17},"end":{"line":85,"column":39}}],"line":85},"18":{"loc":{"start":{"line":88,"column":11},"end":{"line":91,"column":5}},"type":"if","locations":[{"start":{"line":88,"column":11},"end":{"line":91,"column":5}},{"start":{"line":88,"column":11},"end":{"line":91,"column":5}}],"line":88},"19":{"loc":{"start":{"line":88,"column":15},"end":{"line":88,"column":47}},"type":"binary-expr","locations":[{"start":{"line":88,"column":15},"end":{"line":88,"column":21}},{"start":{"line":88,"column":25},"end":{"line":88,"column":47}}],"line":88},"20":{"loc":{"start":{"line":109,"column":11},"end":{"line":111,"column":82}},"type":"cond-expr","locations":[{"start":{"line":110,"column":14},"end":{"line":110,"column":18}},{"start":{"line":111,"column":14},"end":{"line":111,"column":82}}],"line":109},"21":{"loc":{"start":{"line":115,"column":11},"end":{"line":123,"column":20}},"type":"cond-expr","locations":[{"start":{"line":116,"column":14},"end":{"line":119,"column":20}},{"start":{"line":120,"column":14},"end":{"line":123,"column":20}}],"line":115},"22":{"loc":{"start":{"line":127,"column":11},"end":{"line":137,"column":20}},"type":"cond-expr","locations":[{"start":{"line":128,"column":14},"end":{"line":132,"column":20}},{"start":{"line":133,"column":14},"end":{"line":137,"column":20}}],"line":127},"23":{"loc":{"start":{"line":141,"column":11},"end":{"line":151,"column":20}},"type":"cond-expr","locations":[{"start":{"line":142,"column":14},"end":{"line":146,"column":20}},{"start":{"line":147,"column":14},"end":{"line":151,"column":20}}],"line":141},"24":{"loc":{"start":{"line":158,"column":13},"end":{"line":160,"column":45}},"type":"cond-expr","locations":[{"start":{"line":159,"column":16},"end":{"line":159,"column":117}},{"start":{"line":160,"column":16},"end":{"line":160,"column":45}}],"line":158},"25":{"loc":{"start":{"line":162,"column":13},"end":{"line":168,"column":45}},"type":"cond-expr","locations":[{"start":{"line":163,"column":16},"end":{"line":166,"column":24}},{"start":{"line":168,"column":16},"end":{"line":168,"column":45}}],"line":162}},"s":{"0":5,"1":6,"2":6,"3":6,"4":6,"5":6,"6":6,"7":6,"8":6,"9":6,"10":6,"11":0,"12":0,"13":0,"14":0,"15":0,"16":0,"17":6,"18":0,"19":0,"20":0,"21":0,"22":0,"23":0,"24":0,"25":0,"26":0,"27":0,"28":0,"29":0,"30":6,"31":1,"32":0,"33":0,"34":0,"35":0,"36":1,"37":1,"38":6,"39":1,"40":0,"41":0,"42":1,"43":1,"44":1,"45":1,"46":0,"47":0,"48":1,"49":1,"50":1,"51":1,"52":0,"53":0,"54":1,"55":1,"56":1,"57":1,"58":1,"59":6,"60":0,"61":0,"62":1},"f":{"0":6,"1":0,"2":0,"3":1,"4":1,"5":0,"6":0,"7":1},"b":{"0":[0,0],"1":[0,0],"2":[0,0],"3":[0,0],"4":[0,0],"5":[0,0],"6":[0,1],"7":[1,0,0],"8":[0,1],"9":[1,0],"10":[1,0],"11":[1,0],"12":[0,1],"13":[1,0],"14":[1,0],"15":[1,0],"16":[0,1],"17":[1,0],"18":[1,0],"19":[1,0],"20":[5,1],"21":[5,1],"22":[5,1],"23":[5,1],"24":[6,0],"25":[6,0]},"_coverageSchema":"1a1c01bbd47fc00a2c39e90264f33305004495a9","hash":"96c0ce8e030da27eec3faa7437832a80f939e47c"}
,"/home/jessb/hackreactor/FEC/Catwalk/client/src/components/QA/QAEntry.jsx": {"path":"/home/jessb/hackreactor/FEC/Catwalk/client/src/components/QA/QAEntry.jsx","statementMap":{"0":{"start":{"line":6,"column":9},"end":{"line":63,"column":1}},"1":{"start":{"line":7,"column":31},"end":{"line":7,"column":46}},"2":{"start":{"line":8,"column":33},"end":{"line":8,"column":48}},"3":{"start":{"line":9,"column":35},"end":{"line":9,"column":50}},"4":{"start":{"line":11,"column":25},"end":{"line":13,"column":3}},"5":{"start":{"line":12,"column":4},"end":{"line":12,"column":24}},"6":{"start":{"line":15,"column":2},"end":{"line":62,"column":3}},"7":{"start":{"line":28,"column":68},"end":{"line":28,"column":110}},"8":{"start":{"line":28,"column":111},"end":{"line":28,"column":128}},"9":{"start":{"line":41,"column":80},"end":{"line":41,"column":98}},"10":{"start":{"line":46,"column":68},"end":{"line":46,"column":86}}},"fnMap":{"0":{"name":"(anonymous_0)","decl":{"start":{"line":6,"column":9},"end":{"line":6,"column":10}},"loc":{"start":{"line":6,"column":20},"end":{"line":63,"column":1}},"line":6},"1":{"name":"(anonymous_1)","decl":{"start":{"line":11,"column":25},"end":{"line":11,"column":26}},"loc":{"start":{"line":11,"column":36},"end":{"line":13,"column":3}},"line":11},"2":{"name":"(anonymous_2)","decl":{"start":{"line":28,"column":61},"end":{"line":28,"column":62}},"loc":{"start":{"line":28,"column":67},"end":{"line":28,"column":129}},"line":28},"3":{"name":"(anonymous_3)","decl":{"start":{"line":41,"column":73},"end":{"line":41,"column":74}},"loc":{"start":{"line":41,"column":79},"end":{"line":41,"column":99}},"line":41},"4":{"name":"(anonymous_4)","decl":{"start":{"line":46,"column":61},"end":{"line":46,"column":62}},"loc":{"start":{"line":46,"column":67},"end":{"line":46,"column":87}},"line":46}},"branchMap":{"0":{"loc":{"start":{"line":29,"column":13},"end":{"line":31,"column":67}},"type":"cond-expr","locations":[{"start":{"line":30,"column":16},"end":{"line":30,"column":74}},{"start":{"line":31,"column":16},"end":{"line":31,"column":67}}],"line":29},"1":{"loc":{"start":{"line":44,"column":13},"end":{"line":49,"column":18}},"type":"cond-expr","locations":[{"start":{"line":45,"column":14},"end":{"line":48,"column":20}},{"start":{"line":49,"column":14},"end":{"line":49,"column":18}}],"line":44}},"s":{"0":4,"1":7,"2":7,"3":7,"4":7,"5":0,"6":7,"7":0,"8":0,"9":1,"10":0},"f":{"0":7,"1":0,"2":0,"3":1,"4":0},"b":{"0":[0,7],"1":[1,6]},"_coverageSchema":"1a1c01bbd47fc00a2c39e90264f33305004495a9","hash":"b22e9b4e222f746827d6353dba4441f5d2d55676"}
,"/home/jessb/hackreactor/FEC/Catwalk/client/src/components/QA/QAList.jsx": {"path":"/home/jessb/hackreactor/FEC/Catwalk/client/src/components/QA/QAList.jsx","statementMap":{"0":{"start":{"line":8,"column":13},"end":{"line":30,"column":1}},"1":{"start":{"line":9,"column":76},"end":{"line":9,"column":98}},"2":{"start":{"line":11,"column":33},"end":{"line":15,"column":3}},"3":{"start":{"line":12,"column":4},"end":{"line":14,"column":5}},"4":{"start":{"line":13,"column":6},"end":{"line":13,"column":40}},"5":{"start":{"line":17,"column":28},"end":{"line":21,"column":3}},"6":{"start":{"line":18,"column":4},"end":{"line":20,"column":5}},"7":{"start":{"line":19,"column":6},"end":{"line":19,"column":33}},"8":{"start":{"line":23,"column":2},"end":{"line":29,"column":3}},"9":{"start":{"line":26,"column":6},"end":{"line":26,"column":399}}},"fnMap":{"0":{"name":"(anonymous_0)","decl":{"start":{"line":8,"column":13},"end":{"line":8,"column":14}},"loc":{"start":{"line":8,"column":24},"end":{"line":30,"column":1}},"line":8},"1":{"name":"(anonymous_1)","decl":{"start":{"line":11,"column":33},"end":{"line":11,"column":34}},"loc":{"start":{"line":11,"column":63},"end":{"line":15,"column":3}},"line":11},"2":{"name":"(anonymous_2)","decl":{"start":{"line":17,"column":28},"end":{"line":17,"column":29}},"loc":{"start":{"line":17,"column":59},"end":{"line":21,"column":3}},"line":17},"3":{"name":"(anonymous_3)","decl":{"start":{"line":25,"column":30},"end":{"line":25,"column":31}},"loc":{"start":{"line":26,"column":6},"end":{"line":26,"column":399}},"line":26}},"branchMap":{"0":{"loc":{"start":{"line":12,"column":4},"end":{"line":14,"column":5}},"type":"if","locations":[{"start":{"line":12,"column":4},"end":{"line":14,"column":5}},{"start":{"line":12,"column":4},"end":{"line":14,"column":5}}],"line":12},"1":{"loc":{"start":{"line":18,"column":4},"end":{"line":20,"column":5}},"type":"if","locations":[{"start":{"line":18,"column":4},"end":{"line":20,"column":5}},{"start":{"line":18,"column":4},"end":{"line":20,"column":5}}],"line":18}},"s":{"0":3,"1":18,"2":18,"3":0,"4":0,"5":18,"6":0,"7":0,"8":18,"9":3},"f":{"0":18,"1":0,"2":0,"3":3},"b":{"0":[0,0],"1":[0,0]},"_coverageSchema":"1a1c01bbd47fc00a2c39e90264f33305004495a9","hash":"1e6f39e406cab3bb412cfbbfc3b87b1172ddd0b3"}
,"/home/jessb/hackreactor/FEC/Catwalk/client/src/components/QA/QAindex.jsx": {"path":"/home/jessb/hackreactor/FEC/Catwalk/client/src/components/QA/QAindex.jsx","statementMap":{"0":{"start":{"line":13,"column":18},"end":{"line":109,"column":1}},"1":{"start":{"line":14,"column":54},"end":{"line":14,"column":76}},"2":{"start":{"line":15,"column":24},"end":{"line":15,"column":51}},"3":{"start":{"line":16,"column":50},"end":{"line":16,"column":76}},"4":{"start":{"line":19,"column":31},"end":{"line":19,"column":46}},"5":{"start":{"line":20,"column":35},"end":{"line":20,"column":50}},"6":{"start":{"line":21,"column":43},"end":{"line":21,"column":55}},"7":{"start":{"line":22,"column":35},"end":{"line":22,"column":50}},"8":{"start":{"line":25,"column":2},"end":{"line":28,"column":9}},"9":{"start":{"line":26,"column":4},"end":{"line":26,"column":30}},"10":{"start":{"line":27,"column":4},"end":{"line":27,"column":21}},"11":{"start":{"line":30,"column":21},"end":{"line":30,"column":38}},"12":{"start":{"line":31,"column":2},"end":{"line":31,"column":73}},"13":{"start":{"line":31,"column":36},"end":{"line":31,"column":71}},"14":{"start":{"line":33,"column":27},"end":{"line":35,"column":3}},"15":{"start":{"line":34,"column":4},"end":{"line":34,"column":24}},"16":{"start":{"line":37,"column":19},"end":{"line":56,"column":3}},"17":{"start":{"line":38,"column":4},"end":{"line":55,"column":5}},"18":{"start":{"line":39,"column":30},"end":{"line":39,"column":32}},"19":{"start":{"line":40,"column":6},"end":{"line":45,"column":7}},"20":{"start":{"line":40,"column":19},"end":{"line":40,"column":20}},"21":{"start":{"line":41,"column":30},"end":{"line":41,"column":73}},"22":{"start":{"line":42,"column":8},"end":{"line":44,"column":9}},"23":{"start":{"line":43,"column":10},"end":{"line":43,"column":50}},"24":{"start":{"line":46,"column":6},"end":{"line":46,"column":42}},"25":{"start":{"line":47,"column":6},"end":{"line":51,"column":7}},"26":{"start":{"line":48,"column":8},"end":{"line":48,"column":27}},"27":{"start":{"line":50,"column":8},"end":{"line":50,"column":28}},"28":{"start":{"line":53,"column":6},"end":{"line":53,"column":26}},"29":{"start":{"line":54,"column":6},"end":{"line":54,"column":37}},"30":{"start":{"line":58,"column":25},"end":{"line":58,"column":49}},"31":{"start":{"line":60,"column":2},"end":{"line":74,"column":3}},"32":{"start":{"line":61,"column":32},"end":{"line":61,"column":53}},"33":{"start":{"line":62,"column":37},"end":{"line":62,"column":70}},"34":{"start":{"line":63,"column":4},"end":{"line":67,"column":5}},"35":{"start":{"line":64,"column":6},"end":{"line":64,"column":44}},"36":{"start":{"line":66,"column":6},"end":{"line":66,"column":49}},"37":{"start":{"line":69,"column":4},"end":{"line":73,"column":5}},"38":{"start":{"line":70,"column":6},"end":{"line":70,"column":35}},"39":{"start":{"line":72,"column":6},"end":{"line":72,"column":39}},"40":{"start":{"line":77,"column":2},"end":{"line":108,"column":3}},"41":{"start":{"line":83,"column":141},"end":{"line":83,"column":175}},"42":{"start":{"line":93,"column":81},"end":{"line":93,"column":98}},"43":{"start":{"line":94,"column":80},"end":{"line":94,"column":96}},"44":{"start":{"line":96,"column":75},"end":{"line":96,"column":93}},"45":{"start":{"line":101,"column":66},"end":{"line":101,"column":86}}},"fnMap":{"0":{"name":"(anonymous_0)","decl":{"start":{"line":13,"column":18},"end":{"line":13,"column":19}},"loc":{"start":{"line":13,"column":24},"end":{"line":109,"column":1}},"line":13},"1":{"name":"(anonymous_1)","decl":{"start":{"line":25,"column":12},"end":{"line":25,"column":13}},"loc":{"start":{"line":25,"column":18},"end":{"line":28,"column":3}},"line":25},"2":{"name":"(anonymous_2)","decl":{"start":{"line":31,"column":20},"end":{"line":31,"column":21}},"loc":{"start":{"line":31,"column":36},"end":{"line":31,"column":71}},"line":31},"3":{"name":"(anonymous_3)","decl":{"start":{"line":33,"column":27},"end":{"line":33,"column":28}},"loc":{"start":{"line":33,"column":38},"end":{"line":35,"column":3}},"line":33},"4":{"name":"(anonymous_4)","decl":{"start":{"line":37,"column":19},"end":{"line":37,"column":20}},"loc":{"start":{"line":37,"column":35},"end":{"line":56,"column":3}},"line":37},"5":{"name":"(anonymous_5)","decl":{"start":{"line":83,"column":134},"end":{"line":83,"column":135}},"loc":{"start":{"line":83,"column":140},"end":{"line":83,"column":176}},"line":83},"6":{"name":"(anonymous_6)","decl":{"start":{"line":93,"column":75},"end":{"line":93,"column":76}},"loc":{"start":{"line":93,"column":81},"end":{"line":93,"column":98}},"line":93},"7":{"name":"(anonymous_7)","decl":{"start":{"line":94,"column":74},"end":{"line":94,"column":75}},"loc":{"start":{"line":94,"column":80},"end":{"line":94,"column":96}},"line":94},"8":{"name":"(anonymous_8)","decl":{"start":{"line":96,"column":68},"end":{"line":96,"column":69}},"loc":{"start":{"line":96,"column":74},"end":{"line":96,"column":94}},"line":96},"9":{"name":"(anonymous_9)","decl":{"start":{"line":101,"column":59},"end":{"line":101,"column":60}},"loc":{"start":{"line":101,"column":65},"end":{"line":101,"column":87}},"line":101}},"branchMap":{"0":{"loc":{"start":{"line":38,"column":4},"end":{"line":55,"column":5}},"type":"if","locations":[{"start":{"line":38,"column":4},"end":{"line":55,"column":5}},{"start":{"line":38,"column":4},"end":{"line":55,"column":5}}],"line":38},"1":{"loc":{"start":{"line":42,"column":8},"end":{"line":44,"column":9}},"type":"if","locations":[{"start":{"line":42,"column":8},"end":{"line":44,"column":9}},{"start":{"line":42,"column":8},"end":{"line":44,"column":9}}],"line":42},"2":{"loc":{"start":{"line":47,"column":6},"end":{"line":51,"column":7}},"type":"if","locations":[{"start":{"line":47,"column":6},"end":{"line":51,"column":7}},{"start":{"line":47,"column":6},"end":{"line":51,"column":7}}],"line":47},"3":{"loc":{"start":{"line":60,"column":2},"end":{"line":74,"column":3}},"type":"if","locations":[{"start":{"line":60,"column":2},"end":{"line":74,"column":3}},{"start":{"line":60,"column":2},"end":{"line":74,"column":3}}],"line":60},"4":{"loc":{"start":{"line":63,"column":4},"end":{"line":67,"column":5}},"type":"if","locations":[{"start":{"line":63,"column":4},"end":{"line":67,"column":5}},{"start":{"line":63,"column":4},"end":{"line":67,"column":5}}],"line":63},"5":{"loc":{"start":{"line":69,"column":4},"end":{"line":73,"column":5}},"type":"if","locations":[{"start":{"line":69,"column":4},"end":{"line":73,"column":5}},{"start":{"line":69,"column":4},"end":{"line":73,"column":5}}],"line":69},"6":{"loc":{"start":{"line":86,"column":9},"end":{"line":88,"column":92}},"type":"cond-expr","locations":[{"start":{"line":87,"column":12},"end":{"line":87,"column":79}},{"start":{"line":88,"column":12},"end":{"line":88,"column":92}}],"line":86},"7":{"loc":{"start":{"line":92,"column":9},"end":{"line":94,"column":130}},"type":"cond-expr","locations":[{"start":{"line":93,"column":12},"end":{"line":93,"column":133}},{"start":{"line":94,"column":12},"end":{"line":94,"column":130}}],"line":92},"8":{"loc":{"start":{"line":99,"column":9},"end":{"line":104,"column":16}},"type":"cond-expr","locations":[{"start":{"line":100,"column":12},"end":{"line":103,"column":18}},{"start":{"line":104,"column":12},"end":{"line":104,"column":16}}],"line":99}},"s":{"0":2,"1":15,"2":15,"3":15,"4":15,"5":15,"6":15,"7":15,"8":15,"9":9,"10":9,"11":15,"12":15,"13":0,"14":15,"15":1,"16":15,"17":0,"18":0,"19":0,"20":0,"21":0,"22":0,"23":0,"24":0,"25":0,"26":0,"27":0,"28":0,"29":0,"30":15,"31":15,"32":0,"33":0,"34":0,"35":0,"36":0,"37":15,"38":2,"39":13,"40":15,"41":0,"42":1,"43":2,"44":2,"45":1},"f":{"0":15,"1":9,"2":0,"3":1,"4":0,"5":0,"6":1,"7":2,"8":2,"9":1},"b":{"0":[0,0],"1":[0,0],"2":[0,0],"3":[0,15],"4":[0,0],"5":[2,13],"6":[0,15],"7":[2,13],"8":[2,13]},"_coverageSchema":"1a1c01bbd47fc00a2c39e90264f33305004495a9","hash":"e4924499336ea19449154431d6a77c407670383a"}
,"/home/jessb/hackreactor/FEC/Catwalk/client/src/components/QA/QuestionModal.jsx": {"path":"/home/jessb/hackreactor/FEC/Catwalk/client/src/components/QA/QuestionModal.jsx","statementMap":{"0":{"start":{"line":8,"column":22},"end":{"line":123,"column":1}},"1":{"start":{"line":9,"column":51},"end":{"line":9,"column":73}},"2":{"start":{"line":11,"column":42},"end":{"line":11,"column":56}},"3":{"start":{"line":12,"column":42},"end":{"line":12,"column":56}},"4":{"start":{"line":13,"column":36},"end":{"line":13,"column":50}},"5":{"start":{"line":14,"column":40},"end":{"line":14,"column":54}},"6":{"start":{"line":16,"column":23},"end":{"line":16,"column":27}},"7":{"start":{"line":17,"column":23},"end":{"line":17,"column":27}},"8":{"start":{"line":18,"column":20},"end":{"line":18,"column":24}},"9":{"start":{"line":20,"column":15},"end":{"line":28,"column":3}},"10":{"start":{"line":21,"column":4},"end":{"line":27,"column":5}},"11":{"start":{"line":22,"column":6},"end":{"line":22,"column":27}},"12":{"start":{"line":23,"column":6},"end":{"line":23,"column":24}},"13":{"start":{"line":24,"column":6},"end":{"line":24,"column":25}},"14":{"start":{"line":26,"column":6},"end":{"line":26,"column":28}},"15":{"start":{"line":30,"column":18},"end":{"line":64,"column":3}},"16":{"start":{"line":32,"column":4},"end":{"line":38,"column":5}},"17":{"start":{"line":33,"column":6},"end":{"line":33,"column":28}},"18":{"start":{"line":34,"column":6},"end":{"line":34,"column":28}},"19":{"start":{"line":35,"column":11},"end":{"line":38,"column":5}},"20":{"start":{"line":36,"column":6},"end":{"line":36,"column":29}},"21":{"start":{"line":37,"column":6},"end":{"line":37,"column":29}},"22":{"start":{"line":40,"column":4},"end":{"line":46,"column":5}},"23":{"start":{"line":41,"column":6},"end":{"line":41,"column":28}},"24":{"start":{"line":42,"column":6},"end":{"line":42,"column":28}},"25":{"start":{"line":43,"column":11},"end":{"line":46,"column":5}},"26":{"start":{"line":44,"column":6},"end":{"line":44,"column":29}},"27":{"start":{"line":45,"column":6},"end":{"line":45,"column":29}},"28":{"start":{"line":48,"column":4},"end":{"line":54,"column":5}},"29":{"start":{"line":49,"column":6},"end":{"line":49,"column":25}},"30":{"start":{"line":50,"column":6},"end":{"line":50,"column":25}},"31":{"start":{"line":51,"column":11},"end":{"line":54,"column":5}},"32":{"start":{"line":52,"column":6},"end":{"line":52,"column":26}},"33":{"start":{"line":53,"column":6},"end":{"line":53,"column":26}},"34":{"start":{"line":56,"column":23},"end":{"line":61,"column":5}},"35":{"start":{"line":63,"column":4},"end":{"line":63,"column":25}},"36":{"start":{"line":66,"column":2},"end":{"line":122,"column":3}},"37":{"start":{"line":118,"column":68},"end":{"line":118,"column":140}}},"fnMap":{"0":{"name":"(anonymous_0)","decl":{"start":{"line":8,"column":22},"end":{"line":8,"column":23}},"loc":{"start":{"line":8,"column":33},"end":{"line":123,"column":1}},"line":8},"1":{"name":"(anonymous_1)","decl":{"start":{"line":20,"column":15},"end":{"line":20,"column":16}},"loc":{"start":{"line":20,"column":30},"end":{"line":28,"column":3}},"line":20},"2":{"name":"(anonymous_2)","decl":{"start":{"line":30,"column":18},"end":{"line":30,"column":19}},"loc":{"start":{"line":30,"column":54},"end":{"line":64,"column":3}},"line":30},"3":{"name":"(anonymous_3)","decl":{"start":{"line":118,"column":61},"end":{"line":118,"column":62}},"loc":{"start":{"line":118,"column":67},"end":{"line":118,"column":141}},"line":118}},"branchMap":{"0":{"loc":{"start":{"line":21,"column":4},"end":{"line":27,"column":5}},"type":"if","locations":[{"start":{"line":21,"column":4},"end":{"line":27,"column":5}},{"start":{"line":21,"column":4},"end":{"line":27,"column":5}}],"line":21},"1":{"loc":{"start":{"line":21,"column":8},"end":{"line":21,"column":55}},"type":"binary-expr","locations":[{"start":{"line":21,"column":8},"end":{"line":21,"column":22}},{"start":{"line":21,"column":26},"end":{"line":21,"column":40}},{"start":{"line":21,"column":44},"end":{"line":21,"column":55}}],"line":21},"2":{"loc":{"start":{"line":32,"column":4},"end":{"line":38,"column":5}},"type":"if","locations":[{"start":{"line":32,"column":4},"end":{"line":38,"column":5}},{"start":{"line":32,"column":4},"end":{"line":38,"column":5}}],"line":32},"3":{"loc":{"start":{"line":32,"column":8},"end":{"line":32,"column":39}},"type":"binary-expr","locations":[{"start":{"line":32,"column":8},"end":{"line":32,"column":16}},{"start":{"line":32,"column":20},"end":{"line":32,"column":39}}],"line":32},"4":{"loc":{"start":{"line":35,"column":11},"end":{"line":38,"column":5}},"type":"if","locations":[{"start":{"line":35,"column":11},"end":{"line":38,"column":5}},{"start":{"line":35,"column":11},"end":{"line":38,"column":5}}],"line":35},"5":{"loc":{"start":{"line":35,"column":15},"end":{"line":35,"column":49}},"type":"binary-expr","locations":[{"start":{"line":35,"column":15},"end":{"line":35,"column":24}},{"start":{"line":35,"column":28},"end":{"line":35,"column":49}}],"line":35},"6":{"loc":{"start":{"line":40,"column":4},"end":{"line":46,"column":5}},"type":"if","locations":[{"start":{"line":40,"column":4},"end":{"line":46,"column":5}},{"start":{"line":40,"column":4},"end":{"line":46,"column":5}}],"line":40},"7":{"loc":{"start":{"line":40,"column":8},"end":{"line":40,"column":39}},"type":"binary-expr","locations":[{"start":{"line":40,"column":8},"end":{"line":40,"column":16}},{"start":{"line":40,"column":20},"end":{"line":40,"column":39}}],"line":40},"8":{"loc":{"start":{"line":43,"column":11},"end":{"line":46,"column":5}},"type":"if","locations":[{"start":{"line":43,"column":11},"end":{"line":46,"column":5}},{"start":{"line":43,"column":11},"end":{"line":46,"column":5}}],"line":43},"9":{"loc":{"start":{"line":43,"column":15},"end":{"line":43,"column":49}},"type":"binary-expr","locations":[{"start":{"line":43,"column":15},"end":{"line":43,"column":24}},{"start":{"line":43,"column":28},"end":{"line":43,"column":49}}],"line":43},"10":{"loc":{"start":{"line":48,"column":4},"end":{"line":54,"column":5}},"type":"if","locations":[{"start":{"line":48,"column":4},"end":{"line":54,"column":5}},{"start":{"line":48,"column":4},"end":{"line":54,"column":5}}],"line":48},"11":{"loc":{"start":{"line":48,"column":8},"end":{"line":48,"column":39}},"type":"binary-expr","locations":[{"start":{"line":48,"column":8},"end":{"line":48,"column":13}},{"start":{"line":48,"column":17},"end":{"line":48,"column":39}}],"line":48},"12":{"loc":{"start":{"line":51,"column":11},"end":{"line":54,"column":5}},"type":"if","locations":[{"start":{"line":51,"column":11},"end":{"line":54,"column":5}},{"start":{"line":51,"column":11},"end":{"line":54,"column":5}}],"line":51},"13":{"loc":{"start":{"line":51,"column":15},"end":{"line":51,"column":47}},"type":"binary-expr","locations":[{"start":{"line":51,"column":15},"end":{"line":51,"column":21}},{"start":{"line":51,"column":25},"end":{"line":51,"column":47}}],"line":51},"14":{"loc":{"start":{"line":72,"column":11},"end":{"line":74,"column":82}},"type":"cond-expr","locations":[{"start":{"line":73,"column":14},"end":{"line":73,"column":18}},{"start":{"line":74,"column":14},"end":{"line":74,"column":82}}],"line":72},"15":{"loc":{"start":{"line":78,"column":11},"end":{"line":86,"column":20}},"type":"cond-expr","locations":[{"start":{"line":79,"column":14},"end":{"line":82,"column":20}},{"start":{"line":83,"column":14},"end":{"line":86,"column":20}}],"line":78},"16":{"loc":{"start":{"line":90,"column":11},"end":{"line":100,"column":20}},"type":"cond-expr","locations":[{"start":{"line":91,"column":14},"end":{"line":95,"column":20}},{"start":{"line":96,"column":14},"end":{"line":100,"column":20}}],"line":90},"17":{"loc":{"start":{"line":104,"column":11},"end":{"line":114,"column":20}},"type":"cond-expr","locations":[{"start":{"line":105,"column":14},"end":{"line":109,"column":20}},{"start":{"line":110,"column":14},"end":{"line":114,"column":20}}],"line":104}},"s":{"0":3,"1":7,"2":7,"3":7,"4":7,"5":7,"6":7,"7":7,"8":7,"9":7,"10":1,"11":0,"12":0,"13":0,"14":1,"15":7,"16":1,"17":0,"18":0,"19":1,"20":1,"21":1,"22":1,"23":0,"24":0,"25":1,"26":1,"27":1,"28":1,"29":0,"30":0,"31":1,"32":1,"33":1,"34":1,"35":1,"36":7,"37":1},"f":{"0":7,"1":1,"2":1,"3":1},"b":{"0":[0,1],"1":[1,0,0],"2":[0,1],"3":[1,0],"4":[1,0],"5":[1,0],"6":[0,1],"7":[1,0],"8":[1,0],"9":[1,0],"10":[0,1],"11":[1,0],"12":[1,0],"13":[1,0],"14":[6,1],"15":[6,1],"16":[6,1],"17":[6,1]},"_coverageSchema":"1a1c01bbd47fc00a2c39e90264f33305004495a9","hash":"556cd01873cd8a91a32f676549ea3def461b8fb9"}
,"/home/jessb/hackreactor/FEC/Catwalk/client/src/components/QA/qaSampleData.js": {"path":"/home/jessb/hackreactor/FEC/Catwalk/client/src/components/QA/qaSampleData.js","statementMap":{"0":{"start":{"line":1,"column":19},"end":{"line":56,"column":1}}},"fnMap":{},"branchMap":{},"s":{"0":2},"f":{},"b":{},"_coverageSchema":"1a1c01bbd47fc00a2c39e90264f33305004495a9","hash":"6fbba5cd1ec2082683e6ee8197bd942dca36d3dc"}
,"/home/jessb/hackreactor/FEC/Catwalk/client/src/components/RatingsAndReviews/RatingsAndReviews.jsx": {"path":"/home/jessb/hackreactor/FEC/Catwalk/client/src/components/RatingsAndReviews/RatingsAndReviews.jsx","statementMap":{"0":{"start":{"line":9,"column":26},"end":{"line":64,"column":1}},"1":{"start":{"line":16,"column":6},"end":{"line":16,"column":31}},"2":{"start":{"line":19,"column":6},"end":{"line":19,"column":28}},"3":{"start":{"line":22,"column":2},"end":{"line":24,"column":9}},"4":{"start":{"line":23,"column":4},"end":{"line":23,"column":28}},"5":{"start":{"line":26,"column":2},"end":{"line":63,"column":4}}},"fnMap":{"0":{"name":"(anonymous_0)","decl":{"start":{"line":9,"column":26},"end":{"line":9,"column":27}},"loc":{"start":{"line":9,"column":32},"end":{"line":64,"column":1}},"line":9},"1":{"name":"(anonymous_1)","decl":{"start":{"line":22,"column":12},"end":{"line":22,"column":13}},"loc":{"start":{"line":22,"column":18},"end":{"line":24,"column":3}},"line":22}},"branchMap":{"0":{"loc":{"start":{"line":29,"column":7},"end":{"line":60,"column":9}},"type":"cond-expr","locations":[{"start":{"line":30,"column":8},"end":{"line":49,"column":14}},{"start":{"line":52,"column":10},"end":{"line":59,"column":13}}],"line":29},"1":{"loc":{"start":{"line":34,"column":13},"end":{"line":41,"column":13}},"type":"binary-expr","locations":[{"start":{"line":34,"column":14},"end":{"line":34,"column":32}},{"start":{"line":34,"column":36},"end":{"line":34,"column":67}},{"start":{"line":35,"column":12},"end":{"line":40,"column":21}}],"line":34}},"s":{"0":2,"1":9,"2":9,"3":9,"4":4,"5":9},"f":{"0":9,"1":4},"b":{"0":[9,0],"1":[9,9,9]},"_coverageSchema":"1a1c01bbd47fc00a2c39e90264f33305004495a9","hash":"6ac8ccd12cf0ebb2becd74faca8ef88a28b9f65c"}
,"/home/jessb/hackreactor/FEC/Catwalk/client/src/components/RatingsAndReviews/createReview/CreateReview.jsx": {"path":"/home/jessb/hackreactor/FEC/Catwalk/client/src/components/RatingsAndReviews/createReview/CreateReview.jsx","statementMap":{"0":{"start":{"line":8,"column":28},"end":{"line":331,"column":1}},"1":{"start":{"line":29,"column":6},"end":{"line":29,"column":31}},"2":{"start":{"line":33,"column":6},"end":{"line":33,"column":28}},"3":{"start":{"line":34,"column":30},"end":{"line":34,"column":56}},"4":{"start":{"line":36,"column":26},"end":{"line":36,"column":75}},"5":{"start":{"line":37,"column":23},"end":{"line":37,"column":72}},"6":{"start":{"line":39,"column":28},"end":{"line":39,"column":66}},"7":{"start":{"line":42,"column":2},"end":{"line":44,"column":9}},"8":{"start":{"line":43,"column":4},"end":{"line":43,"column":21}},"9":{"start":{"line":47,"column":2},"end":{"line":52,"column":24}},"10":{"start":{"line":48,"column":4},"end":{"line":51,"column":7}},"11":{"start":{"line":56,"column":21},"end":{"line":83,"column":3}},"12":{"start":{"line":57,"column":4},"end":{"line":57,"column":23}},"13":{"start":{"line":58,"column":22},"end":{"line":58,"column":36}},"14":{"start":{"line":59,"column":4},"end":{"line":82,"column":5}},"15":{"start":{"line":60,"column":6},"end":{"line":60,"column":23}},"16":{"start":{"line":61,"column":6},"end":{"line":81,"column":7}},"17":{"start":{"line":62,"column":8},"end":{"line":62,"column":41}},"18":{"start":{"line":63,"column":8},"end":{"line":66,"column":17}},"19":{"start":{"line":64,"column":10},"end":{"line":64,"column":28}},"20":{"start":{"line":65,"column":10},"end":{"line":65,"column":23}},"21":{"start":{"line":67,"column":8},"end":{"line":77,"column":11}},"22":{"start":{"line":79,"column":8},"end":{"line":79,"column":25}},"23":{"start":{"line":80,"column":8},"end":{"line":80,"column":26}},"24":{"start":{"line":85,"column":2},"end":{"line":330,"column":4}},"25":{"start":{"line":183,"column":20},"end":{"line":189,"column":26}},"26":{"start":{"line":186,"column":37},"end":{"line":186,"column":54}},"27":{"start":{"line":225,"column":42},"end":{"line":225,"column":84}},"28":{"start":{"line":225,"column":69},"end":{"line":225,"column":83}},"29":{"start":{"line":226,"column":20},"end":{"line":293,"column":22}},"30":{"start":{"line":313,"column":20},"end":{"line":313,"column":111}}},"fnMap":{"0":{"name":"(anonymous_0)","decl":{"start":{"line":8,"column":28},"end":{"line":8,"column":29}},"loc":{"start":{"line":8,"column":46},"end":{"line":331,"column":1}},"line":8},"1":{"name":"(anonymous_1)","decl":{"start":{"line":42,"column":12},"end":{"line":42,"column":13}},"loc":{"start":{"line":42,"column":18},"end":{"line":44,"column":3}},"line":42},"2":{"name":"(anonymous_2)","decl":{"start":{"line":47,"column":12},"end":{"line":47,"column":13}},"loc":{"start":{"line":47,"column":18},"end":{"line":52,"column":3}},"line":47},"3":{"name":"(anonymous_3)","decl":{"start":{"line":56,"column":21},"end":{"line":56,"column":22}},"loc":{"start":{"line":56,"column":34},"end":{"line":83,"column":3}},"line":56},"4":{"name":"(anonymous_4)","decl":{"start":{"line":63,"column":19},"end":{"line":63,"column":20}},"loc":{"start":{"line":63,"column":25},"end":{"line":66,"column":9}},"line":63},"5":{"name":"(anonymous_5)","decl":{"start":{"line":182,"column":29},"end":{"line":182,"column":30}},"loc":{"start":{"line":183,"column":20},"end":{"line":189,"column":26}},"line":183},"6":{"name":"(anonymous_6)","decl":{"start":{"line":186,"column":31},"end":{"line":186,"column":32}},"loc":{"start":{"line":186,"column":37},"end":{"line":186,"column":54}},"line":186},"7":{"name":"(anonymous_7)","decl":{"start":{"line":224,"column":69},"end":{"line":224,"column":70}},"loc":{"start":{"line":224,"column":82},"end":{"line":294,"column":19}},"line":224},"8":{"name":"(anonymous_8)","decl":{"start":{"line":225,"column":62},"end":{"line":225,"column":63}},"loc":{"start":{"line":225,"column":69},"end":{"line":225,"column":83}},"line":225},"9":{"name":"(anonymous_9)","decl":{"start":{"line":312,"column":71},"end":{"line":312,"column":72}},"loc":{"start":{"line":313,"column":20},"end":{"line":313,"column":111}},"line":313}},"branchMap":{"0":{"loc":{"start":{"line":39,"column":28},"end":{"line":39,"column":66}},"type":"cond-expr","locations":[{"start":{"line":39,"column":41},"end":{"line":39,"column":52}},{"start":{"line":39,"column":55},"end":{"line":39,"column":66}}],"line":39},"1":{"loc":{"start":{"line":59,"column":4},"end":{"line":82,"column":5}},"type":"if","locations":[{"start":{"line":59,"column":4},"end":{"line":82,"column":5}},{"start":{"line":59,"column":4},"end":{"line":82,"column":5}}],"line":59},"2":{"loc":{"start":{"line":110,"column":54},"end":{"line":110,"column":80}},"type":"binary-expr","locations":[{"start":{"line":110,"column":54},"end":{"line":110,"column":65}},{"start":{"line":110,"column":69},"end":{"line":110,"column":80}}],"line":110},"3":{"loc":{"start":{"line":113,"column":29},"end":{"line":113,"column":73}},"type":"cond-expr","locations":[{"start":{"line":113,"column":51},"end":{"line":113,"column":68}},{"start":{"line":113,"column":71},"end":{"line":113,"column":73}}],"line":113},"4":{"loc":{"start":{"line":125,"column":54},"end":{"line":125,"column":82}},"type":"binary-expr","locations":[{"start":{"line":125,"column":54},"end":{"line":125,"column":66}},{"start":{"line":125,"column":70},"end":{"line":125,"column":82}}],"line":125},"5":{"loc":{"start":{"line":128,"column":29},"end":{"line":128,"column":73}},"type":"cond-expr","locations":[{"start":{"line":128,"column":51},"end":{"line":128,"column":68}},{"start":{"line":128,"column":71},"end":{"line":128,"column":73}}],"line":128},"6":{"loc":{"start":{"line":152,"column":54},"end":{"line":152,"column":80}},"type":"binary-expr","locations":[{"start":{"line":152,"column":54},"end":{"line":152,"column":65}},{"start":{"line":152,"column":69},"end":{"line":152,"column":80}}],"line":152},"7":{"loc":{"start":{"line":155,"column":29},"end":{"line":155,"column":72}},"type":"cond-expr","locations":[{"start":{"line":155,"column":50},"end":{"line":155,"column":67}},{"start":{"line":155,"column":70},"end":{"line":155,"column":72}}],"line":155},"8":{"loc":{"start":{"line":166,"column":17},"end":{"line":174,"column":17}},"type":"cond-expr","locations":[{"start":{"line":167,"column":18},"end":{"line":171,"column":22}},{"start":{"line":173,"column":18},"end":{"line":173,"column":39}}],"line":166},"9":{"loc":{"start":{"line":180,"column":52},"end":{"line":180,"column":82}},"type":"binary-expr","locations":[{"start":{"line":180,"column":52},"end":{"line":180,"column":65}},{"start":{"line":180,"column":69},"end":{"line":180,"column":82}}],"line":180},"10":{"loc":{"start":{"line":224,"column":19},"end":{"line":294,"column":20}},"type":"binary-expr","locations":[{"start":{"line":224,"column":19},"end":{"line":224,"column":45}},{"start":{"line":224,"column":49},"end":{"line":294,"column":20}}],"line":224},"11":{"loc":{"start":{"line":235,"column":29},"end":{"line":237,"column":29}},"type":"binary-expr","locations":[{"start":{"line":235,"column":29},"end":{"line":235,"column":61}},{"start":{"line":236,"column":30},"end":{"line":236,"column":88}}],"line":235},"12":{"loc":{"start":{"line":299,"column":17},"end":{"line":310,"column":17}},"type":"binary-expr","locations":[{"start":{"line":299,"column":17},"end":{"line":299,"column":44}},{"start":{"line":300,"column":16},"end":{"line":308,"column":24}}],"line":299},"13":{"loc":{"start":{"line":312,"column":19},"end":{"line":314,"column":20}},"type":"binary-expr","locations":[{"start":{"line":312,"column":19},"end":{"line":312,"column":46}},{"start":{"line":312,"column":50},"end":{"line":314,"column":20}}],"line":312},"14":{"loc":{"start":{"line":319,"column":19},"end":{"line":322,"column":30}},"type":"cond-expr","locations":[{"start":{"line":320,"column":20},"end":{"line":320,"column":70}},{"start":{"line":322,"column":22},"end":{"line":322,"column":30}}],"line":319}},"s":{"0":3,"1":13,"2":13,"3":13,"4":13,"5":13,"6":13,"7":13,"8":6,"9":13,"10":6,"11":13,"12":0,"13":0,"14":0,"15":0,"16":0,"17":0,"18":0,"19":0,"20":0,"21":0,"22":0,"23":0,"24":13,"25":65,"26":0,"27":39,"28":117,"29":39,"30":0},"f":{"0":13,"1":6,"2":6,"3":0,"4":0,"5":65,"6":0,"7":39,"8":117,"9":0},"b":{"0":[1,12],"1":[0,0],"2":[13,0],"3":[0,13],"4":[13,0],"5":[0,13],"6":[13,0],"7":[0,13],"8":[13,0],"9":[13,0],"10":[13,13],"11":[39,0],"12":[13,13],"13":[13,0],"14":[0,13]},"_coverageSchema":"1a1c01bbd47fc00a2c39e90264f33305004495a9","hash":"582ee5e1ac3f09e3b99142714fd145d8d83f9890"}
,"/home/jessb/hackreactor/FEC/Catwalk/client/src/components/RatingsAndReviews/ratings/RatingSummary.jsx": {"path":"/home/jessb/hackreactor/FEC/Catwalk/client/src/components/RatingsAndReviews/ratings/RatingSummary.jsx","statementMap":{"0":{"start":{"line":6,"column":22},"end":{"line":30,"column":1}},"1":{"start":{"line":8,"column":23},"end":{"line":8,"column":48}},"2":{"start":{"line":10,"column":20},"end":{"line":10,"column":50}},"3":{"start":{"line":11,"column":16},"end":{"line":11,"column":42}},"4":{"start":{"line":12,"column":18},"end":{"line":12,"column":59}},"5":{"start":{"line":14,"column":2},"end":{"line":29,"column":4}},"6":{"start":{"line":19,"column":36},"end":{"line":19,"column":63}}},"fnMap":{"0":{"name":"(anonymous_0)","decl":{"start":{"line":6,"column":22},"end":{"line":6,"column":23}},"loc":{"start":{"line":6,"column":28},"end":{"line":30,"column":1}},"line":6},"1":{"name":"(anonymous_1)","decl":{"start":{"line":19,"column":21},"end":{"line":19,"column":22}},"loc":{"start":{"line":19,"column":36},"end":{"line":19,"column":63}},"line":19}},"branchMap":{},"s":{"0":4,"1":11,"2":11,"3":11,"4":11,"5":11,"6":55},"f":{"0":11,"1":55},"b":{},"_coverageSchema":"1a1c01bbd47fc00a2c39e90264f33305004495a9","hash":"407da8a43eff79c5e9b44f43cce1c56af9eb166b"}
,"/home/jessb/hackreactor/FEC/Catwalk/client/src/components/RatingsAndReviews/ratings/Ratings.jsx": {"path":"/home/jessb/hackreactor/FEC/Catwalk/client/src/components/RatingsAndReviews/ratings/Ratings.jsx","statementMap":{"0":{"start":{"line":8,"column":16},"end":{"line":30,"column":1}},"1":{"start":{"line":10,"column":43},"end":{"line":10,"column":65}},"2":{"start":{"line":13,"column":2},"end":{"line":15,"column":9}},"3":{"start":{"line":14,"column":4},"end":{"line":14,"column":35}},"4":{"start":{"line":17,"column":2},"end":{"line":29,"column":4}}},"fnMap":{"0":{"name":"(anonymous_0)","decl":{"start":{"line":8,"column":16},"end":{"line":8,"column":17}},"loc":{"start":{"line":8,"column":22},"end":{"line":30,"column":1}},"line":8},"1":{"name":"(anonymous_1)","decl":{"start":{"line":13,"column":12},"end":{"line":13,"column":13}},"loc":{"start":{"line":13,"column":18},"end":{"line":15,"column":3}},"line":13}},"branchMap":{},"s":{"0":3,"1":11,"2":11,"3":6,"4":11},"f":{"0":11,"1":6},"b":{},"_coverageSchema":"1a1c01bbd47fc00a2c39e90264f33305004495a9","hash":"ec2630366ac7c626f36ddf68648c5b48ccaa5947"}
,"/home/jessb/hackreactor/FEC/Catwalk/client/src/components/RatingsAndReviews/ratings/RatingsBreakdown.jsx": {"path":"/home/jessb/hackreactor/FEC/Catwalk/client/src/components/RatingsAndReviews/ratings/RatingsBreakdown.jsx","statementMap":{"0":{"start":{"line":6,"column":25},"end":{"line":66,"column":1}},"1":{"start":{"line":14,"column":6},"end":{"line":14,"column":31}},"2":{"start":{"line":16,"column":19},"end":{"line":16,"column":52}},"3":{"start":{"line":18,"column":2},"end":{"line":65,"column":4}},"4":{"start":{"line":27,"column":16},"end":{"line":30,"column":20}},"5":{"start":{"line":47,"column":8},"end":{"line":62,"column":14}},"6":{"start":{"line":50,"column":27},"end":{"line":50,"column":54}}},"fnMap":{"0":{"name":"(anonymous_0)","decl":{"start":{"line":6,"column":25},"end":{"line":6,"column":26}},"loc":{"start":{"line":6,"column":31},"end":{"line":66,"column":1}},"line":6},"1":{"name":"(anonymous_1)","decl":{"start":{"line":26,"column":30},"end":{"line":26,"column":31}},"loc":{"start":{"line":27,"column":16},"end":{"line":30,"column":20}},"line":27},"2":{"name":"(anonymous_2)","decl":{"start":{"line":46,"column":20},"end":{"line":46,"column":21}},"loc":{"start":{"line":47,"column":8},"end":{"line":62,"column":14}},"line":47},"3":{"name":"(anonymous_3)","decl":{"start":{"line":50,"column":21},"end":{"line":50,"column":22}},"loc":{"start":{"line":50,"column":27},"end":{"line":50,"column":54}},"line":50}},"branchMap":{"0":{"loc":{"start":{"line":21,"column":9},"end":{"line":44,"column":9}},"type":"binary-expr","locations":[{"start":{"line":21,"column":9},"end":{"line":21,"column":20}},{"start":{"line":22,"column":10},"end":{"line":43,"column":13}}],"line":21}},"s":{"0":4,"1":16,"2":16,"3":16,"4":1,"5":80,"6":1},"f":{"0":16,"1":1,"2":80,"3":1},"b":{"0":[16,1]},"_coverageSchema":"1a1c01bbd47fc00a2c39e90264f33305004495a9","hash":"ed9bdbda2fbc6083c844f0a25819dbedc1e9f98c"}
,"/home/jessb/hackreactor/FEC/Catwalk/client/src/components/RatingsAndReviews/ratings/RatingsFactors.jsx": {"path":"/home/jessb/hackreactor/FEC/Catwalk/client/src/components/RatingsAndReviews/ratings/RatingsFactors.jsx","statementMap":{"0":{"start":{"line":6,"column":23},"end":{"line":27,"column":1}},"1":{"start":{"line":8,"column":23},"end":{"line":8,"column":48}},"2":{"start":{"line":10,"column":26},"end":{"line":10,"column":75}},"3":{"start":{"line":12,"column":2},"end":{"line":26,"column":4}},"4":{"start":{"line":15,"column":8},"end":{"line":23,"column":14}}},"fnMap":{"0":{"name":"(anonymous_0)","decl":{"start":{"line":6,"column":23},"end":{"line":6,"column":24}},"loc":{"start":{"line":6,"column":29},"end":{"line":27,"column":1}},"line":6},"1":{"name":"(anonymous_1)","decl":{"start":{"line":14,"column":27},"end":{"line":14,"column":28}},"loc":{"start":{"line":15,"column":8},"end":{"line":23,"column":14}},"line":15}},"branchMap":{},"s":{"0":4,"1":11,"2":11,"3":11,"4":33},"f":{"0":11,"1":33},"b":{},"_coverageSchema":"1a1c01bbd47fc00a2c39e90264f33305004495a9","hash":"42fca40074bdb1b7f5aeebc4e4716d4da9c6b2c5"}
,"/home/jessb/hackreactor/FEC/Catwalk/client/src/components/RatingsAndReviews/reviews/ReviewCard.jsx": {"path":"/home/jessb/hackreactor/FEC/Catwalk/client/src/components/RatingsAndReviews/reviews/ReviewCard.jsx","statementMap":{"0":{"start":{"line":10,"column":19},"end":{"line":110,"column":1}},"1":{"start":{"line":15,"column":6},"end":{"line":15,"column":28}},"2":{"start":{"line":20,"column":6},"end":{"line":20,"column":31}},"3":{"start":{"line":23,"column":27},"end":{"line":23,"column":56}},"4":{"start":{"line":24,"column":16},"end":{"line":24,"column":46}},"5":{"start":{"line":25,"column":38},"end":{"line":25,"column":58}},"6":{"start":{"line":27,"column":2},"end":{"line":109,"column":4}},"7":{"start":{"line":31,"column":36},"end":{"line":31,"column":65}},"8":{"start":{"line":50,"column":29},"end":{"line":50,"column":59}},"9":{"start":{"line":62,"column":25},"end":{"line":62,"column":55}},"10":{"start":{"line":87,"column":12},"end":{"line":89,"column":13}},"11":{"start":{"line":88,"column":14},"end":{"line":88,"column":52}},"12":{"start":{"line":102,"column":25},"end":{"line":102,"column":55}}},"fnMap":{"0":{"name":"(anonymous_0)","decl":{"start":{"line":10,"column":19},"end":{"line":10,"column":20}},"loc":{"start":{"line":10,"column":35},"end":{"line":110,"column":1}},"line":10},"1":{"name":"(anonymous_1)","decl":{"start":{"line":31,"column":21},"end":{"line":31,"column":22}},"loc":{"start":{"line":31,"column":36},"end":{"line":31,"column":65}},"line":31},"2":{"name":"(anonymous_2)","decl":{"start":{"line":50,"column":23},"end":{"line":50,"column":24}},"loc":{"start":{"line":50,"column":29},"end":{"line":50,"column":59}},"line":50},"3":{"name":"(anonymous_3)","decl":{"start":{"line":62,"column":19},"end":{"line":62,"column":20}},"loc":{"start":{"line":62,"column":25},"end":{"line":62,"column":55}},"line":62},"4":{"name":"(anonymous_4)","decl":{"start":{"line":86,"column":19},"end":{"line":86,"column":20}},"loc":{"start":{"line":86,"column":25},"end":{"line":90,"column":11}},"line":86},"5":{"name":"(anonymous_5)","decl":{"start":{"line":102,"column":19},"end":{"line":102,"column":20}},"loc":{"start":{"line":102,"column":25},"end":{"line":102,"column":55}},"line":102}},"branchMap":{"0":{"loc":{"start":{"line":23,"column":43},"end":{"line":23,"column":55}},"type":"binary-expr","locations":[{"start":{"line":23,"column":43},"end":{"line":23,"column":49}},{"start":{"line":23,"column":53},"end":{"line":23,"column":55}}],"line":23},"1":{"loc":{"start":{"line":45,"column":9},"end":{"line":55,"column":9}},"type":"binary-expr","locations":[{"start":{"line":45,"column":10},"end":{"line":45,"column":20}},{"start":{"line":45,"column":24},"end":{"line":45,"column":37}},{"start":{"line":46,"column":10},"end":{"line":54,"column":13}}],"line":45},"2":{"loc":{"start":{"line":56,"column":9},"end":{"line":58,"column":9}},"type":"binary-expr","locations":[{"start":{"line":56,"column":9},"end":{"line":56,"column":21}},{"start":{"line":57,"column":10},"end":{"line":57,"column":20}}],"line":56},"3":{"loc":{"start":{"line":59,"column":9},"end":{"line":66,"column":9}},"type":"binary-expr","locations":[{"start":{"line":59,"column":10},"end":{"line":59,"column":22}},{"start":{"line":60,"column":8},"end":{"line":65,"column":17}}],"line":59},"4":{"loc":{"start":{"line":68,"column":7},"end":{"line":70,"column":7}},"type":"binary-expr","locations":[{"start":{"line":68,"column":7},"end":{"line":68,"column":31}},{"start":{"line":69,"column":8},"end":{"line":69,"column":47}}],"line":68},"5":{"loc":{"start":{"line":71,"column":7},"end":{"line":76,"column":7}},"type":"binary-expr","locations":[{"start":{"line":71,"column":7},"end":{"line":71,"column":23}},{"start":{"line":72,"column":8},"end":{"line":75,"column":14}}],"line":71},"6":{"loc":{"start":{"line":77,"column":7},"end":{"line":82,"column":7}},"type":"binary-expr","locations":[{"start":{"line":77,"column":7},"end":{"line":77,"column":22}},{"start":{"line":78,"column":8},"end":{"line":81,"column":14}}],"line":77},"7":{"loc":{"start":{"line":87,"column":12},"end":{"line":89,"column":13}},"type":"if","locations":[{"start":{"line":87,"column":12},"end":{"line":89,"column":13}},{"start":{"line":87,"column":12},"end":{"line":89,"column":13}}],"line":87},"8":{"loc":{"start":{"line":97,"column":11},"end":{"line":97,"column":34}},"type":"binary-expr","locations":[{"start":{"line":97,"column":11},"end":{"line":97,"column":29}},{"start":{"line":97,"column":33},"end":{"line":97,"column":34}}],"line":97}},"s":{"0":4,"1":32,"2":32,"3":32,"4":32,"5":32,"6":32,"7":160,"8":1,"9":0,"10":0,"11":0,"12":0},"f":{"0":32,"1":160,"2":1,"3":0,"4":0,"5":0},"b":{"0":[32,0],"1":[32,6,5],"2":[32,1],"3":[32,1],"4":[32,0],"5":[32,0],"6":[32,6],"7":[0,0],"8":[32,26]},"_coverageSchema":"1a1c01bbd47fc00a2c39e90264f33305004495a9","hash":"da376c1589c033ac4201c564ff32bc4d0ae98b15"}
,"/home/jessb/hackreactor/FEC/Catwalk/client/src/components/RatingsAndReviews/reviews/ReviewImages.jsx": {"path":"/home/jessb/hackreactor/FEC/Catwalk/client/src/components/RatingsAndReviews/reviews/ReviewImages.jsx","statementMap":{"0":{"start":{"line":5,"column":21},"end":{"line":42,"column":1}},"1":{"start":{"line":12,"column":6},"end":{"line":12,"column":31}},"2":{"start":{"line":14,"column":28},"end":{"line":14,"column":63}},"3":{"start":{"line":15,"column":2},"end":{"line":41,"column":4}},"4":{"start":{"line":32,"column":10},"end":{"line":37,"column":12}},"5":{"start":{"line":33,"column":27},"end":{"line":33,"column":49}}},"fnMap":{"0":{"name":"(anonymous_0)","decl":{"start":{"line":5,"column":21},"end":{"line":5,"column":22}},"loc":{"start":{"line":5,"column":37},"end":{"line":42,"column":1}},"line":5},"1":{"name":"(anonymous_1)","decl":{"start":{"line":31,"column":20},"end":{"line":31,"column":21}},"loc":{"start":{"line":32,"column":10},"end":{"line":37,"column":12}},"line":32},"2":{"name":"(anonymous_2)","decl":{"start":{"line":33,"column":21},"end":{"line":33,"column":22}},"loc":{"start":{"line":33,"column":27},"end":{"line":33,"column":49}},"line":33}},"branchMap":{"0":{"loc":{"start":{"line":14,"column":28},"end":{"line":14,"column":63}},"type":"cond-expr","locations":[{"start":{"line":14,"column":38},"end":{"line":14,"column":49}},{"start":{"line":14,"column":52},"end":{"line":14,"column":63}}],"line":14},"1":{"loc":{"start":{"line":22,"column":15},"end":{"line":22,"column":67}},"type":"cond-expr","locations":[{"start":{"line":22,"column":25},"end":{"line":22,"column":45}},{"start":{"line":22,"column":48},"end":{"line":22,"column":67}}],"line":22}},"s":{"0":5,"1":5,"2":5,"3":5,"4":5,"5":1},"f":{"0":5,"1":5,"2":1},"b":{"0":[1,4],"1":[1,4]},"_coverageSchema":"1a1c01bbd47fc00a2c39e90264f33305004495a9","hash":"7f5cd12f697d9476719083fd6cc1beaf1b03b101"}
,"/home/jessb/hackreactor/FEC/Catwalk/client/src/components/RatingsAndReviews/reviews/Reviews.jsx": {"path":"/home/jessb/hackreactor/FEC/Catwalk/client/src/components/RatingsAndReviews/reviews/Reviews.jsx","statementMap":{"0":{"start":{"line":7,"column":16},"end":{"line":64,"column":1}},"1":{"start":{"line":11,"column":6},"end":{"line":11,"column":28}},"2":{"start":{"line":19,"column":6},"end":{"line":19,"column":31}},"3":{"start":{"line":22,"column":2},"end":{"line":24,"column":17}},"4":{"start":{"line":23,"column":4},"end":{"line":23,"column":28}},"5":{"start":{"line":26,"column":2},"end":{"line":63,"column":4}},"6":{"start":{"line":43,"column":29},"end":{"line":43,"column":57}},"7":{"start":{"line":54,"column":12},"end":{"line":56,"column":13}},"8":{"start":{"line":55,"column":14},"end":{"line":55,"column":28}},"9":{"start":{"line":59,"column":12},"end":{"line":59,"column":89}}},"fnMap":{"0":{"name":"(anonymous_0)","decl":{"start":{"line":7,"column":16},"end":{"line":7,"column":17}},"loc":{"start":{"line":7,"column":22},"end":{"line":64,"column":1}},"line":7},"1":{"name":"(anonymous_1)","decl":{"start":{"line":22,"column":12},"end":{"line":22,"column":13}},"loc":{"start":{"line":22,"column":18},"end":{"line":24,"column":3}},"line":22},"2":{"name":"(anonymous_2)","decl":{"start":{"line":43,"column":20},"end":{"line":43,"column":21}},"loc":{"start":{"line":43,"column":27},"end":{"line":43,"column":59}},"line":43},"3":{"name":"(anonymous_3)","decl":{"start":{"line":53,"column":18},"end":{"line":53,"column":19}},"loc":{"start":{"line":53,"column":30},"end":{"line":57,"column":11}},"line":53},"4":{"name":"(anonymous_4)","decl":{"start":{"line":58,"column":15},"end":{"line":58,"column":16}},"loc":{"start":{"line":59,"column":12},"end":{"line":59,"column":89}},"line":59}},"branchMap":{"0":{"loc":{"start":{"line":52,"column":9},"end":{"line":60,"column":12}},"type":"binary-expr","locations":[{"start":{"line":52,"column":9},"end":{"line":52,"column":27}},{"start":{"line":52,"column":31},"end":{"line":60,"column":12}}],"line":52},"1":{"loc":{"start":{"line":54,"column":12},"end":{"line":56,"column":13}},"type":"if","locations":[{"start":{"line":54,"column":12},"end":{"line":56,"column":13}},{"start":{"line":54,"column":12},"end":{"line":56,"column":13}}],"line":54}},"s":{"0":3,"1":13,"2":13,"3":13,"4":8,"5":13,"6":0,"7":26,"8":26,"9":26},"f":{"0":13,"1":8,"2":0,"3":26,"4":26},"b":{"0":[13,13],"1":[26,0]},"_coverageSchema":"1a1c01bbd47fc00a2c39e90264f33305004495a9","hash":"9778b2ce48ed3512c4e79f81b37252aa2071fe02"}
,"/home/jessb/hackreactor/FEC/Catwalk/client/src/components/Related/dummyData.js": {"path":"/home/jessb/hackreactor/FEC/Catwalk/client/src/components/Related/dummyData.js","statementMap":{"0":{"start":{"line":2,"column":22},"end":{"line":14,"column":1}},"1":{"start":{"line":17,"column":24},"end":{"line":23,"column":1}},"2":{"start":{"line":25,"column":26},"end":{"line":143,"column":1}},"3":{"start":{"line":145,"column":22},"end":{"line":174,"column":1}}},"fnMap":{},"branchMap":{},"s":{"0":1,"1":1,"2":1,"3":1},"f":{},"b":{},"_coverageSchema":"1a1c01bbd47fc00a2c39e90264f33305004495a9","hash":"47e8d7fa32a97b76f9d551d24e1fe8811e95f6f4"}
,"/home/jessb/hackreactor/FEC/Catwalk/client/src/components/Related/index.jsx": {"path":"/home/jessb/hackreactor/FEC/Catwalk/client/src/components/Related/index.jsx","statementMap":{"0":{"start":{"line":9,"column":30},"end":{"line":18,"column":1}},"1":{"start":{"line":10,"column":2},"end":{"line":17,"column":3}}},"fnMap":{"0":{"name":"(anonymous_0)","decl":{"start":{"line":9,"column":30},"end":{"line":9,"column":31}},"loc":{"start":{"line":9,"column":36},"end":{"line":18,"column":1}},"line":9}},"branchMap":{},"s":{"0":1,"1":0},"f":{"0":0},"b":{},"_coverageSchema":"1a1c01bbd47fc00a2c39e90264f33305004495a9","hash":"05d56e6d8fcc01b0a5bd9a9b9f4239944cf2e1c2"}
,"/home/jessb/hackreactor/FEC/Catwalk/client/src/components/Related/RelatedItems/CardDescription.jsx": {"path":"/home/jessb/hackreactor/FEC/Catwalk/client/src/components/Related/RelatedItems/CardDescription.jsx","statementMap":{"0":{"start":{"line":4,"column":24},"end":{"line":22,"column":1}},"1":{"start":{"line":5,"column":14},"end":{"line":5,"column":42}},"2":{"start":{"line":6,"column":11},"end":{"line":6,"column":26}},"3":{"start":{"line":7,"column":13},"end":{"line":7,"column":23}},"4":{"start":{"line":9,"column":17},"end":{"line":9,"column":55}},"5":{"start":{"line":10,"column":13},"end":{"line":10,"column":47}},"6":{"start":{"line":11,"column":14},"end":{"line":11,"column":57}},"7":{"start":{"line":14,"column":2},"end":{"line":21,"column":3}}},"fnMap":{"0":{"name":"(anonymous_0)","decl":{"start":{"line":4,"column":24},"end":{"line":4,"column":25}},"loc":{"start":{"line":4,"column":33},"end":{"line":22,"column":1}},"line":4}},"branchMap":{},"s":{"0":1,"1":0,"2":0,"3":0,"4":0,"5":0,"6":0,"7":0},"f":{"0":0},"b":{},"_coverageSchema":"1a1c01bbd47fc00a2c39e90264f33305004495a9","hash":"dc1eba35bb0b7b3847a528317bc0b048668cebf9"}
,"/home/jessb/hackreactor/FEC/Catwalk/client/src/components/Related/RelatedItems/CardPicture.jsx": {"path":"/home/jessb/hackreactor/FEC/Catwalk/client/src/components/Related/RelatedItems/CardPicture.jsx","statementMap":{"0":{"start":{"line":5,"column":20},"end":{"line":11,"column":1}},"1":{"start":{"line":6,"column":2},"end":{"line":10,"column":3}}},"fnMap":{"0":{"name":"(anonymous_0)","decl":{"start":{"line":5,"column":20},"end":{"line":5,"column":21}},"loc":{"start":{"line":5,"column":29},"end":{"line":11,"column":1}},"line":5}},"branchMap":{},"s":{"0":1,"1":0},"f":{"0":0},"b":{},"_coverageSchema":"1a1c01bbd47fc00a2c39e90264f33305004495a9","hash":"3217f4565d86558e5c6e7bcd21f5869665aa2479"}
,"/home/jessb/hackreactor/FEC/Catwalk/client/src/components/Related/RelatedItems/ComparisonModal.jsx": {"path":"/home/jessb/hackreactor/FEC/Catwalk/client/src/components/Related/RelatedItems/ComparisonModal.jsx","statementMap":{"0":{"start":{"line":4,"column":24},"end":{"line":104,"column":1}},"1":{"start":{"line":5,"column":18},"end":{"line":5,"column":23}},"2":{"start":{"line":6,"column":19},"end":{"line":6,"column":34}},"3":{"start":{"line":8,"column":24},"end":{"line":17,"column":3}},"4":{"start":{"line":19,"column":28},"end":{"line":25,"column":3}},"5":{"start":{"line":20,"column":4},"end":{"line":24,"column":5}},"6":{"start":{"line":20,"column":17},"end":{"line":20,"column":18}},"7":{"start":{"line":21,"column":6},"end":{"line":23,"column":7}},"8":{"start":{"line":22,"column":8},"end":{"line":22,"column":56}},"9":{"start":{"line":27,"column":25},"end":{"line":27,"column":46}},"10":{"start":{"line":30,"column":26},"end":{"line":30,"column":28}},"11":{"start":{"line":46,"column":22},"end":{"line":82,"column":3}},"12":{"start":{"line":48,"column":4},"end":{"line":59,"column":5}},"13":{"start":{"line":48,"column":17},"end":{"line":48,"column":18}},"14":{"start":{"line":49,"column":6},"end":{"line":58,"column":7}},"15":{"start":{"line":51,"column":22},"end":{"line":51,"column":24}},"16":{"start":{"line":52,"column":8},"end":{"line":57,"column":9}},"17":{"start":{"line":53,"column":10},"end":{"line":53,"column":55}},"18":{"start":{"line":54,"column":10},"end":{"line":54,"column":60}},"19":{"start":{"line":55,"column":10},"end":{"line":55,"column":39}},"20":{"start":{"line":56,"column":10},"end":{"line":56,"column":42}},"21":{"start":{"line":61,"column":4},"end":{"line":81,"column":5}},"22":{"start":{"line":62,"column":4},"end":{"line":81,"column":5}},"23":{"start":{"line":62,"column":17},"end":{"line":62,"column":18}},"24":{"start":{"line":63,"column":6},"end":{"line":80,"column":7}},"25":{"start":{"line":64,"column":6},"end":{"line":80,"column":7}},"26":{"start":{"line":65,"column":8},"end":{"line":72,"column":9}},"27":{"start":{"line":66,"column":8},"end":{"line":72,"column":9}},"28":{"start":{"line":66,"column":21},"end":{"line":66,"column":22}},"29":{"start":{"line":68,"column":10},"end":{"line":71,"column":11}},"30":{"start":{"line":69,"column":12},"end":{"line":69,"column":77}},"31":{"start":{"line":70,"column":12},"end":{"line":70,"column":24}},"32":{"start":{"line":73,"column":22},"end":{"line":73,"column":24}},"33":{"start":{"line":74,"column":8},"end":{"line":79,"column":9}},"34":{"start":{"line":75,"column":10},"end":{"line":75,"column":56}},"35":{"start":{"line":76,"column":10},"end":{"line":76,"column":38}},"36":{"start":{"line":77,"column":10},"end":{"line":77,"column":62}},"37":{"start":{"line":78,"column":10},"end":{"line":78,"column":42}},"38":{"start":{"line":84,"column":2},"end":{"line":84,"column":18}},"39":{"start":{"line":86,"column":2},"end":{"line":103,"column":3}},"40":{"start":{"line":87,"column":49},"end":{"line":87,"column":65}},"41":{"start":{"line":98,"column":12},"end":{"line":98,"column":383}}},"fnMap":{"0":{"name":"(anonymous_0)","decl":{"start":{"line":4,"column":24},"end":{"line":4,"column":25}},"loc":{"start":{"line":4,"column":33},"end":{"line":104,"column":1}},"line":4},"1":{"name":"(anonymous_1)","decl":{"start":{"line":19,"column":28},"end":{"line":19,"column":29}},"loc":{"start":{"line":19,"column":34},"end":{"line":25,"column":3}},"line":19},"2":{"name":"(anonymous_2)","decl":{"start":{"line":46,"column":22},"end":{"line":46,"column":23}},"loc":{"start":{"line":46,"column":28},"end":{"line":82,"column":3}},"line":46},"3":{"name":"(anonymous_3)","decl":{"start":{"line":87,"column":43},"end":{"line":87,"column":44}},"loc":{"start":{"line":87,"column":48},"end":{"line":87,"column":66}},"line":87},"4":{"name":"(anonymous_4)","decl":{"sta
[...]
,"/home/jessb/hackreactor/FEC/Catwalk/client/src/state/contexts/AnswersContext.js": {"path":"/home/jessb/hackreactor/FEC/Catwalk/client/src/state/contexts/AnswersContext.js","statementMap":{"0":{"start":{"line":3,"column":29},"end":{"line":3,"column":46}},"1":{"start":{"line":5,"column":23},"end":{"line":21,"column":1}},"2":{"start":{"line":6,"column":32},"end":{"line":6,"column":44}},"3":{"start":{"line":7,"column":54},"end":{"line":7,"column":69}},"4":{"start":{"line":9,"column":2},"end":{"line":20,"column":4}}},"fnMap":{"0":{"name":"(anonymous_0)","decl":{"start":{"line":5,"column":23},"end":{"line":5,"column":24}},"loc":{"start":{"line":5,"column":41},"end":{"line":21,"column":1}},"line":5}},"branchMap":{},"s":{"0":17,"1":17,"2":57,"3":57,"4":57},"f":{"0":57},"b":{},"_coverageSchema":"1a1c01bbd47fc00a2c39e90264f33305004495a9","hash":"13c49799c384ab45918732771d1d52e98531d2e0"}
,"/home/jessb/hackreactor/FEC/Catwalk/client/src/state/contexts/ProductContext.js": {"path":"/home/jessb/hackreactor/FEC/Catwalk/client/src/state/contexts/ProductContext.js","statementMap":{"0":{"start":{"line":3,"column":30},"end":{"line":3,"column":47}},"1":{"start":{"line":5,"column":24},"end":{"line":32,"column":1}},"2":{"start":{"line":6,"column":44},"end":{"line":8,"column":4}},"3":{"start":{"line":9,"column":48},"end":{"line":9,"column":60}},"4":{"start":{"line":11,"column":40},"end":{"line":11,"column":52}},"5":{"start":{"line":13,"column":19},"end":{"line":15,"column":3}},"6":{"start":{"line":14,"column":4},"end":{"line":14,"column":38}},"7":{"start":{"line":17,"column":2},"end":{"line":31,"column":4}}},"fnMap":{"0":{"name":"(anonymous_0)","decl":{"start":{"line":5,"column":24},"end":{"line":5,"column":25}},"loc":{"start":{"line":5,"column":42},"end":{"line":32,"column":1}},"line":5},"1":{"name":"(anonymous_1)","decl":{"start":{"line":13,"column":19},"end":{"line":13,"column":20}},"loc":{"start":{"line":13,"column":25},"end":{"line":15,"column":3}},"line":13}},"branchMap":{},"s":{"0":17,"1":17,"2":57,"3":57,"4":57,"5":57,"6":0,"7":57},"f":{"0":57,"1":0},"b":{},"_coverageSchema":"1a1c01bbd47fc00a2c39e90264f33305004495a9","hash":"2d8405dae49fd707e7cd62440db010ea530d4425"}
,"/home/jessb/hackreactor/FEC/Catwalk/client/src/state/contexts/QuestionsContext.js": {"path":"/home/jessb/hackreactor/FEC/Catwalk/client/src/state/contexts/QuestionsContext.js","statementMap":{"0":{"start":{"line":3,"column":31},"end":{"line":3,"column":48}},"1":{"start":{"line":5,"column":25},"end":{"line":21,"column":1}},"2":{"start":{"line":6,"column":36},"end":{"line":6,"column":48}},"3":{"start":{"line":7,"column":54},"end":{"line":7,"column":69}},"4":{"start":{"line":9,"column":2},"end":{"line":20,"column":4}}},"fnMap":{"0":{"name":"(anonymous_0)","decl":{"start":{"line":5,"column":25},"end":{"line":5,"column":26}},"loc":{"start":{"line":5,"column":43},"end":{"line":21,"column":1}},"line":5}},"branchMap":{},"s":{"0":17,"1":17,"2":57,"3":57,"4":57},"f":{"0":57},"b":{},"_coverageSchema":"1a1c01bbd47fc00a2c39e90264f33305004495a9","hash":"248788d1cb821067bf977a81d249aa109855d9eb"}
,"/home/jessb/hackreactor/FEC/Catwalk/client/src/state/contexts/ReviewsContext.js": {"path":"/home/jessb/hackreactor/FEC/Catwalk/client/src/state/contexts/ReviewsContext.js","statementMap":{"0":{"start":{"line":5,"column":23},"end":{"line":42,"column":1}},"1":{"start":{"line":44,"column":24},"end":{"line":71,"column":1}},"2":{"start":{"line":73,"column":29},"end":{"line":73,"column":44}},"3":{"start":{"line":75,"column":23},"end":{"line":358,"column":1}},"4":{"start":{"line":77,"column":32},"end":{"line":77,"column":56}},"5":{"start":{"line":78,"column":46},"end":{"line":78,"column":57}},"6":{"start":{"line":79,"column":34},"end":{"line":79,"column":54}},"7":{"start":{"line":81,"column":42},"end":{"line":81,"column":57}},"8":{"start":{"line":82,"column":34},"end":{"line":82,"column":46}},"9":{"start":{"line":84,"column":32},"end":{"line":84,"column":47}},"10":{"start":{"line":85,"column":44},"end":{"line":85,"column":56}},"11":{"start":{"line":87,"column":34},"end":{"line":87,"column":59}},"12":{"start":{"line":88,"column":40},"end":{"line":88,"column":55}},"13":{"start":{"line":89,"column":38},"end":{"line":89,"column":73}},"14":{"start":{"line":91,"column":32},"end":{"line":91,"column":47}},"15":{"start":{"line":92,"column":28},"end":{"line":92,"column":56}},"16":{"start":{"line":93,"column":38},"end":{"line":93,"column":48}},"17":{"start":{"line":94,"column":36},"end":{"line":94,"column":51}},"18":{"start":{"line":95,"column":44},"end":{"line":95,"column":56}},"19":{"start":{"line":96,"column":38},"end":{"line":96,"column":53}},"20":{"start":{"line":97,"column":29},"end":{"line":103,"column":3}},"21":{"start":{"line":104,"column":36},"end":{"line":114,"column":4}},"22":{"start":{"line":115,"column":30},"end":{"line":120,"column":4}},"23":{"start":{"line":123,"column":26},"end":{"line":125,"column":3}},"24":{"start":{"line":124,"column":4},"end":{"line":124,"column":42}},"25":{"start":{"line":127,"column":23},"end":{"line":135,"column":3}},"26":{"start":{"line":128,"column":21},"end":{"line":133,"column":8}},"27":{"start":{"line":130,"column":8},"end":{"line":132,"column":9}},"28":{"start":{"line":131,"column":10},"end":{"line":131,"column":24}},"29":{"start":{"line":134,"column":4},"end":{"line":134,"column":27}},"30":{"start":{"line":138,"column":22},"end":{"line":141,"column":3}},"31":{"start":{"line":139,"column":4},"end":{"line":139,"column":21}},"32":{"start":{"line":140,"column":4},"end":{"line":140,"column":31}},"33":{"start":{"line":142,"column":23},"end":{"line":145,"column":3}},"34":{"start":{"line":143,"column":4},"end":{"line":143,"column":22}},"35":{"start":{"line":144,"column":4},"end":{"line":144,"column":25}},"36":{"start":{"line":148,"column":22},"end":{"line":151,"column":3}},"37":{"start":{"line":149,"column":4},"end":{"line":149,"column":26}},"38":{"start":{"line":150,"column":4},"end":{"line":150,"column":45}},"39":{"start":{"line":153,"column":24},"end":{"line":173,"column":3}},"40":{"start":{"line":154,"column":4},"end":{"line":172,"column":5}},"41":{"start":{"line":155,"column":6},"end":{"line":166,"column":7}},"42":{"start":{"line":156,"column":30},"end":{"line":156,"column":66}},"43":{"start":{"line":156,"column":55},"end":{"line":156,"column":65}},"44":{"start":{"line":157,"column":8},"end":{"line":157,"column":37}},"45":{"start":{"line":158,"column":8},"end":{"line":160,"column":9}},"46":{"start":{"line":159,"column":10},"end":{"line":159,"column":24}},"47":{"start":{"line":162,"column":8},"end":{"line":165,"column":11}},"48":{"start":{"line":168,"column":6},"end":{"line":168,"column":27}},"49":{"start":{"line":169,"column":6},"end":{"line":171,"column":9}},"50":{"start":{"line":176,"column":21},"end":{"line":178,"column":3}},"51":{"start":{"line":177,"column":4},"end":{"line":177,"column":24}},"52":{"start":{"line":180,"column":21},"end":{"line":182,"column":3}},"53":{"start":{"line":181,"column":4},"end":{"line":181,"column":25}},"54":{"start":{"line":184,"column":28},"end":{"line":209,"column":3}},"55":{"start":{"line":185,"column":21},"end":{"line":185,"column":35}},"56":{"start":{"line":186,"column":4},"end":{"line":186,"column":47}},"57":{"start":{"line":187,"column":4},"end":{"line":187,"column":49}},"58":{"start":{"line":188,"column":4},"end":{"line":188,"column":41}},"59":{"start":{"line":189,"column":4},"end":{"line":208,"column":5}},"60":{"start":{"line":190,"column":18},"end":{"line":193,"column":8}},"61":{"start":{"line":194,"column":19},"end":{"line":194,"column":35}},"62":{"start":{"line":195,"column":6},"end":{"line":205,"column":7}},"63":{"start":{"line":196,"column":8},"end":{"line":204,"column":9}},"64":{"start":{"line":197,"column":10},"end":{"line":203,"column":13}},"65":{"start":{"line":207,"column":6},"end":{"line":207,"column":23}},"66":{"start":{"line":211,"column":29},"end":{"line":221,"column":3}},"67":{"start":{"line":212,"column":4},"end":{"line":216,"column":7}},"68":{"start":{"line":217,"column":4},"end":{"line":220,"column":7}},"69":{"start":{"line":223,"column":28},"end":{"line":236,"column":3}},"70":{"start":{"line":224,"column":4},"end":{"line":228,"column":7}},"71":{"start":{"line":229,"column":4},"end":{"line":232,"column":7}},"72":{"start":{"line":233,"column":4},"end":{"line":235,"column":5}},"73":{"start":{"line":234,"column":6},"end":{"line":234,"column":51}},"74":{"start":{"line":238,"column":31},"end":{"line":246,"column":3}},"75":{"start":{"line":239,"column":4},"end":{"line":245,"column":7}},"76":{"start":{"line":248,"column":23},"end":{"line":255,"column":3}},"77":{"start":{"line":249,"column":4},"end":{"line":249,"column":41}},"78":{"start":{"line":250,"column":4},"end":{"line":250,"column":49}},"79":{"start":{"line":251,"column":4},"end":{"line":254,"column":7}},"80":{"start":{"line":257,"column":31},"end":{"line":270,"column":3}},"81":{"start":{"line":258,"column":22},"end":{"line":258,"column":27}},"82":{"start":{"line":259,"column":4},"end":{"line":265,"column":5}},"83":{"start":{"line":260,"column":6},"end":{"line":260,"column":25}},"84":{"start":{"line":261,"column":6},"end":{"line":261,"column":25}},"85":{"start":{"line":263,"column":6},"end":{"line":263,"column":26}},"86":{"start":{"line":264,"column":6},"end":{"line":264,"column":26}},"87":{"start":{"line":266,"column":4},"end":{"line":269,"column":7}},"88":{"start":{"line":272,"column":23},"end":{"line":301,"column":3}},"89":{"start":{"line":273,"column":20},"end":{"line":273,"column":25}},"90":{"start":{"line":274,"column":22},"end":{"line":279,"column":5}},"91":{"start":{"line":280,"column":4},"end":{"line":283,"column":5}},"92":{"start":{"line":281,"column":6},"end":{"line":281,"column":51}},"93":{"start":{"line":282,"column":6},"end":{"line":282,"column":23}},"94":{"start":{"line":284,"column":4},"end":{"line":287,"column":5}},"95":{"start":{"line":285,"column":6},"end":{"line":285,"column":50}},"96":{"start":{"line":286,"column":6},"end":{"line":286,"column":23}},"97":{"start":{"line":288,"column":4},"end":{"line":291,"column":5}},"98":{"start":{"line":289,"column":6},"end":{"line":289,"column":52}},"99":{"start":{"line":290,"column":6},"end":{"line":290,"column":23}},"100":{"start":{"line":292,"column":4},"end":{"line":295,"column":5}},"101":{"start":{"line":293,"column":6},"end":{"line":293,"column":49}},"102":{"start":{"line":294,"column":6},"end":{"line":294,"column":23}},"103":{"start":{"line":296,"column":4},"end":{"line":298,"column":5}},"104":{"start":{"line":297,"column":6},"end":{"line":297,"column":27}},"105":{"start":{"line":300,"column":4},"end":{"line":300,"column":21}},"106":{"start":{"line":303,"column":2},"end":{"line":357,"column":4}}},"fnMap":{"0":{"name":"(anonymous_0)","decl":{"start":{"line":75,"column":23},"end":{"line":75,"column":24}},"loc":{"start":{"line":75,"column":41},"end":{"line":358,"column":1}},"line":75},"1":{"name":"(anonymous_1)","decl":{"start":{"line":123,"column":26},"end":{"line":123,"column":27}},"loc":{"start":{"line":123,"column":32},"end":{"line":125,"column":3}},"line":123},"2":{"name":"(anonymous_2)","decl":{"start":{"line":127,"column":23},"end":{"line":127,"column":24}},"loc":{"start":{"line":127,"column":29},"end":{"line":135,"column":3}},"line":127},"3":{"name":"(anonymous_3)","decl":{"start":{"line":129,"column":14},"end":{"line":129,"column":15}},"loc":{"start":{"line":129,"column":26},"end":{"line":133,"column":7}},"line":129},"4":{"name":"(anonymous_4)","decl":{"start":{"line":138,"column":22},"end":{"line":138,"column":23}},"loc":{"start":{"line":138,"column":36},"end":{"line":141,"column":3}},"line":138},"5":{"name":"(anonymous_5)","decl":{"start":{"line":142,"column":23},"end":{"line":142,"column":24}},"loc":{"start":{"line":142,"column":29},"end":{"line":145,"column":3}},"line":142},"6":{"name":"(anonymous_6)","decl":{"start":{"line":148,"column":22},"end":{"line":148,"column":23}},"loc":{"start":{"line":148,"column":28},"end":{"line":151,"column":3}},"line":148},"7":{"name":"(anonymous_7)","decl":{"start":{"line":153,"column":24},"end":{"line":153,"column":25}},"loc":{"start":{"line":153,"column":34},"end":{"line":173,"column":3}},"line":153},"8":{"name":"(anonymous_8)","decl":{"start":{"line":156,"column":48},"end":{"line":156,"column":49}},"loc":{"start":{"line":156,"column":55},"end":{"line":156,"column":65}},"line":156},"9":{"name":"(anonymous_9)","decl":{"start":{"line":176,"column":21},"end":{"line":176,"column":22}},"loc":{"start":{"line":176,"column":27},"end":{"line":178,"column":3}},"line":176},"10":{"name":"(anonymous_10)","decl":{"start":{"line":180,"column":21},"end":{"line":180,"column":22}},"loc":{"start":{"line":180,"column":27},"end":{"line":182,"column":3}},"line":180},"11":{"name":"(anonymous_11)","decl":{"start":{"line":184,"column":28},"end":{"line":184,"column":29}},"loc":{"start":{"line":184,"column":41},"end":{"line":209,"column":3}},"line":184},"12":{"name":"(anonymous_12)","decl":{"start":{"line":211,"column":29},"end":{"line":211,"column":30}},"loc":{"start":{"line":211,"column":36},"end":{"line":221,"column":3}},"line":211},"13":{"name":"(anonymous_13)","decl":{"start":{"line":223,"column":28},"end":{"line":223,"column":29}},"loc":{"start":{"line":223,"column":35},"end":{"line":236,"column":3}},"line":223},"14":{"name":"(anonymous_14)","decl":{"start":{"line":238,"column":31},"end":{"line":238,"column":32}},"loc":{"start":{"line":238,"column":38},"end":{"line":246,"column":3}},"line":238},"15":{"name":"(anonymous_15)","decl":{"start":{"line":248,"column":23},"end":{"line":248,"column":24}},"loc":{"start":{"line":248,"column":34},"end":{"line":255,"column":3}},"line":248},"16":{"name":"(anonymous_16)","decl":{"start":{"line":257,"column":31},"end":{"line":257,"column":32}},"loc":{"start":{"line":257,"column":38},"end":{"line":270,"column":3}},"line":257},"17":{"name":"(anonymous_17)","decl":{"start":{"line":272,"column":23},"end":{"line":272,"column":24}},"loc":{"start":{"line":272,"column":29},"end":{"line":301,"column":3}},"line":272}},"branchMap":{"0":{"loc":{"start":{"line":130,"column":8},"end":{"line":132,"column":9}},"type":"if","locations":[{"start":{"line":130,"column":8},"end":{"line":132,"column":9}},{"start":{"line":130,"column":8},"end":{"line":132,"column":9}}],"line":130},"1":{"loc":{"start":{"line":154,"column":4},"end":{"line":172,"column":5}},"type":"if","locations":[{"start":{"line":154,"column":4},"end":{"line":172,"column":5}},{"start":{"line":154,"column":4},"end":{"line":172,"column":5}}],"line":154},"2":{"loc":{"start":{"line":155,"column":6},"end":{"line":166,"column":7}},"type":"if","locations":[{"start":{"line":155,"column":6},"end":{"line":166,"column":7}},{"start":{"line":155,"column":6},"end":{"line":166,"column":7}}],"line":155},"3":{"loc":{"start":{"line":158,"column":8},"end":{"line":160,"column":9}},"type":"if","locations":[{"start":{"line":158,"column":8},"end":{"line":160,"column":9}},{"start":{"line":158,"column":8},"end":{"line":160,"column":9}}],"line":158},"4":{"loc":{"start":{"line":195,"column":6},"end":{"line":205,"column":7}},"type":"if","locations":[{"start":{"line":195,"column":6},"end":{"line":205,"column":7}},{"start":{"line":195,"column":6},"end":{"line":205,"column":7}}],"line":195},"5":{"loc":{"start":{"line":196,"column":8},"end":{"line":204,"column":9}},"type":"if","locations":[{"start":{"line":196,"column":8},"end":{"line":204,"column":9}},{"start":{"line":196,"column":8},"end":{"line":204,"column":9}}],"line":196},"6":{"loc":{"start":{"line":233,"column":4},"end":{"line":235,"column":5}},"type":"if","locations":[{"start":{"line":233,"column":4},"end":{"line":235,"column":5}},{"start":{"line":233,"column":4},"end":{"line":235,"column":5}}],"line":233},"7":{"loc":{"start":{"line":259,"column":4},"end":{"line":265,"column":5}},"type":"if","locations":[{"start":{"line":259,"column":4},"end":{"line":265,"column":5}},{"start":{"line":259,"column":4},"end":{"line":265,"column":5}}],"line":259},"8":{"loc":{"start":{"line":280,"column":4},"end":{"line":283,"column":5}},"type":"if","locations":[{"start":{"line":280,"column":4},"end":{"line":283,"column":5}},{"start":{"line":280,"column":4},"end":{"line":283,"column":5}}],"line":280},"9":{"loc":{"start":{"line":284,"column":4},"end":{"line":287,"column":5}},"type":"if","locations":[{"start":{"line":284,"column":4},"end":{"line":287,"column":5}},{"start":{"line":284,"column":4},"end":{"line":287,"column":5}}],"line":284},"10":{"loc":{"start":{"line":288,"column":4},"end":{"line":291,"column":5}},"type":"if","locations":[{"start":{"line":288,"column":4},"end":{"line":291,"column":5}},{"start":{"line":288,"column":4},"end":{"line":291,"column":5}}],"line":288},"11":{"loc":{"start":{"line":292,"column":4},"end":{"line":295,"column":5}},"type":"if","locations":[{"start":{"line":292,"column":4},"end":{"line":295,"column":5}},{"start":{"line":292,"column":4},"end":{"line":295,"column":5}}],"line":292},"12":{"loc":{"start":{"line":292,"column":8},"end":{"line":292,"column":53}},"type":"binary-expr","locations":[{"start":{"line":292,"column":8},"end":{"line":292,"column":23}},{"start":{"line":292,"column":27},"end":{"line":292,"column":53}}],"line":292},"13":{"loc":{"start":{"line":296,"column":4},"end":{"line":298,"column":5}},"type":"if","locations":[{"start":{"line":296,"column":4},"end":{"line":298,"column":5}},{"start":{"line":296,"column":4},"end":{"line":298,"column":5}}],"line":296}},"s":{"0":17,"1":17,"2":17,"3":17,"4":67,"5":67,"6":67,"7":67,"8":67,"9":67,"10":67,"11":67,"12":67,"13":67,"14":67,"15":67,"16":67,"17":67,"18":67,"19":67,"20":67,"21":67,"22":67,"23":67,"24":0,"25":67,"26":13,"27":26,"28":26,"29":13,"30":67,"31":1,"32":1,"33":67,"34":0,"35":0,"36":67,"37":0,"38":0,"39":67,"40":1,"41":0,"42":0,"43":0,"44":0,"45":0,"46":0,"47":0,"48":1,"49":1,"50":67,"51":1,"52":67,"53":0,"54":67,"55":0,"56":0,"57":0,"58":0,"59":0,"60":0,"61":0,"62":0,"63":0,"64":0,"65":0,"66":67,"67":0,"68":0,"69":67,"70":0,"71":0,"72":0,"73":0,"74":67,"75":0,"76":67,"77":0,"78":0,"79":0,"80":67,"81":0,"82":0,"83":0,"84":0,"85":0,"86":0,"87":0,"88":67,"89":0,"90":0,"91":0,"92":0,"93":0,"94":0,"95":0,"96":0,"97":0,"98":0,"99":0,"100":0,"101":0,"102":0,"103":0,"104":0,"105":0,"106":67},"f":{"0":67,"1":0,"2":13,"3":26,"4":1,"5":0,"6":0,"7":1,"8":0,"9":1,"10":0,"11":0,"12":0,"13":0,"14":0,"15":0,"16":0,"17":0},"b":{"0":[26,0],"1":[0,1],"2":[0,0],"3":[0,0],"4":[0,0],"5":[0,0],"6":[0,0],"7":[0,0],"8":[0,0],"9":[0,0],"10":[0,0],"11":[0,0],"12":[0,0],"13":[0,0]},"_coverageSchema":"1a1c01bbd47fc00a2c39e90264f33305004495a9","hash":"6c9596f932bff61c47307ae3eb4f7daeabd1c0c4"}
,"/home/jessb/hackreactor/FEC/Catwalk/client/src/state/contexts/RootContext.js": {"path":"/home/jessb/hackreactor/FEC/Catwalk/client/src/state/contexts/RootContext.js","statementMap":{"0":{"start":{"line":8,"column":28},"end":{"line":20,"column":1}},"1":{"start":{"line":9,"column":2},"end":{"line":19,"column":20}}},"fnMap":{"0":{"name":"(anonymous_0)","decl":{"start":{"line":8,"column":28},"end":{"line":8,"column":29}},"loc":{"start":{"line":9,"column":2},"end":{"line":19,"column":20}},"line":9}},"branchMap":{},"s":{"0":16,"1":59},"f":{"0":59},"b":{},"_coverageSchema":"1a1c01bbd47fc00a2c39e90264f33305004495a9","hash":"5c1f067fe415322d3d52f937dea6272607c244a3"}
}
