TN:
SF:enzyme.setup.js
FNF:0
FNH:0
DA:7,12
LF:1
LH:1
BRF:0
BRH:0
end_of_record
TN:
SF:client/src/components/App.jsx
FN:13,(anonymous_0)
FN:22,(anonymous_1)
FNF:2
FNH:1
FNDA:1,(anonymous_0)
FNDA:0,(anonymous_1)
DA:13,1
DA:20,1
DA:22,1
DA:27,1
LF:4
LH:4
BRF:0
BRH:0
end_of_record
TN:
SF:client/src/components/Header/index.jsx
FN:4,(anonymous_0)
FN:10,(anonymous_1)
FN:14,(anonymous_2)
FNF:3
FNH:0
FNDA:0,(anonymous_0)
FNDA:0,(anonymous_1)
FNDA:0,(anonymous_2)
DA:4,1
DA:6,0
DA:10,0
DA:14,0
DA:15,0
DA:16,0
DA:18,0
LF:7
LH:1
BRF:0
BRH:0
end_of_record
TN:
SF:client/src/components/ImageGallery/index.jsx
FN:4,(anonymous_0)
FN:41,(anonymous_1)
FNF:2
FNH:0
FNDA:0,(anonymous_0)
FNDA:0,(anonymous_1)
DA:4,1
DA:6,0
DA:33,0
DA:35,0
DA:42,0
LF:5
LH:1
BRDA:42,0,0,0
BRDA:42,0,1,0
BRF:2
BRH:0
end_of_record
TN:
SF:client/src/components/OverView/index.jsx
FN:8,(anonymous_0)
FNF:1
FNH:0
FNDA:0,(anonymous_0)
DA:8,1
DA:9,0
LF:2
LH:1
BRF:0
BRH:0
end_of_record
TN:
SF:client/src/components/ProductForm/index.jsx
FN:7,(anonymous_0)
FN:13,(anonymous_1)
FN:25,(anonymous_2)
FNF:3
FNH:0
FNDA:0,(anonymous_0)
FNDA:0,(anonymous_1)
FNDA:0,(anonymous_2)
DA:7,1
DA:8,0
DA:9,0
DA:13,0
DA:14,0
DA:16,0
DA:26,0
LF:7
LH:1
BRF:0
BRH:0
end_of_record
TN:
SF:client/src/components/QA/Answer.jsx
FN:4,(anonymous_0)
FN:28,(anonymous_1)
FN:41,(anonymous_2)
FN:49,(anonymous_3)
FNF:4
FNH:1
FNDA:2,(anonymous_0)
FNDA:0,(anonymous_1)
FNDA:0,(anonymous_2)
FNDA:0,(anonymous_3)
DA:4,3
DA:5,2
DA:6,2
DA:8,2
DA:28,0
DA:41,0
DA:50,0
LF:7
LH:4
BRDA:30,0,0,0
BRDA:30,0,1,2
BRDA:43,1,0,0
BRDA:43,1,1,2
BRF:4
BRH:2
end_of_record
TN:
SF:client/src/components/QA/AnswerList.jsx
FN:9,(anonymous_0)
FN:21,(anonymous_1)
FN:34,(anonymous_2)
FN:40,(anonymous_3)
FN:49,(anonymous_4)
FN:55,(anonymous_5)
FN:56,(anonymous_6)
FNF:7
FNH:2
FNDA:2,(anonymous_0)
FNDA:0,(anonymous_1)
FNDA:0,(anonymous_2)
FNDA:0,(anonymous_3)
FNDA:2,(anonymous_4)
FNDA:0,(anonymous_5)
FNDA:0,(anonymous_6)
DA:9,3
DA:10,2
DA:11,2
DA:13,2
DA:14,2
DA:16,2
DA:17,2
DA:18,2
DA:21,2
DA:23,2
DA:24,2
DA:26,2
DA:28,2
DA:29,0
DA:31,2
DA:34,2
DA:35,0
DA:36,0
DA:40,2
DA:41,0
DA:42,0
DA:46,2
DA:50,2
DA:55,0
DA:56,0
LF:25
LH:18
BRDA:28,0,0,0
BRDA:28,0,1,2
BRDA:35,1,0,0
BRDA:35,1,1,0
BRDA:41,2,0,0
BRDA:41,2,1,0
BRDA:53,3,0,0
BRDA:53,3,1,2
BRDA:54,4,0,0
BRDA:54,4,1,0
BRF:10
BRH:2
end_of_record
TN:
SF:client/src/components/QA/AnswerModal.jsx
FN:11,(anonymous_0)
FN:24,(anonymous_1)
FN:34,(anonymous_2)
FN:56,(anonymous_3)
FN:68,(anonymous_4)
FN:159,(anonymous_5)
FN:171,(anonymous_6)
FN:178,(anonymous_7)
FNF:8
FNH:0
FNDA:0,(anonymous_0)
FNDA:0,(anonymous_1)
FNDA:0,(anonymous_2)
FNDA:0,(anonymous_3)
FNDA:0,(anonymous_4)
FNDA:0,(anonymous_5)
FNDA:0,(anonymous_6)
FNDA:0,(anonymous_7)
DA:11,3
DA:12,0
DA:14,0
DA:15,0
DA:16,0
DA:17,0
DA:18,0
DA:20,0
DA:21,0
DA:22,0
DA:24,0
DA:25,0
DA:26,0
DA:27,0
DA:28,0
DA:29,0
DA:30,0
DA:34,0
DA:35,0
DA:36,0
DA:37,0
DA:38,0
DA:39,0
DA:43,0
DA:44,0
DA:45,0
DA:46,0
DA:47,0
DA:48,0
DA:52,0
DA:56,0
DA:57,0
DA:58,0
DA:59,0
DA:60,0
DA:61,0
DA:63,0
DA:64,0
DA:68,0
DA:69,0
DA:70,0
DA:71,0
DA:72,0
DA:73,0
DA:74,0
DA:77,0
DA:78,0
DA:79,0
DA:80,0
DA:81,0
DA:82,0
DA:85,0
DA:86,0
DA:87,0
DA:88,0
DA:89,0
DA:90,0
DA:93,0
DA:100,0
DA:103,0
DA:159,0
DA:172,0
DA:178,0
LF:63
LH:1
BRDA:26,0,0,0
BRDA:26,0,1,0
BRDA:26,1,0,0
BRDA:26,1,1,0
BRDA:29,2,0,0
BRDA:29,2,1,0
BRDA:44,3,0,0
BRDA:44,3,1,0
BRDA:46,4,0,0
BRDA:46,4,1,0
BRDA:46,5,0,0
BRDA:46,5,1,0
BRDA:57,6,0,0
BRDA:57,6,1,0
BRDA:57,7,0,0
BRDA:57,7,1,0
BRDA:57,7,2,0
BRDA:69,8,0,0
BRDA:69,8,1,0
BRDA:72,9,0,0
BRDA:72,9,1,0
BRDA:77,10,0,0
BRDA:77,10,1,0
BRDA:80,11,0,0
BRDA:80,11,1,0
BRDA:85,12,0,0
BRDA:85,12,1,0
BRDA:88,13,0,0
BRDA:88,13,1,0
BRDA:109,14,0,0
BRDA:109,14,1,0
BRDA:115,15,0,0
BRDA:115,15,1,0
BRDA:127,16,0,0
BRDA:127,16,1,0
BRDA:141,17,0,0
BRDA:141,17,1,0
BRDA:158,18,0,0
BRDA:158,18,1,0
BRDA:162,19,0,0
BRDA:162,19,1,0
BRF:41
BRH:0
end_of_record
TN:
SF:client/src/components/QA/QAEntry.jsx
FN:6,(anonymous_0)
FN:11,(anonymous_1)
FN:28,(anonymous_2)
FN:41,(anonymous_3)
FN:46,(anonymous_4)
FNF:5
FNH:1
FNDA:2,(anonymous_0)
FNDA:0,(anonymous_1)
FNDA:0,(anonymous_2)
FNDA:0,(anonymous_3)
FNDA:0,(anonymous_4)
DA:6,3
DA:7,2
DA:8,2
DA:9,2
DA:11,2
DA:12,0
DA:15,2
DA:28,0
DA:41,0
DA:46,0
LF:10
LH:6
BRDA:29,0,0,0
BRDA:29,0,1,2
BRDA:44,1,0,0
BRDA:44,1,1,2
BRF:4
BRH:2
end_of_record
TN:
SF:client/src/components/QA/QAList.jsx
FN:8,(anonymous_0)
FN:11,(anonymous_1)
FN:17,(anonymous_2)
FN:25,(anonymous_3)
FNF:4
FNH:2
FNDA:13,(anonymous_0)
FNDA:0,(anonymous_1)
FNDA:0,(anonymous_2)
FNDA:2,(anonymous_3)
DA:8,3
DA:9,13
DA:11,13
DA:12,0
DA:13,0
DA:17,13
DA:18,0
DA:19,0
DA:23,13
DA:26,2
LF:10
LH:6
BRDA:12,0,0,0
BRDA:12,0,1,0
BRDA:18,1,0,0
BRDA:18,1,1,0
BRF:4
BRH:0
end_of_record
TN:
SF:client/src/components/QA/QAindex.jsx
FN:13,(anonymous_0)
FN:25,(anonymous_1)
FN:31,(anonymous_2)
FN:33,(anonymous_3)
FN:37,(anonymous_4)
FN:83,(anonymous_5)
FN:93,(anonymous_6)
FN:94,(anonymous_7)
FN:96,(anonymous_8)
FN:101,(anonymous_9)
FNF:10
FNH:5
FNDA:11,(anonymous_0)
FNDA:7,(anonymous_1)
FNDA:0,(anonymous_2)
FNDA:0,(anonymous_3)
FNDA:0,(anonymous_4)
FNDA:0,(anonymous_5)
FNDA:1,(anonymous_6)
FNDA:2,(anonymous_7)
FNDA:1,(anonymous_8)
FNDA:0,(anonymous_9)
DA:13,2
DA:14,11
DA:15,11
DA:16,11
DA:19,11
DA:20,11
DA:21,11
DA:22,11
DA:25,11
DA:26,7
DA:27,7
DA:30,11
DA:31,11
DA:33,11
DA:34,0
DA:37,11
DA:38,0
DA:39,0
DA:40,0
DA:41,0
DA:42,0
DA:43,0
DA:46,0
DA:47,0
DA:48,0
DA:50,0
DA:53,0
DA:54,0
DA:58,11
DA:60,11
DA:61,0
DA:62,0
DA:63,0
DA:64,0
DA:66,0
DA:69,11
DA:70,2
DA:72,9
DA:77,11
DA:83,0
DA:93,1
DA:94,2
DA:96,1
DA:101,0
LF:44
LH:24
BRDA:38,0,0,0
BRDA:38,0,1,0
BRDA:42,1,0,0
BRDA:42,1,1,0
BRDA:47,2,0,0
BRDA:47,2,1,0
BRDA:60,3,0,0
BRDA:60,3,1,11
BRDA:63,4,0,0
BRDA:63,4,1,0
BRDA:69,5,0,2
BRDA:69,5,1,9
BRDA:86,6,0,0
BRDA:86,6,1,11
BRDA:92,7,0,2
BRDA:92,7,1,9
BRDA:99,8,0,1
BRDA:99,8,1,10
BRF:18
BRH:8
end_of_record
TN:
SF:client/src/components/QA/QuestionModal.jsx
FN:8,(anonymous_0)
FN:20,(anonymous_1)
FN:32,(anonymous_2)
FN:120,(anonymous_3)
FNF:4
FNH:1
FNDA:1,(anonymous_0)
FNDA:0,(anonymous_1)
FNDA:0,(anonymous_2)
FNDA:0,(anonymous_3)
DA:8,2
DA:9,1
DA:11,1
DA:12,1
DA:13,1
DA:14,1
DA:16,1
DA:17,1
DA:18,1
DA:20,1
DA:21,0
DA:22,0
DA:23,0
DA:24,0
DA:25,0
DA:27,0
DA:28,0
DA:32,1
DA:34,0
DA:35,0
DA:36,0
DA:37,0
DA:38,0
DA:39,0
DA:42,0
DA:43,0
DA:44,0
DA:45,0
DA:46,0
DA:47,0
DA:50,0
DA:51,0
DA:52,0
DA:53,0
DA:54,0
DA:55,0
DA:58,0
DA:65,0
DA:68,1
DA:120,0
LF:40
LH:12
BRDA:21,0,0,0
BRDA:21,0,1,0
BRDA:21,1,0,0
BRDA:21,1,1,0
BRDA:21,1,2,0
BRDA:34,2,0,0
BRDA:34,2,1,0
BRDA:37,3,0,0
BRDA:37,3,1,0
BRDA:42,4,0,0
BRDA:42,4,1,0
BRDA:45,5,0,0
BRDA:45,5,1,0
BRDA:50,6,0,0
BRDA:50,6,1,0
BRDA:53,7,0,0
BRDA:53,7,1,0
BRDA:74,8,0,1
BRDA:74,8,1,0
BRDA:80,9,0,1
BRDA:80,9,1,0
BRDA:92,10,0,1
BRDA:92,10,1,0
BRDA:106,11,0,1
BRDA:106,11,1,0
BRF:25
BRH:4
end_of_record
TN:
SF:client/src/components/QA/qaSampleData.js
FNF:0
FNH:0
DA:1,2
LF:1
LH:1
BRF:0
BRH:0
end_of_record
TN:
SF:client/src/components/RatingsAndReviews/RatingsAndReviews.jsx
FN:9,(anonymous_0)
FN:15,(anonymous_1)
FNF:2
FNH:2
FNDA:9,(anonymous_0)
FNDA:4,(anonymous_1)
DA:9,2
DA:12,9
DA:13,9
DA:15,9
DA:16,4
DA:19,9
LF:6
LH:6
BRDA:22,0,0,9
BRDA:22,0,1,0
BRDA:27,1,0,9
BRDA:27,1,1,9
BRDA:27,1,2,9
BRF:5
BRH:4
end_of_record
TN:
SF:client/src/components/RatingsAndReviews/createReview/CreateReview.jsx
FN:8,(anonymous_0)
FN:26,(anonymous_1)
FN:30,(anonymous_2)
FN:37,(anonymous_3)
FN:44,(anonymous_4)
FN:157,(anonymous_5)
FN:161,(anonymous_6)
FN:193,(anonymous_7)
FN:194,(anonymous_8)
FN:281,(anonymous_9)
FNF:10
FNH:4
FNDA:9,(anonymous_0)
FNDA:4,(anonymous_1)
FNDA:4,(anonymous_2)
FNDA:0,(anonymous_3)
FNDA:0,(anonymous_4)
FNDA:45,(anonymous_5)
FNDA:0,(anonymous_6)
FNDA:0,(anonymous_7)
FNDA:0,(anonymous_8)
FNDA:0,(anonymous_9)
DA:8,3
DA:16,9
DA:17,9
DA:18,9
DA:20,9
DA:21,9
DA:23,9
DA:24,9
DA:26,9
DA:27,4
DA:30,9
DA:31,4
DA:37,9
DA:38,0
DA:39,0
DA:40,0
DA:41,0
DA:42,0
DA:43,0
DA:44,0
DA:45,0
DA:46,0
DA:48,0
DA:60,0
DA:61,0
DA:66,9
DA:158,45
DA:161,0
DA:194,0
DA:195,0
DA:282,0
LF:31
LH:15
BRDA:23,0,0,1
BRDA:23,0,1,8
BRDA:40,1,0,0
BRDA:40,1,1,0
BRDA:85,2,0,9
BRDA:85,2,1,0
BRDA:88,3,0,0
BRDA:88,3,1,9
BRDA:100,4,0,9
BRDA:100,4,1,0
BRDA:103,5,0,0
BRDA:103,5,1,9
BRDA:127,6,0,9
BRDA:127,6,1,0
BRDA:130,7,0,0
BRDA:130,7,1,9
BRDA:141,8,0,9
BRDA:141,8,1,0
BRDA:155,9,0,9
BRDA:155,9,1,0
BRDA:193,10,0,9
BRDA:193,10,1,0
BRDA:204,11,0,0
BRDA:204,11,1,0
BRDA:268,12,0,9
BRDA:268,12,1,9
BRDA:281,13,0,9
BRDA:281,13,1,0
BRDA:288,14,0,0
BRDA:288,14,1,9
BRF:30
BRH:15
end_of_record
TN:
SF:client/src/components/RatingsAndReviews/ratings/RatingSummary.jsx
FN:6,(anonymous_0)
FN:17,(anonymous_1)
FNF:2
FNH:2
FNDA:11,(anonymous_0)
FNDA:55,(anonymous_1)
DA:6,4
DA:7,11
DA:8,11
DA:9,11
DA:10,11
DA:12,11
DA:17,55
LF:7
LH:7
BRF:0
BRH:0
end_of_record
TN:
SF:client/src/components/RatingsAndReviews/ratings/Ratings.jsx
FN:10,(anonymous_0)
FN:13,(anonymous_1)
FNF:2
FNH:2
FNDA:11,(anonymous_0)
FNDA:6,(anonymous_1)
DA:10,3
DA:11,11
DA:13,11
DA:14,6
DA:17,11
LF:5
LH:5
BRF:0
BRH:0
end_of_record
TN:
SF:client/src/components/RatingsAndReviews/ratings/RatingsBreakdown.jsx
FN:6,(anonymous_0)
FN:20,(anonymous_1)
FN:36,(anonymous_2)
FN:38,(anonymous_3)
FNF:4
FNH:1
FNDA:11,(anonymous_0)
FNDA:0,(anonymous_1)
FNDA:0,(anonymous_2)
FNDA:0,(anonymous_3)
DA:6,4
DA:9,11
DA:10,11
DA:12,11
DA:21,0
DA:37,0
DA:38,0
LF:7
LH:4
BRDA:15,0,0,11
BRDA:15,0,1,0
BRF:2
BRH:1
end_of_record
TN:
SF:client/src/components/RatingsAndReviews/ratings/RatingsFactors.jsx
FN:6,(anonymous_0)
FN:12,(anonymous_1)
FNF:2
FNH:1
FNDA:11,(anonymous_0)
FNDA:0,(anonymous_1)
DA:6,4
DA:7,11
DA:8,11
DA:10,11
DA:13,0
LF:5
LH:4
BRF:0
BRH:0
end_of_record
TN:
SF:client/src/components/RatingsAndReviews/reviews/ReviewCard.jsx
FN:13,(anonymous_0)
FN:18,(anonymous_1)
FN:31,(anonymous_2)
FN:51,(anonymous_3)
FN:63,(anonymous_4)
FN:89,(anonymous_5)
FN:105,(anonymous_6)
FNF:7
FNH:3
FNDA:3,(anonymous_0)
FNDA:3,(anonymous_1)
FNDA:15,(anonymous_2)
FNDA:0,(anonymous_3)
FNDA:0,(anonymous_4)
FNDA:0,(anonymous_5)
FNDA:0,(anonymous_6)
DA:13,4
DA:14,3
DA:15,3
DA:16,3
DA:18,3
DA:19,3
DA:23,3
DA:24,3
DA:25,3
DA:27,3
DA:31,15
DA:51,0
DA:63,0
DA:90,0
DA:91,0
DA:106,0
DA:107,0
LF:17
LH:11
BRDA:23,0,0,3
BRDA:23,0,1,0
BRDA:46,1,0,3
BRDA:46,1,1,3
BRDA:46,1,2,3
BRDA:57,2,0,3
BRDA:57,2,1,0
BRDA:60,3,0,3
BRDA:60,3,1,0
BRDA:70,4,0,3
BRDA:70,4,1,0
BRDA:73,5,0,3
BRDA:73,5,1,0
BRDA:80,6,0,3
BRDA:80,6,1,3
BRDA:90,7,0,0
BRDA:90,7,1,0
BRDA:100,8,0,3
BRDA:100,8,1,0
BRDA:106,9,0,0
BRDA:106,9,1,0
BRF:21
BRH:11
end_of_record
TN:
SF:client/src/components/RatingsAndReviews/reviews/ReviewImages.jsx
FN:5,(anonymous_0)
FN:27,(anonymous_1)
FN:29,(anonymous_2)
FNF:3
FNH:3
FNDA:5,(anonymous_0)
FNDA:5,(anonymous_1)
FNDA:1,(anonymous_2)
DA:5,5
DA:8,5
DA:9,5
DA:10,5
DA:11,5
DA:28,5
DA:29,1
LF:7
LH:7
BRDA:9,0,0,1
BRDA:9,0,1,4
BRDA:18,1,0,1
BRDA:18,1,1,4
BRF:4
BRH:4
end_of_record
TN:
SF:client/src/components/RatingsAndReviews/reviews/Reviews.jsx
FN:7,(anonymous_0)
FN:15,(anonymous_1)
FN:34,(anonymous_2)
FN:43,(anonymous_3)
FN:48,(anonymous_4)
FNF:5
FNH:4
FNDA:13,(anonymous_0)
FNDA:8,(anonymous_1)
FNDA:1,(anonymous_2)
FNDA:26,(anonymous_3)
FNDA:0,(anonymous_4)
DA:7,3
DA:8,13
DA:11,13
DA:15,13
DA:16,8
DA:19,13
DA:34,1
DA:44,26
DA:45,0
DA:49,0
LF:10
LH:8
BRDA:25,0,0,13
BRDA:25,0,1,0
BRDA:42,1,0,13
BRDA:42,1,1,13
BRDA:44,2,0,0
BRDA:44,2,1,26
BRF:6
BRH:4
end_of_record
TN:
SF:client/src/components/Related/dummyData.js
FNF:0
FNH:0
DA:2,1
DA:17,1
DA:25,1
DA:145,1
LF:4
LH:4
BRF:0
BRH:0
end_of_record
TN:
SF:client/src/components/Related/index.jsx
FN:9,(anonymous_0)
FNF:1
FNH:0
FNDA:0,(anonymous_0)
DA:9,1
DA:10,0
LF:2
LH:1
BRF:0
BRH:0
end_of_record
TN:
SF:client/src/components/Related/RelatedItems/CardDescription.jsx
FN:4,(anonymous_0)
FNF:1
FNH:0
FNDA:0,(anonymous_0)
DA:4,1
DA:6,0
DA:7,0
DA:8,0
DA:10,0
DA:11,0
DA:12,0
DA:13,0
DA:14,0
DA:18,0
LF:10
LH:1
BRDA:11,0,0,0
BRDA:11,0,1,0
BRF:2
BRH:0
end_of_record
TN:
SF:client/src/components/Related/RelatedItems/CardPicture.jsx
FN:5,(anonymous_0)
FNF:1
FNH:0
FNDA:0,(anonymous_0)
DA:5,1
DA:6,0
LF:2
LH:1
BRF:0
BRH:0
end_of_record
TN:
SF:client/src/components/Related/RelatedItems/ComparisonModal.jsx
FN:4,(anonymous_0)
FN:6,(anonymous_1)
FNF:2
FNH:0
FNDA:0,(anonymous_0)
FNDA:0,(anonymous_1)
DA:4,1
DA:5,0
DA:6,0
LF:3
LH:1
BRF:0
BRH:0
end_of_record
TN:
SF:client/src/components/Related/RelatedItems/ModalButton.jsx
FN:5,(anonymous_0)
FN:8,(anonymous_1)
FN:12,(anonymous_2)
FNF:3
FNH:0
FNDA:0,(anonymous_0)
FNDA:0,(anonymous_1)
FNDA:0,(anonymous_2)
DA:5,1
DA:6,0
DA:8,0
DA:9,0
DA:12,0
DA:13,0
DA:14,0
DA:18,0
LF:8
LH:1
BRDA:13,0,0,0
BRDA:13,0,1,0
BRDA:21,1,0,0
BRDA:21,1,1,0
BRF:4
BRH:0
end_of_record
TN:
SF:client/src/components/Related/RelatedItems/RelatedItemCard.jsx
FN:6,(anonymous_0)
FNF:1
FNH:0
FNDA:0,(anonymous_0)
DA:6,1
DA:8,0
LF:2
LH:1
BRF:0
BRH:0
end_of_record
TN:
SF:client/src/components/Related/RelatedItems/RelatedItemsCarousel.jsx
FN:5,(anonymous_0)
FN:12,(anonymous_1)
FN:17,(anonymous_2)
FN:24,(anonymous_3)
FNF:4
FNH:0
FNDA:0,(anonymous_0)
FNDA:0,(anonymous_1)
FNDA:0,(anonymous_2)
FNDA:0,(anonymous_3)
DA:5,1
DA:7,0
DA:8,0
DA:9,0
DA:12,0
DA:13,0
DA:17,0
DA:18,0
DA:21,0
DA:25,0
LF:10
LH:1
BRDA:18,0,0,0
BRDA:18,0,1,0
BRDA:23,1,0,0
BRDA:23,1,1,0
BRDA:27,2,0,0
BRDA:27,2,1,0
BRF:6
BRH:0
end_of_record
TN:
SF:client/src/components/Related/YourOutfit/AddCard.jsx
FN:4,(anonymous_0)
FNF:1
FNH:0
FNDA:0,(anonymous_0)
DA:4,1
DA:5,0
LF:2
LH:1
BRF:0
BRH:0
end_of_record
TN:
SF:client/src/components/Related/YourOutfit/CardDescription.jsx
FN:4,(anonymous_0)
FNF:1
FNH:0
FNDA:0,(anonymous_0)
DA:4,1
DA:5,0
DA:6,0
DA:7,0
DA:9,0
DA:10,0
DA:11,0
DA:12,0
DA:13,0
DA:17,0
LF:10
LH:1
BRDA:10,0,0,0
BRDA:10,0,1,0
BRF:2
BRH:0
end_of_record
TN:
SF:client/src/components/Related/YourOutfit/CardImage.jsx
FN:4,(anonymous_0)
FNF:1
FNH:0
FNDA:0,(anonymous_0)
DA:4,1
DA:5,0
LF:2
LH:1
BRF:0
BRH:0
end_of_record
TN:
SF:client/src/components/Related/YourOutfit/OutfitCard.jsx
FN:6,(anonymous_0)
FNF:1
FNH:0
FNDA:0,(anonymous_0)
DA:6,1
DA:7,0
LF:2
LH:1
BRF:0
BRH:0
end_of_record
TN:
SF:client/src/components/Related/YourOutfit/YourOutfitCarousel.jsx
FN:6,(anonymous_0)
FN:13,(anonymous_1)
FN:17,(anonymous_2)
FN:25,(anonymous_3)
FNF:4
FNH:0
FNDA:0,(anonymous_0)
FNDA:0,(anonymous_1)
FNDA:0,(anonymous_2)
FNDA:0,(anonymous_3)
DA:6,1
DA:8,0
DA:9,0
DA:10,0
DA:13,0
DA:14,0
DA:17,0
DA:18,0
DA:21,0
DA:26,0
LF:10
LH:1
BRDA:18,0,0,0
BRDA:18,0,1,0
BRDA:23,1,0,0
BRDA:23,1,1,0
BRDA:28,2,0,0
BRDA:28,2,1,0
BRF:6
BRH:0
end_of_record
TN:
SF:client/src/config/config.js
FNF:0
FNH:0
DA:1,12
DA:2,12
LF:2
LH:2
BRF:0
BRH:0
end_of_record
TN:
SF:client/src/helpers/ratingsHelpers.js
FN:5,(anonymous_0)
FN:50,(anonymous_1)
FN:57,(anonymous_2)
FN:62,(anonymous_3)
FN:71,(anonymous_4)
FN:78,(anonymous_5)
FN:86,(anonymous_6)
FN:149,(anonymous_7)
FNF:8
FNH:5
FNDA:46,(anonymous_0)
FNDA:11,(anonymous_1)
FNDA:0,(anonymous_2)
FNDA:11,(anonymous_3)
FNDA:11,(anonymous_4)
FNDA:0,(anonymous_5)
FNDA:0,(anonymous_6)
FNDA:29,(anonymous_7)
DA:5,12
DA:7,46
DA:8,46
DA:9,46
DA:12,46
DA:13,35
DA:16,46
DA:17,0
DA:20,46
DA:21,0
DA:24,46
DA:25,0
DA:28,46
DA:29,0
DA:32,46
DA:33,46
DA:34,12
DA:36,46
DA:37,46
DA:40,46
DA:41,43
DA:42,43
DA:43,172
DA:47,46
DA:50,12
DA:51,11
DA:52,11
DA:53,11
DA:54,0
DA:55,0
DA:57,11
DA:58,11
DA:59,11
DA:62,12
DA:63,11
DA:64,0
DA:65,0
DA:66,0
DA:68,11
DA:71,12
DA:72,11
DA:73,11
DA:74,11
DA:75,0
DA:76,0
DA:78,11
DA:79,11
DA:80,11
DA:81,0
DA:83,11
DA:86,12
DA:88,0
DA:90,0
DA:97,0
DA:99,0
DA:106,0
DA:108,0
DA:115,0
DA:117,0
DA:124,0
DA:126,0
DA:133,0
DA:135,0
DA:142,0
DA:144,0
DA:146,0
DA:149,12
DA:150,29
DA:151,29
DA:152,0
DA:153,0
DA:160,29
LF:72
LH:43
BRDA:12,0,0,35
BRDA:12,0,1,11
BRDA:16,1,0,0
BRDA:16,1,1,46
BRDA:16,2,0,46
BRDA:16,2,1,0
BRDA:20,3,0,0
BRDA:20,3,1,46
BRDA:20,4,0,46
BRDA:20,4,1,0
BRDA:24,5,0,0
BRDA:24,5,1,46
BRDA:24,6,0,46
BRDA:24,6,1,0
BRDA:28,7,0,0
BRDA:28,7,1,46
BRDA:36,8,0,46
BRDA:36,8,1,0
BRDA:40,9,0,43
BRDA:40,9,1,3
BRDA:62,10,0,11
BRDA:63,11,0,0
BRDA:63,11,1,11
BRDA:88,12,0,0
BRDA:88,12,1,0
BRDA:88,12,2,0
BRDA:88,12,3,0
BRDA:88,12,4,0
BRDA:88,12,5,0
BRDA:88,12,6,0
BRF:30
BRH:14
end_of_record
TN:
SF:client/src/helpers/reviewCardHelpers.js
FN:5,(anonymous_0)
FN:15,(anonymous_1)
FNF:2
FNH:2
FNDA:3,(anonymous_0)
FNDA:3,(anonymous_1)
DA:5,4
DA:7,3
DA:8,0
DA:10,3
DA:12,3
DA:15,4
DA:18,3
DA:19,3
DA:20,3
DA:22,0
DA:24,3
LF:11
LH:9
BRDA:7,0,0,0
BRDA:7,0,1,3
BRDA:18,1,0,3
BRDA:18,1,1,0
BRF:4
BRH:2
end_of_record
TN:
SF:client/src/helpers/starRatings.js
FNF:0
FNH:0
DA:4,12
DA:10,12
DA:15,12
DA:20,12
DA:25,12
LF:5
LH:5
BRF:0
BRH:0
end_of_record
TN:
SF:client/src/state/contexts/APIContext.js
FN:11,(anonymous_0)
FN:30,(anonymous_1)
FN:40,(anonymous_2)
FN:55,(anonymous_3)
FN:66,(anonymous_4)
FN:77,(anonymous_5)
FN:88,(anonymous_6)
FN:99,(anonymous_7)
FN:110,(anonymous_8)
FN:121,(anonymous_9)
FN:134,(anonymous_10)
FN:155,(anonymous_11)
FN:166,(anonymous_12)
FN:177,(anonymous_13)
FN:189,(anonymous_14)
FN:200,(anonymous_15)
FNF:16
FNH:6
FNDA:32,(anonymous_0)
FNDA:3,(anonymous_1)
FNDA:11,(anonymous_2)
FNDA:7,(anonymous_3)
FNDA:0,(anonymous_4)
FNDA:0,(anonymous_5)
FNDA:0,(anonymous_6)
FNDA:0,(anonymous_7)
FNDA:0,(anonymous_8)
FNDA:0,(anonymous_9)
FNDA:0,(anonymous_10)
FNDA:12,(anonymous_11)
FNDA:0,(anonymous_12)
FNDA:0,(anonymous_13)
FNDA:6,(anonymous_14)
FNDA:0,(anonymous_15)
DA:9,12
DA:11,12
DA:14,32
DA:15,32
DA:16,32
DA:17,32
DA:19,32
DA:20,32
DA:30,32
DA:31,3
DA:32,3
DA:36,0
DA:40,32
DA:41,11
DA:42,11
DA:45,0
DA:47,0
DA:55,32
DA:56,7
DA:57,7
DA:60,0
DA:62,0
DA:66,32
DA:67,0
DA:68,0
DA:71,0
DA:73,0
DA:77,32
DA:78,0
DA:79,0
DA:82,0
DA:84,0
DA:88,32
DA:89,0
DA:90,0
DA:93,0
DA:95,0
DA:99,32
DA:100,0
DA:101,0
DA:104,0
DA:106,0
DA:110,32
DA:111,0
DA:112,0
DA:115,0
DA:117,0
DA:121,32
DA:122,0
DA:123,0
DA:124,0
DA:127,0
DA:128,0
DA:130,0
DA:134,32
DA:135,0
DA:136,0
DA:137,0
DA:138,0
DA:141,0
DA:142,0
DA:144,0
DA:155,32
DA:156,12
DA:157,12
DA:160,0
DA:162,0
DA:166,32
DA:167,0
DA:168,0
DA:171,0
DA:172,0
DA:174,0
DA:177,32
DA:178,0
DA:179,0
DA:182,0
DA:183,0
DA:185,0
DA:189,32
DA:190,6
DA:191,6
DA:194,0
DA:196,0
DA:200,32
DA:201,0
DA:202,0
DA:203,0
DA:206,0
DA:208,0
DA:212,32
LF:91
LH:34
BRF:0
BRH:0
end_of_record
TN:
SF:client/src/state/contexts/AnswersContext.js
FN:5,(anonymous_0)
FNF:1
FNH:1
FNDA:26,(anonymous_0)
DA:3,12
DA:5,12
DA:6,26
DA:7,26
DA:9,26
LF:5
LH:5
BRF:0
BRH:0
end_of_record
TN:
SF:client/src/state/contexts/ProductContext.js
FN:5,(anonymous_0)
FN:13,(anonymous_1)
FNF:2
FNH:1
FNDA:26,(anonymous_0)
FNDA:0,(anonymous_1)
DA:3,12
DA:5,12
DA:6,26
DA:9,26
DA:11,26
DA:13,26
DA:14,0
DA:17,26
LF:8
LH:7
BRF:0
BRH:0
end_of_record
TN:
SF:client/src/state/contexts/QuestionsContext.js
FN:5,(anonymous_0)
FNF:1
FNH:1
FNDA:26,(anonymous_0)
DA:3,12
DA:5,12
DA:6,26
DA:7,26
DA:9,26
LF:5
LH:5
BRF:0
BRH:0
end_of_record
TN:
SF:client/src/state/contexts/ReviewsContext.js
FN:46,(anonymous_0)
FN:89,(anonymous_1)
FN:93,(anonymous_2)
FN:99,(anonymous_3)
FN:103,(anonymous_4)
FN:106,(anonymous_5)
FN:125,(anonymous_6)
FN:131,(anonymous_7)
FN:135,(anonymous_8)
FN:139,(anonymous_9)
FN:166,(anonymous_10)
FN:178,(anonymous_11)
FN:193,(anonymous_12)
FN:203,(anonymous_13)
FN:212,(anonymous_14)
FN:227,(anonymous_15)
FNF:16
FNH:3
FNDA:32,(anonymous_0)
FNDA:1,(anonymous_1)
FNDA:0,(anonymous_2)
FNDA:0,(anonymous_3)
FNDA:0,(anonymous_4)
FNDA:0,(anonymous_5)
FNDA:0,(anonymous_6)
FNDA:1,(anonymous_7)
FNDA:0,(anonymous_8)
FNDA:0,(anonymous_9)
FNDA:0,(anonymous_10)
FNDA:0,(anonymous_11)
FNDA:0,(anonymous_12)
FNDA:0,(anonymous_13)
FNDA:0,(anonymous_14)
FNDA:0,(anonymous_15)
DA:5,12
DA:44,12
DA:46,12
DA:48,32
DA:49,32
DA:50,32
DA:51,32
DA:52,32
DA:53,32
DA:54,32
DA:55,32
DA:56,32
DA:58,32
DA:59,32
DA:66,32
DA:67,32
DA:68,32
DA:69,32
DA:70,32
DA:81,32
DA:89,32
DA:90,1
DA:91,1
DA:93,32
DA:94,0
DA:95,0
DA:99,32
DA:100,0
DA:103,32
DA:104,0
DA:105,0
DA:106,0
DA:107,0
DA:108,0
DA:110,0
DA:112,0
DA:118,0
DA:119,0
DA:125,32
DA:126,0
DA:127,0
DA:131,32
DA:132,1
DA:135,32
DA:136,0
DA:139,32
DA:140,0
DA:141,0
DA:142,0
DA:143,0
DA:144,0
DA:145,0
DA:149,0
DA:150,0
DA:151,0
DA:152,0
DA:162,0
DA:166,32
DA:167,0
DA:172,0
DA:178,32
DA:179,0
DA:184,0
DA:188,0
DA:189,0
DA:193,32
DA:194,0
DA:203,32
DA:204,0
DA:205,0
DA:206,0
DA:212,32
DA:213,0
DA:214,0
DA:215,0
DA:216,0
DA:218,0
DA:219,0
DA:221,0
DA:227,32
DA:228,0
DA:229,0
DA:235,0
DA:236,0
DA:237,0
DA:239,0
DA:240,0
DA:241,0
DA:243,0
DA:244,0
DA:245,0
DA:247,0
DA:248,0
DA:249,0
DA:251,0
DA:252,0
DA:255,0
DA:258,32
LF:98
LH:38
BRDA:104,0,0,0
BRDA:104,0,1,0
BRDA:105,1,0,0
BRDA:105,1,1,0
BRDA:107,2,0,0
BRDA:107,2,1,0
BRDA:150,3,0,0
BRDA:150,3,1,0
BRDA:151,4,0,0
BRDA:151,4,1,0
BRDA:188,5,0,0
BRDA:188,5,1,0
BRDA:214,6,0,0
BRDA:214,6,1,0
BRDA:235,7,0,0
BRDA:235,7,1,0
BRDA:239,8,0,0
BRDA:239,8,1,0
BRDA:243,9,0,0
BRDA:243,9,1,0
BRDA:247,10,0,0
BRDA:247,10,1,0
BRDA:247,11,0,0
BRDA:247,11,1,0
BRDA:251,12,0,0
BRDA:251,12,1,0
BRF:26
BRH:0
end_of_record
TN:
SF:client/src/state/contexts/RootContext.js
FN:8,(anonymous_0)
FNF:1
FNH:1
FNDA:30,(anonymous_0)
DA:8,11
DA:9,30
LF:2
LH:2
BRF:0
BRH:0
end_of_record
